Copyright 1986-2018 Xilinx, Inc. All Rights Reserved.
---------------------------------------------------------------------------------------------
| Tool Version : Vivado v.2018.3 (lin64) Build 2405991 Thu Dec  6 23:36:41 MST 2018
| Date         : Mon Jul  1 21:47:04 2019
| Host         : andrea-X580VD running 64-bit Ubuntu 18.04.2 LTS
| Command      : report_control_sets -verbose -file design_1_wrapper_control_sets_placed.rpt
| Design       : design_1_wrapper
| Device       : xc7z010
---------------------------------------------------------------------------------------------

Control Set Information

Table of Contents
-----------------
1. Summary
2. Histogram
3. Flip-Flop Distribution
4. Detailed Control Set Information

1. Summary
----------

+----------------------------------------------------------+-------+
|                          Status                          | Count |
+----------------------------------------------------------+-------+
| Number of unique control sets                            |   105 |
| Unused register locations in slices containing registers |   117 |
+----------------------------------------------------------+-------+


2. Histogram
------------

+--------+--------------+
| Fanout | Control Sets |
+--------+--------------+
|      1 |            1 |
|      2 |            1 |
|      4 |            9 |
|      5 |            3 |
|      6 |            1 |
|      8 |           65 |
|     10 |            1 |
|     13 |            2 |
|     14 |            2 |
|     15 |            1 |
|    16+ |           19 |
+--------+--------------+


3. Flip-Flop Distribution
-------------------------

+--------------+-----------------------+------------------------+-----------------+--------------+
| Clock Enable | Synchronous Set/Reset | Asynchronous Set/Reset | Total Registers | Total Slices |
+--------------+-----------------------+------------------------+-----------------+--------------+
| No           | No                    | No                     |             142 |           49 |
| No           | No                    | Yes                    |               0 |            0 |
| No           | Yes                   | No                     |              98 |           39 |
| Yes          | No                    | No                     |             430 |          129 |
| Yes          | No                    | Yes                    |               0 |            0 |
| Yes          | Yes                   | No                     |             637 |          192 |
+--------------+-----------------------+------------------------+-----------------+--------------+


4. Detailed Control Set Information
-----------------------------------

+-------------------------------------------------+----------------------------------------------------------------------------------------------------------------------------------------------------------------+-------------------------------------------------------------------------------------------------------------------------------------------------------+------------------+----------------+
|                   Clock Signal                  |                                                                          Enable Signal                                                                         |                                                                    Set/Reset Signal                                                                   | Slice Load Count | Bel Load Count |
+-------------------------------------------------+----------------------------------------------------------------------------------------------------------------------------------------------------------------+-------------------------------------------------------------------------------------------------------------------------------------------------------+------------------+----------------+
|  design_1_i/processing_system7_0/inst/FCLK_CLK0 | design_1_i/ps7_0_axi_periph/s00_couplers/auto_pc/inst/gen_axilite.gen_b2s_conv.axilite_b2s/WR.aw_channel_0/aw_cmd_fsm_0/state_reg[0]_1                         | design_1_i/ps7_0_axi_periph/s00_couplers/auto_pc/inst/gen_axilite.gen_b2s_conv.axilite_b2s/WR.aw_channel_0/aw_cmd_fsm_0/state_reg[0]_0                |                1 |              1 |
|  design_1_i/processing_system7_0/inst/FCLK_CLK0 | design_1_i/ps7_0_axi_periph/s00_couplers/auto_pc/inst/gen_axilite.gen_b2s_conv.axilite_b2s/WR.b_channel_0/bid_fifo_0/sel                                       |                                                                                                                                                       |                1 |              2 |
|  design_1_i/processing_system7_0/inst/FCLK_CLK0 | design_1_i/GPIO_0/U0/GPIO_v1_0_S00_AXI_inst/slv_reg7[3]_i_1_n_0                                                                                                | design_1_i/GPIO_0/U0/GPIO_v1_0_S00_AXI_inst/interrupt_i_1_n_0                                                                                         |                1 |              4 |
|  design_1_i/processing_system7_0/inst/FCLK_CLK0 | design_1_i/GPIO_1/U0/GPIO_v1_0_S00_AXI_inst/pending_intr[3]_i_1_n_0                                                                                            |                                                                                                                                                       |                2 |              4 |
|  design_1_i/processing_system7_0/inst/FCLK_CLK0 | design_1_i/GPIO_2/U0/GPIO_v1_0_S00_AXI_inst/pending_intr[3]_i_1_n_0                                                                                            |                                                                                                                                                       |                2 |              4 |
|  design_1_i/processing_system7_0/inst/FCLK_CLK0 | design_1_i/GPIO_1/U0/GPIO_v1_0_S00_AXI_inst/slv_reg7[3]_i_1_n_0                                                                                                | design_1_i/GPIO_1/U0/GPIO_v1_0_S00_AXI_inst/interrupt_i_1_n_0                                                                                         |                1 |              4 |
|  design_1_i/processing_system7_0/inst/FCLK_CLK0 | design_1_i/GPIO_0/U0/GPIO_v1_0_S00_AXI_inst/pending_intr[3]_i_1_n_0                                                                                            |                                                                                                                                                       |                2 |              4 |
|  design_1_i/processing_system7_0/inst/FCLK_CLK0 | design_1_i/GPIO_2/U0/GPIO_v1_0_S00_AXI_inst/slv_reg7[3]_i_1_n_0                                                                                                | design_1_i/GPIO_2/U0/GPIO_v1_0_S00_AXI_inst/interrupt_i_1_n_0                                                                                         |                1 |              4 |
|  design_1_i/processing_system7_0/inst/FCLK_CLK0 |                                                                                                                                                                | design_1_i/rst_ps7_0_50M/U0/EXT_LPF/lpf_int                                                                                                           |                1 |              4 |
|  design_1_i/processing_system7_0/inst/FCLK_CLK0 |                                                                                                                                                                | design_1_i/ps7_0_axi_periph/s00_couplers/auto_pc/inst/gen_axilite.gen_b2s_conv.axilite_b2s/SI_REG/aw.aw_pipe/aresetn_d_reg[0]_0                       |                4 |              4 |
|  design_1_i/processing_system7_0/inst/FCLK_CLK0 |                                                                                                                                                                | design_1_i/ps7_0_axi_periph/s00_couplers/auto_pc/inst/gen_axilite.gen_b2s_conv.axilite_b2s/SI_REG/ar.ar_pipe/aresetn_d_reg[1]_inv_0                   |                4 |              4 |
|  design_1_i/processing_system7_0/inst/FCLK_CLK0 | design_1_i/ps7_0_axi_periph/s00_couplers/auto_pc/inst/gen_axilite.gen_b2s_conv.axilite_b2s/RD.ar_channel_0/ar_cmd_fsm_0/m_valid_i_reg                          | design_1_i/ps7_0_axi_periph/s00_couplers/auto_pc/inst/gen_axilite.gen_b2s_conv.axilite_b2s/RD.ar_channel_0/ar_cmd_fsm_0/FSM_sequential_state_reg[0]_0 |                3 |              5 |
|  design_1_i/processing_system7_0/inst/FCLK_CLK0 | design_1_i/ps7_0_axi_periph/s00_couplers/auto_pc/inst/gen_axilite.gen_b2s_conv.axilite_b2s/RD.r_channel_0/rd_data_fifo_0/cnt_read[4]_i_1_n_0                   | design_1_i/ps7_0_axi_periph/s00_couplers/auto_pc/inst/gen_axilite.gen_b2s_conv.axilite_b2s/areset_d1                                                  |                2 |              5 |
|  design_1_i/processing_system7_0/inst/FCLK_CLK0 | design_1_i/ps7_0_axi_periph/s00_couplers/auto_pc/inst/gen_axilite.gen_b2s_conv.axilite_b2s/RD.r_channel_0/rd_data_fifo_0/E[0]                                  | design_1_i/ps7_0_axi_periph/s00_couplers/auto_pc/inst/gen_axilite.gen_b2s_conv.axilite_b2s/areset_d1                                                  |                1 |              5 |
|  design_1_i/processing_system7_0/inst/FCLK_CLK0 | design_1_i/rst_ps7_0_50M/U0/SEQ/seq_cnt_en                                                                                                                     | design_1_i/rst_ps7_0_50M/U0/SEQ/SEQ_COUNTER/clear                                                                                                     |                2 |              6 |
|  design_1_i/processing_system7_0/inst/FCLK_CLK0 | design_1_i/GPIO_1/U0/GPIO_v1_0_S00_AXI_inst/slv_reg1[7]_i_1_n_0                                                                                                | design_1_i/GPIO_1/U0/GPIO_v1_0_S00_AXI_inst/interrupt_i_1_n_0                                                                                         |                2 |              8 |
|  design_1_i/processing_system7_0/inst/FCLK_CLK0 | design_1_i/GPIO_2/U0/GPIO_v1_0_S00_AXI_inst/slv_reg4[15]_i_1_n_0                                                                                               | design_1_i/GPIO_2/U0/GPIO_v1_0_S00_AXI_inst/interrupt_i_1_n_0                                                                                         |                1 |              8 |
|  design_1_i/processing_system7_0/inst/FCLK_CLK0 | design_1_i/GPIO_1/U0/GPIO_v1_0_S00_AXI_inst/slv_reg1[31]_i_1_n_0                                                                                               | design_1_i/GPIO_1/U0/GPIO_v1_0_S00_AXI_inst/interrupt_i_1_n_0                                                                                         |                2 |              8 |
|  design_1_i/processing_system7_0/inst/FCLK_CLK0 | design_1_i/GPIO_1/U0/GPIO_v1_0_S00_AXI_inst/slv_reg1[23]_i_1_n_0                                                                                               | design_1_i/GPIO_1/U0/GPIO_v1_0_S00_AXI_inst/interrupt_i_1_n_0                                                                                         |                2 |              8 |
|  design_1_i/processing_system7_0/inst/FCLK_CLK0 | design_1_i/GPIO_0/U0/GPIO_v1_0_S00_AXI_inst/slv_reg1[31]_i_1_n_0                                                                                               | design_1_i/GPIO_0/U0/GPIO_v1_0_S00_AXI_inst/interrupt_i_1_n_0                                                                                         |                2 |              8 |
|  design_1_i/processing_system7_0/inst/FCLK_CLK0 | design_1_i/GPIO_1/U0/GPIO_v1_0_S00_AXI_inst/slv_reg1[15]_i_1_n_0                                                                                               | design_1_i/GPIO_1/U0/GPIO_v1_0_S00_AXI_inst/interrupt_i_1_n_0                                                                                         |                5 |              8 |
|  design_1_i/processing_system7_0/inst/FCLK_CLK0 | design_1_i/GPIO_1/U0/GPIO_v1_0_S00_AXI_inst/slv_reg0[7]_i_1_n_0                                                                                                | design_1_i/GPIO_1/U0/GPIO_v1_0_S00_AXI_inst/interrupt_i_1_n_0                                                                                         |                2 |              8 |
|  design_1_i/processing_system7_0/inst/FCLK_CLK0 | design_1_i/GPIO_1/U0/GPIO_v1_0_S00_AXI_inst/slv_reg0[31]_i_1_n_0                                                                                               | design_1_i/GPIO_1/U0/GPIO_v1_0_S00_AXI_inst/interrupt_i_1_n_0                                                                                         |                1 |              8 |
|  design_1_i/processing_system7_0/inst/FCLK_CLK0 | design_1_i/GPIO_1/U0/GPIO_v1_0_S00_AXI_inst/slv_reg0[23]_i_1_n_0                                                                                               | design_1_i/GPIO_1/U0/GPIO_v1_0_S00_AXI_inst/interrupt_i_1_n_0                                                                                         |                2 |              8 |
|  design_1_i/processing_system7_0/inst/FCLK_CLK0 | design_1_i/GPIO_1/U0/GPIO_v1_0_S00_AXI_inst/slv_reg0[15]_i_1_n_0                                                                                               | design_1_i/GPIO_1/U0/GPIO_v1_0_S00_AXI_inst/interrupt_i_1_n_0                                                                                         |                1 |              8 |
|  design_1_i/processing_system7_0/inst/FCLK_CLK0 | design_1_i/GPIO_0/U0/GPIO_v1_0_S00_AXI_inst/slv_reg0[23]_i_1_n_0                                                                                               | design_1_i/GPIO_0/U0/GPIO_v1_0_S00_AXI_inst/interrupt_i_1_n_0                                                                                         |                1 |              8 |
|  design_1_i/processing_system7_0/inst/FCLK_CLK0 | design_1_i/GPIO_0/U0/GPIO_v1_0_S00_AXI_inst/slv_reg0[7]_i_1_n_0                                                                                                | design_1_i/GPIO_0/U0/GPIO_v1_0_S00_AXI_inst/interrupt_i_1_n_0                                                                                         |                3 |              8 |
|  design_1_i/processing_system7_0/inst/FCLK_CLK0 | design_1_i/GPIO_0/U0/GPIO_v1_0_S00_AXI_inst/slv_reg1[15]_i_1_n_0                                                                                               | design_1_i/GPIO_0/U0/GPIO_v1_0_S00_AXI_inst/interrupt_i_1_n_0                                                                                         |                1 |              8 |
|  design_1_i/processing_system7_0/inst/FCLK_CLK0 | design_1_i/GPIO_0/U0/GPIO_v1_0_S00_AXI_inst/slv_reg1[23]_i_1_n_0                                                                                               | design_1_i/GPIO_0/U0/GPIO_v1_0_S00_AXI_inst/interrupt_i_1_n_0                                                                                         |                3 |              8 |
|  design_1_i/processing_system7_0/inst/FCLK_CLK0 | design_1_i/GPIO_0/U0/GPIO_v1_0_S00_AXI_inst/slv_reg0[31]_i_1_n_0                                                                                               | design_1_i/GPIO_0/U0/GPIO_v1_0_S00_AXI_inst/interrupt_i_1_n_0                                                                                         |                1 |              8 |
|  design_1_i/processing_system7_0/inst/FCLK_CLK0 | design_1_i/GPIO_1/U0/GPIO_v1_0_S00_AXI_inst/slv_reg5[7]_i_1_n_0                                                                                                | design_1_i/GPIO_1/U0/GPIO_v1_0_S00_AXI_inst/interrupt_i_1_n_0                                                                                         |                3 |              8 |
|  design_1_i/processing_system7_0/inst/FCLK_CLK0 | design_1_i/ps7_0_axi_periph/s00_couplers/auto_pc/inst/gen_axilite.gen_b2s_conv.axilite_b2s/WR.b_channel_0/mhandshake_r                                         | design_1_i/ps7_0_axi_periph/s00_couplers/auto_pc/inst/gen_axilite.gen_b2s_conv.axilite_b2s/WR.b_channel_0/bid_fifo_0/SR[0]                            |                3 |              8 |
|  design_1_i/processing_system7_0/inst/FCLK_CLK0 | design_1_i/ps7_0_axi_periph/s00_couplers/auto_pc/inst/gen_axilite.gen_b2s_conv.axilite_b2s/WR.aw_channel_0/aw_cmd_fsm_0/E[0]                                   |                                                                                                                                                       |                3 |              8 |
|  design_1_i/processing_system7_0/inst/FCLK_CLK0 | design_1_i/ps7_0_axi_periph/s00_couplers/auto_pc/inst/gen_axilite.gen_b2s_conv.axilite_b2s/WR.aw_channel_0/cmd_translator_0/incr_cmd_0/axaddr_incr[11]_i_1_n_0 |                                                                                                                                                       |                2 |              8 |
|  design_1_i/processing_system7_0/inst/FCLK_CLK0 | design_1_i/ps7_0_axi_periph/s00_couplers/auto_pc/inst/gen_axilite.gen_b2s_conv.axilite_b2s/RD.ar_channel_0/ar_cmd_fsm_0/sel_first_reg_1[0]                     |                                                                                                                                                       |                2 |              8 |
|  design_1_i/processing_system7_0/inst/FCLK_CLK0 | design_1_i/ps7_0_axi_periph/s00_couplers/auto_pc/inst/gen_axilite.gen_b2s_conv.axilite_b2s/RD.ar_channel_0/ar_cmd_fsm_0/E[0]                                   |                                                                                                                                                       |                5 |              8 |
|  design_1_i/processing_system7_0/inst/FCLK_CLK0 | design_1_i/GPIO_0/U0/GPIO_v1_0_S00_AXI_inst/slv_reg0[15]_i_1_n_0                                                                                               | design_1_i/GPIO_0/U0/GPIO_v1_0_S00_AXI_inst/interrupt_i_1_n_0                                                                                         |                1 |              8 |
|  design_1_i/processing_system7_0/inst/FCLK_CLK0 | design_1_i/GPIO_0/U0/GPIO_v1_0_S00_AXI_inst/slv_reg1[7]_i_1_n_0                                                                                                | design_1_i/GPIO_0/U0/GPIO_v1_0_S00_AXI_inst/interrupt_i_1_n_0                                                                                         |                3 |              8 |
|  design_1_i/processing_system7_0/inst/FCLK_CLK0 | design_1_i/GPIO_1/U0/GPIO_v1_0_S00_AXI_inst/p_1_in[23]                                                                                                         | design_1_i/GPIO_1/U0/GPIO_v1_0_S00_AXI_inst/interrupt_i_1_n_0                                                                                         |                3 |              8 |
|  design_1_i/processing_system7_0/inst/FCLK_CLK0 | design_1_i/GPIO_2/U0/GPIO_v1_0_S00_AXI_inst/slv_reg4[23]_i_1_n_0                                                                                               | design_1_i/GPIO_2/U0/GPIO_v1_0_S00_AXI_inst/interrupt_i_1_n_0                                                                                         |                3 |              8 |
|  design_1_i/processing_system7_0/inst/FCLK_CLK0 | design_1_i/GPIO_1/U0/GPIO_v1_0_S00_AXI_inst/slv_reg5[31]_i_1_n_0                                                                                               | design_1_i/GPIO_1/U0/GPIO_v1_0_S00_AXI_inst/interrupt_i_1_n_0                                                                                         |                2 |              8 |
|  design_1_i/processing_system7_0/inst/FCLK_CLK0 | design_1_i/GPIO_1/U0/GPIO_v1_0_S00_AXI_inst/slv_reg5[23]_i_1_n_0                                                                                               | design_1_i/GPIO_1/U0/GPIO_v1_0_S00_AXI_inst/interrupt_i_1_n_0                                                                                         |                2 |              8 |
|  design_1_i/processing_system7_0/inst/FCLK_CLK0 | design_1_i/GPIO_1/U0/GPIO_v1_0_S00_AXI_inst/slv_reg5[15]_i_1_n_0                                                                                               | design_1_i/GPIO_1/U0/GPIO_v1_0_S00_AXI_inst/interrupt_i_1_n_0                                                                                         |                2 |              8 |
|  design_1_i/processing_system7_0/inst/FCLK_CLK0 | design_1_i/GPIO_2/U0/GPIO_v1_0_S00_AXI_inst/p_1_in[15]                                                                                                         | design_1_i/GPIO_2/U0/GPIO_v1_0_S00_AXI_inst/interrupt_i_1_n_0                                                                                         |                2 |              8 |
|  design_1_i/processing_system7_0/inst/FCLK_CLK0 | design_1_i/GPIO_2/U0/GPIO_v1_0_S00_AXI_inst/p_1_in[0]                                                                                                          | design_1_i/GPIO_2/U0/GPIO_v1_0_S00_AXI_inst/interrupt_i_1_n_0                                                                                         |                2 |              8 |
|  design_1_i/processing_system7_0/inst/FCLK_CLK0 | design_1_i/GPIO_2/U0/GPIO_v1_0_S00_AXI_inst/slv_reg4[7]_i_1_n_0                                                                                                | design_1_i/GPIO_2/U0/GPIO_v1_0_S00_AXI_inst/interrupt_i_1_n_0                                                                                         |                2 |              8 |
|  design_1_i/processing_system7_0/inst/FCLK_CLK0 | design_1_i/GPIO_2/U0/GPIO_v1_0_S00_AXI_inst/slv_reg4[31]_i_1_n_0                                                                                               | design_1_i/GPIO_2/U0/GPIO_v1_0_S00_AXI_inst/interrupt_i_1_n_0                                                                                         |                1 |              8 |
|  design_1_i/processing_system7_0/inst/FCLK_CLK0 | design_1_i/GPIO_2/U0/GPIO_v1_0_S00_AXI_inst/slv_reg1[31]_i_1_n_0                                                                                               | design_1_i/GPIO_2/U0/GPIO_v1_0_S00_AXI_inst/interrupt_i_1_n_0                                                                                         |                4 |              8 |
|  design_1_i/processing_system7_0/inst/FCLK_CLK0 | design_1_i/GPIO_0/U0/GPIO_v1_0_S00_AXI_inst/slv_reg5[7]_i_1_n_0                                                                                                | design_1_i/GPIO_0/U0/GPIO_v1_0_S00_AXI_inst/interrupt_i_1_n_0                                                                                         |                2 |              8 |
|  design_1_i/processing_system7_0/inst/FCLK_CLK0 | design_1_i/GPIO_0/U0/GPIO_v1_0_S00_AXI_inst/p_1_in[0]                                                                                                          | design_1_i/GPIO_0/U0/GPIO_v1_0_S00_AXI_inst/interrupt_i_1_n_0                                                                                         |                2 |              8 |
|  design_1_i/processing_system7_0/inst/FCLK_CLK0 | design_1_i/GPIO_0/U0/GPIO_v1_0_S00_AXI_inst/p_1_in[15]                                                                                                         | design_1_i/GPIO_0/U0/GPIO_v1_0_S00_AXI_inst/interrupt_i_1_n_0                                                                                         |                3 |              8 |
|  design_1_i/processing_system7_0/inst/FCLK_CLK0 | design_1_i/GPIO_0/U0/GPIO_v1_0_S00_AXI_inst/p_1_in[23]                                                                                                         | design_1_i/GPIO_0/U0/GPIO_v1_0_S00_AXI_inst/interrupt_i_1_n_0                                                                                         |                2 |              8 |
|  design_1_i/processing_system7_0/inst/FCLK_CLK0 | design_1_i/GPIO_0/U0/GPIO_v1_0_S00_AXI_inst/p_1_in[31]                                                                                                         | design_1_i/GPIO_0/U0/GPIO_v1_0_S00_AXI_inst/interrupt_i_1_n_0                                                                                         |                3 |              8 |
|  design_1_i/processing_system7_0/inst/FCLK_CLK0 | design_1_i/GPIO_2/U0/GPIO_v1_0_S00_AXI_inst/slv_reg0[31]_i_1_n_0                                                                                               | design_1_i/GPIO_2/U0/GPIO_v1_0_S00_AXI_inst/interrupt_i_1_n_0                                                                                         |                2 |              8 |
|  design_1_i/processing_system7_0/inst/FCLK_CLK0 | design_1_i/GPIO_0/U0/GPIO_v1_0_S00_AXI_inst/slv_reg4[15]_i_1_n_0                                                                                               | design_1_i/GPIO_0/U0/GPIO_v1_0_S00_AXI_inst/interrupt_i_1_n_0                                                                                         |                2 |              8 |
|  design_1_i/processing_system7_0/inst/FCLK_CLK0 | design_1_i/GPIO_0/U0/GPIO_v1_0_S00_AXI_inst/slv_reg4[31]_i_1_n_0                                                                                               | design_1_i/GPIO_0/U0/GPIO_v1_0_S00_AXI_inst/interrupt_i_1_n_0                                                                                         |                2 |              8 |
|  design_1_i/processing_system7_0/inst/FCLK_CLK0 | design_1_i/GPIO_0/U0/GPIO_v1_0_S00_AXI_inst/slv_reg4[23]_i_1_n_0                                                                                               | design_1_i/GPIO_0/U0/GPIO_v1_0_S00_AXI_inst/interrupt_i_1_n_0                                                                                         |                2 |              8 |
|  design_1_i/processing_system7_0/inst/FCLK_CLK0 | design_1_i/GPIO_2/U0/GPIO_v1_0_S00_AXI_inst/slv_reg1[23]_i_1_n_0                                                                                               | design_1_i/GPIO_2/U0/GPIO_v1_0_S00_AXI_inst/interrupt_i_1_n_0                                                                                         |                2 |              8 |
|  design_1_i/processing_system7_0/inst/FCLK_CLK0 | design_1_i/GPIO_2/U0/GPIO_v1_0_S00_AXI_inst/slv_reg1[15]_i_1_n_0                                                                                               | design_1_i/GPIO_2/U0/GPIO_v1_0_S00_AXI_inst/interrupt_i_1_n_0                                                                                         |                3 |              8 |
|  design_1_i/processing_system7_0/inst/FCLK_CLK0 | design_1_i/GPIO_2/U0/GPIO_v1_0_S00_AXI_inst/slv_reg0[7]_i_1_n_0                                                                                                | design_1_i/GPIO_2/U0/GPIO_v1_0_S00_AXI_inst/interrupt_i_1_n_0                                                                                         |                2 |              8 |
|  design_1_i/processing_system7_0/inst/FCLK_CLK0 | design_1_i/GPIO_2/U0/GPIO_v1_0_S00_AXI_inst/slv_reg0[23]_i_1_n_0                                                                                               | design_1_i/GPIO_2/U0/GPIO_v1_0_S00_AXI_inst/interrupt_i_1_n_0                                                                                         |                2 |              8 |
|  design_1_i/processing_system7_0/inst/FCLK_CLK0 | design_1_i/GPIO_2/U0/GPIO_v1_0_S00_AXI_inst/slv_reg0[15]_i_1_n_0                                                                                               | design_1_i/GPIO_2/U0/GPIO_v1_0_S00_AXI_inst/interrupt_i_1_n_0                                                                                         |                3 |              8 |
|  design_1_i/processing_system7_0/inst/FCLK_CLK0 | design_1_i/GPIO_2/U0/GPIO_v1_0_S00_AXI_inst/slv_reg1[7]_i_1_n_0                                                                                                | design_1_i/GPIO_2/U0/GPIO_v1_0_S00_AXI_inst/interrupt_i_1_n_0                                                                                         |                1 |              8 |
|  design_1_i/processing_system7_0/inst/FCLK_CLK0 | design_1_i/GPIO_0/U0/GPIO_v1_0_S00_AXI_inst/slv_reg4[7]_i_1_n_0                                                                                                | design_1_i/GPIO_0/U0/GPIO_v1_0_S00_AXI_inst/interrupt_i_1_n_0                                                                                         |                2 |              8 |
|  design_1_i/processing_system7_0/inst/FCLK_CLK0 | design_1_i/GPIO_1/U0/GPIO_v1_0_S00_AXI_inst/p_1_in[31]                                                                                                         | design_1_i/GPIO_1/U0/GPIO_v1_0_S00_AXI_inst/interrupt_i_1_n_0                                                                                         |                2 |              8 |
|  design_1_i/processing_system7_0/inst/FCLK_CLK0 | design_1_i/GPIO_1/U0/GPIO_v1_0_S00_AXI_inst/p_1_in[0]                                                                                                          | design_1_i/GPIO_1/U0/GPIO_v1_0_S00_AXI_inst/interrupt_i_1_n_0                                                                                         |                2 |              8 |
|  design_1_i/processing_system7_0/inst/FCLK_CLK0 | design_1_i/GPIO_0/U0/GPIO_v1_0_S00_AXI_inst/slv_reg5[31]_i_1_n_0                                                                                               | design_1_i/GPIO_0/U0/GPIO_v1_0_S00_AXI_inst/interrupt_i_1_n_0                                                                                         |                2 |              8 |
|  design_1_i/processing_system7_0/inst/FCLK_CLK0 | design_1_i/GPIO_1/U0/GPIO_v1_0_S00_AXI_inst/p_1_in[15]                                                                                                         | design_1_i/GPIO_1/U0/GPIO_v1_0_S00_AXI_inst/interrupt_i_1_n_0                                                                                         |                3 |              8 |
|  design_1_i/processing_system7_0/inst/FCLK_CLK0 | design_1_i/GPIO_2/U0/GPIO_v1_0_S00_AXI_inst/p_1_in[31]                                                                                                         | design_1_i/GPIO_2/U0/GPIO_v1_0_S00_AXI_inst/interrupt_i_1_n_0                                                                                         |                2 |              8 |
|  design_1_i/processing_system7_0/inst/FCLK_CLK0 | design_1_i/GPIO_2/U0/GPIO_v1_0_S00_AXI_inst/p_1_in[23]                                                                                                         | design_1_i/GPIO_2/U0/GPIO_v1_0_S00_AXI_inst/interrupt_i_1_n_0                                                                                         |                2 |              8 |
|  design_1_i/processing_system7_0/inst/FCLK_CLK0 | design_1_i/GPIO_2/U0/GPIO_v1_0_S00_AXI_inst/slv_reg5[31]_i_1_n_0                                                                                               | design_1_i/GPIO_2/U0/GPIO_v1_0_S00_AXI_inst/interrupt_i_1_n_0                                                                                         |                3 |              8 |
|  design_1_i/processing_system7_0/inst/FCLK_CLK0 | design_1_i/GPIO_2/U0/GPIO_v1_0_S00_AXI_inst/slv_reg5[23]_i_1_n_0                                                                                               | design_1_i/GPIO_2/U0/GPIO_v1_0_S00_AXI_inst/interrupt_i_1_n_0                                                                                         |                2 |              8 |
|  design_1_i/processing_system7_0/inst/FCLK_CLK0 | design_1_i/GPIO_2/U0/GPIO_v1_0_S00_AXI_inst/slv_reg5[15]_i_1_n_0                                                                                               | design_1_i/GPIO_2/U0/GPIO_v1_0_S00_AXI_inst/interrupt_i_1_n_0                                                                                         |                1 |              8 |
|  design_1_i/processing_system7_0/inst/FCLK_CLK0 | design_1_i/GPIO_1/U0/GPIO_v1_0_S00_AXI_inst/slv_reg4[7]_i_1_n_0                                                                                                | design_1_i/GPIO_1/U0/GPIO_v1_0_S00_AXI_inst/interrupt_i_1_n_0                                                                                         |                1 |              8 |
|  design_1_i/processing_system7_0/inst/FCLK_CLK0 | design_1_i/GPIO_1/U0/GPIO_v1_0_S00_AXI_inst/slv_reg4[31]_i_1_n_0                                                                                               | design_1_i/GPIO_1/U0/GPIO_v1_0_S00_AXI_inst/interrupt_i_1_n_0                                                                                         |                1 |              8 |
|  design_1_i/processing_system7_0/inst/FCLK_CLK0 | design_1_i/GPIO_1/U0/GPIO_v1_0_S00_AXI_inst/slv_reg4[23]_i_1_n_0                                                                                               | design_1_i/GPIO_1/U0/GPIO_v1_0_S00_AXI_inst/interrupt_i_1_n_0                                                                                         |                1 |              8 |
|  design_1_i/processing_system7_0/inst/FCLK_CLK0 | design_1_i/GPIO_1/U0/GPIO_v1_0_S00_AXI_inst/slv_reg4[15]_i_1_n_0                                                                                               | design_1_i/GPIO_1/U0/GPIO_v1_0_S00_AXI_inst/interrupt_i_1_n_0                                                                                         |                2 |              8 |
|  design_1_i/processing_system7_0/inst/FCLK_CLK0 | design_1_i/GPIO_0/U0/GPIO_v1_0_S00_AXI_inst/slv_reg5[15]_i_1_n_0                                                                                               | design_1_i/GPIO_0/U0/GPIO_v1_0_S00_AXI_inst/interrupt_i_1_n_0                                                                                         |                2 |              8 |
|  design_1_i/processing_system7_0/inst/FCLK_CLK0 | design_1_i/GPIO_0/U0/GPIO_v1_0_S00_AXI_inst/slv_reg5[23]_i_1_n_0                                                                                               | design_1_i/GPIO_0/U0/GPIO_v1_0_S00_AXI_inst/interrupt_i_1_n_0                                                                                         |                1 |              8 |
|  design_1_i/processing_system7_0/inst/FCLK_CLK0 | design_1_i/GPIO_2/U0/GPIO_v1_0_S00_AXI_inst/slv_reg5[7]_i_1_n_0                                                                                                | design_1_i/GPIO_2/U0/GPIO_v1_0_S00_AXI_inst/interrupt_i_1_n_0                                                                                         |                1 |              8 |
|  design_1_i/processing_system7_0/inst/FCLK_CLK0 |                                                                                                                                                                | design_1_i/ps7_0_axi_periph/s00_couplers/auto_pc/inst/gen_axilite.gen_b2s_conv.axilite_b2s/areset_d1                                                  |                4 |             10 |
|  design_1_i/processing_system7_0/inst/FCLK_CLK0 | design_1_i/ps7_0_axi_periph/s00_couplers/auto_pc/inst/gen_axilite.gen_b2s_conv.axilite_b2s/RD.r_channel_0/r_push_r                                             |                                                                                                                                                       |                4 |             13 |
|  design_1_i/processing_system7_0/inst/FCLK_CLK0 |                                                                                                                                                                | design_1_i/ps7_0_axi_periph/xbar/inst/gen_sasd.crossbar_sasd_0/addr_arbiter_inst/SR[0]                                                                |                4 |             13 |
|  design_1_i/processing_system7_0/inst/FCLK_CLK0 | design_1_i/ps7_0_axi_periph/s00_couplers/auto_pc/inst/gen_axilite.gen_b2s_conv.axilite_b2s/SI_REG/b.b_pipe/p_1_in                                              |                                                                                                                                                       |                2 |             14 |
|  design_1_i/processing_system7_0/inst/FCLK_CLK0 | design_1_i/ps7_0_axi_periph/s00_couplers/auto_pc/inst/gen_axilite.gen_b2s_conv.axilite_b2s/SI_REG/b.b_pipe/s_ready_i_reg_0                                     |                                                                                                                                                       |                2 |             14 |
|  design_1_i/processing_system7_0/inst/FCLK_CLK0 | design_1_i/ps7_0_axi_periph/xbar/inst/gen_sasd.crossbar_sasd_0/reg_slice_r/aa_rready                                                                           |                                                                                                                                                       |                7 |             15 |
|  design_1_i/processing_system7_0/inst/FCLK_CLK0 | design_1_i/ps7_0_axi_periph/s00_couplers/auto_pc/inst/gen_axilite.gen_b2s_conv.axilite_b2s/WR.aw_channel_0/aw_cmd_fsm_0/b_push                                 |                                                                                                                                                       |                3 |             16 |
|  design_1_i/processing_system7_0/inst/FCLK_CLK0 | design_1_i/ps7_0_axi_periph/s00_couplers/auto_pc/inst/gen_axilite.gen_b2s_conv.axilite_b2s/RD.ar_channel_0/ar_cmd_fsm_0/m_valid_i_reg                          |                                                                                                                                                       |                8 |             17 |
|  design_1_i/processing_system7_0/inst/FCLK_CLK0 | design_1_i/ps7_0_axi_periph/xbar/inst/gen_sasd.crossbar_sasd_0/addr_arbiter_inst/p_0_in1_in                                                                    | design_1_i/ps7_0_axi_periph/xbar/inst/gen_sasd.crossbar_sasd_0/addr_arbiter_inst/SR[0]                                                                |                7 |             19 |
|  design_1_i/processing_system7_0/inst/FCLK_CLK0 |                                                                                                                                                                | design_1_i/GPIO_1/U0/GPIO_v1_0_S00_AXI_inst/interrupt_i_1_n_0                                                                                         |                8 |             21 |
|  design_1_i/processing_system7_0/inst/FCLK_CLK0 | design_1_i/ps7_0_axi_periph/s00_couplers/auto_pc/inst/gen_axilite.gen_b2s_conv.axilite_b2s/WR.aw_channel_0/aw_cmd_fsm_0/state_reg[0]_1                         |                                                                                                                                                       |                8 |             21 |
|  design_1_i/processing_system7_0/inst/FCLK_CLK0 |                                                                                                                                                                | design_1_i/GPIO_0/U0/GPIO_v1_0_S00_AXI_inst/interrupt_i_1_n_0                                                                                         |                7 |             21 |
|  design_1_i/processing_system7_0/inst/FCLK_CLK0 |                                                                                                                                                                | design_1_i/GPIO_2/U0/GPIO_v1_0_S00_AXI_inst/interrupt_i_1_n_0                                                                                         |                7 |             21 |
|  design_1_i/processing_system7_0/inst/FCLK_CLK0 | design_1_i/GPIO_2/U0/GPIO_v1_0_S00_AXI_inst/slv_reg_rden                                                                                                       | design_1_i/GPIO_2/U0/GPIO_v1_0_S00_AXI_inst/interrupt_i_1_n_0                                                                                         |               18 |             32 |
|  design_1_i/processing_system7_0/inst/FCLK_CLK0 | design_1_i/GPIO_1/U0/GPIO_v1_0_S00_AXI_inst/slv_reg_rden                                                                                                       | design_1_i/GPIO_1/U0/GPIO_v1_0_S00_AXI_inst/interrupt_i_1_n_0                                                                                         |               15 |             32 |
|  design_1_i/processing_system7_0/inst/FCLK_CLK0 | design_1_i/GPIO_0/U0/GPIO_v1_0_S00_AXI_inst/slv_reg_rden                                                                                                       | design_1_i/GPIO_0/U0/GPIO_v1_0_S00_AXI_inst/interrupt_i_1_n_0                                                                                         |               15 |             32 |
|  design_1_i/processing_system7_0/inst/FCLK_CLK0 | design_1_i/ps7_0_axi_periph/s00_couplers/auto_pc/inst/gen_axilite.gen_b2s_conv.axilite_b2s/RD.r_channel_0/rd_data_fifo_0/wr_en0                                |                                                                                                                                                       |                9 |             34 |
|  design_1_i/processing_system7_0/inst/FCLK_CLK0 | design_1_i/ps7_0_axi_periph/xbar/inst/gen_sasd.crossbar_sasd_0/addr_arbiter_inst/E[0]                                                                          |                                                                                                                                                       |                9 |             35 |
|  design_1_i/processing_system7_0/inst/FCLK_CLK0 | design_1_i/ps7_0_axi_periph/s00_couplers/auto_pc/inst/gen_axilite.gen_b2s_conv.axilite_b2s/WR.aw_channel_0/aw_cmd_fsm_0/m_valid_i_reg[0]                       |                                                                                                                                                       |               10 |             44 |
|  design_1_i/processing_system7_0/inst/FCLK_CLK0 | design_1_i/ps7_0_axi_periph/s00_couplers/auto_pc/inst/gen_axilite.gen_b2s_conv.axilite_b2s/RD.ar_channel_0/ar_cmd_fsm_0/FSM_sequential_state_reg[1]_0[0]       |                                                                                                                                                       |               13 |             44 |
|  design_1_i/processing_system7_0/inst/FCLK_CLK0 | design_1_i/ps7_0_axi_periph/s00_couplers/auto_pc/inst/gen_axilite.gen_b2s_conv.axilite_b2s/SI_REG/ar.ar_pipe/s_ready_i_reg_0                                   |                                                                                                                                                       |               14 |             44 |
|  design_1_i/processing_system7_0/inst/FCLK_CLK0 | design_1_i/ps7_0_axi_periph/s00_couplers/auto_pc/inst/gen_axilite.gen_b2s_conv.axilite_b2s/SI_REG/aw.aw_pipe/s_ready_i_reg_0                                   |                                                                                                                                                       |               13 |             44 |
|  design_1_i/processing_system7_0/inst/FCLK_CLK0 | design_1_i/ps7_0_axi_periph/s00_couplers/auto_pc/inst/gen_axilite.gen_b2s_conv.axilite_b2s/SI_REG/r.r_pipe/p_1_in                                              |                                                                                                                                                       |               12 |             47 |
|  design_1_i/processing_system7_0/inst/FCLK_CLK0 | design_1_i/ps7_0_axi_periph/s00_couplers/auto_pc/inst/gen_axilite.gen_b2s_conv.axilite_b2s/SI_REG/r.r_pipe/s_ready_i_reg_0                                     |                                                                                                                                                       |               13 |             47 |
|  design_1_i/processing_system7_0/inst/FCLK_CLK0 |                                                                                                                                                                |                                                                                                                                                       |               50 |            143 |
+-------------------------------------------------+----------------------------------------------------------------------------------------------------------------------------------------------------------------+-------------------------------------------------------------------------------------------------------------------------------------------------------+------------------+----------------+


