20:15:25 INFO  : Launching XSCT server: xsct -n -interactive /home/saverio/zybo/uart_ip/uart_ip.sdk/temp_xsdb_launch_script.tcl
20:15:26 INFO  : XSCT server has started successfully.
20:15:26 INFO  : Successfully done setting XSCT server connection channel  
20:15:26 INFO  : Successfully done setting SDK workspace  
20:15:27 INFO  : Registering command handlers for SDK TCF services
20:15:27 INFO  : Processing command line option -hwspec /home/saverio/zybo/uart_ip/uart_ip.sdk/uart_wrapper.hdf.
20:16:46 INFO  : Connected to target on host '127.0.0.1' and port '3121'.
20:16:47 INFO  : Jtag cable 'Digilent Zybo 210279651570A' is selected.
20:16:47 INFO  : 'jtag frequency' command is executed.
20:16:47 INFO  : Sourcing of '/home/saverio/zybo/uart_ip/uart_ip.sdk/uart_wrapper_hw_platform_0/ps7_init.tcl' is done.
20:16:47 INFO  : Context for 'APU' is selected.
20:16:47 INFO  : System reset is completed.
20:16:50 INFO  : 'after 3000' command is executed.
20:16:50 INFO  : 'targets -set -filter {jtag_cable_name =~ "Digilent Zybo 210279651570A" && level==0} -index 1' command is executed.
20:16:51 INFO  : FPGA configured successfully with bitstream "/home/saverio/zybo/uart_ip/uart_ip.sdk/uart_wrapper_hw_platform_0/uart_wrapper.bit"
20:16:51 INFO  : Context for 'APU' is selected.
20:16:51 INFO  : Hardware design information is loaded from '/home/saverio/zybo/uart_ip/uart_ip.sdk/uart_wrapper_hw_platform_0/system.hdf'.
20:16:51 INFO  : 'configparams force-mem-access 1' command is executed.
20:16:52 INFO  : Context for 'APU' is selected.
20:16:52 INFO  : 'ps7_init' command is executed.
20:16:52 INFO  : 'ps7_post_config' command is executed.
20:16:52 INFO  : Context for processor 'ps7_cortexa9_0' is selected.
20:16:52 INFO  : The application '/home/saverio/zybo/uart_ip/uart_ip.sdk/prova_uart/Debug/prova_uart.elf' is downloaded to processor 'ps7_cortexa9_0'.
20:16:52 INFO  : 'configparams force-mem-access 0' command is executed.
20:16:52 INFO  : ----------------XSDB Script----------------
connect -url tcp:127.0.0.1:3121
source /home/saverio/zybo/uart_ip/uart_ip.sdk/uart_wrapper_hw_platform_0/ps7_init.tcl
targets -set -nocase -filter {name =~"APU*" && jtag_cable_name =~ "Digilent Zybo 210279651570A"} -index 0
rst -system
after 3000
targets -set -filter {jtag_cable_name =~ "Digilent Zybo 210279651570A" && level==0} -index 1
fpga -file /home/saverio/zybo/uart_ip/uart_ip.sdk/uart_wrapper_hw_platform_0/uart_wrapper.bit
targets -set -nocase -filter {name =~"APU*" && jtag_cable_name =~ "Digilent Zybo 210279651570A"} -index 0
loadhw -hw /home/saverio/zybo/uart_ip/uart_ip.sdk/uart_wrapper_hw_platform_0/system.hdf -mem-ranges [list {0x40000000 0xbfffffff}]
configparams force-mem-access 1
targets -set -nocase -filter {name =~"APU*" && jtag_cable_name =~ "Digilent Zybo 210279651570A"} -index 0
ps7_init
ps7_post_config
targets -set -nocase -filter {name =~ "ARM*#0" && jtag_cable_name =~ "Digilent Zybo 210279651570A"} -index 0
dow /home/saverio/zybo/uart_ip/uart_ip.sdk/prova_uart/Debug/prova_uart.elf
configparams force-mem-access 0
----------------End of Script----------------

20:16:52 INFO  : Memory regions updated for context APU
20:16:52 INFO  : Context for processor 'ps7_cortexa9_0' is selected.
20:16:52 INFO  : 'con' command is executed.
20:16:52 INFO  : ----------------XSDB Script (After Launch)----------------
targets -set -nocase -filter {name =~ "ARM*#0" && jtag_cable_name =~ "Digilent Zybo 210279651570A"} -index 0
con
----------------End of Script----------------

20:16:52 INFO  : Launch script is exported to file '/home/saverio/zybo/uart_ip/uart_ip.sdk/.sdk/launch_scripts/xilinx_c-c++_application_(system_debugger)/system_debugger_using_debug_prova_uart.elf_on_local.tcl'
20:18:09 INFO  : Disconnected from the channel tcfchan#1.
20:18:10 INFO  : Connected to target on host '127.0.0.1' and port '3121'.
20:18:10 INFO  : Jtag cable 'Digilent Zybo 210279651570A' is selected.
20:18:10 INFO  : 'jtag frequency' command is executed.
20:18:10 INFO  : Sourcing of '/home/saverio/zybo/uart_ip/uart_ip.sdk/uart_wrapper_hw_platform_0/ps7_init.tcl' is done.
20:18:10 INFO  : Context for 'APU' is selected.
20:18:10 INFO  : System reset is completed.
20:18:13 INFO  : 'after 3000' command is executed.
20:18:13 INFO  : 'targets -set -filter {jtag_cable_name =~ "Digilent Zybo 210279651570A" && level==0} -index 1' command is executed.
20:18:15 INFO  : FPGA configured successfully with bitstream "/home/saverio/zybo/uart_ip/uart_ip.sdk/uart_wrapper_hw_platform_0/uart_wrapper.bit"
20:18:15 INFO  : Context for 'APU' is selected.
20:18:16 INFO  : Hardware design information is loaded from '/home/saverio/zybo/uart_ip/uart_ip.sdk/uart_wrapper_hw_platform_0/system.hdf'.
20:18:16 INFO  : 'configparams force-mem-access 1' command is executed.
20:18:16 INFO  : Context for 'APU' is selected.
20:18:16 INFO  : 'ps7_init' command is executed.
20:18:16 INFO  : 'ps7_post_config' command is executed.
20:18:16 INFO  : Context for processor 'ps7_cortexa9_0' is selected.
20:18:16 INFO  : The application '/home/saverio/zybo/uart_ip/uart_ip.sdk/prova_uart/Debug/prova_uart.elf' is downloaded to processor 'ps7_cortexa9_0'.
20:18:16 INFO  : 'configparams force-mem-access 0' command is executed.
20:18:16 INFO  : ----------------XSDB Script----------------
connect -url tcp:127.0.0.1:3121
source /home/saverio/zybo/uart_ip/uart_ip.sdk/uart_wrapper_hw_platform_0/ps7_init.tcl
targets -set -nocase -filter {name =~"APU*" && jtag_cable_name =~ "Digilent Zybo 210279651570A"} -index 0
rst -system
after 3000
targets -set -filter {jtag_cable_name =~ "Digilent Zybo 210279651570A" && level==0} -index 1
fpga -file /home/saverio/zybo/uart_ip/uart_ip.sdk/uart_wrapper_hw_platform_0/uart_wrapper.bit
targets -set -nocase -filter {name =~"APU*" && jtag_cable_name =~ "Digilent Zybo 210279651570A"} -index 0
loadhw -hw /home/saverio/zybo/uart_ip/uart_ip.sdk/uart_wrapper_hw_platform_0/system.hdf -mem-ranges [list {0x40000000 0xbfffffff}]
configparams force-mem-access 1
targets -set -nocase -filter {name =~"APU*" && jtag_cable_name =~ "Digilent Zybo 210279651570A"} -index 0
ps7_init
ps7_post_config
targets -set -nocase -filter {name =~ "ARM*#0" && jtag_cable_name =~ "Digilent Zybo 210279651570A"} -index 0
dow /home/saverio/zybo/uart_ip/uart_ip.sdk/prova_uart/Debug/prova_uart.elf
configparams force-mem-access 0
----------------End of Script----------------

20:18:16 INFO  : Memory regions updated for context APU
20:18:16 INFO  : Context for processor 'ps7_cortexa9_0' is selected.
20:18:16 INFO  : 'con' command is executed.
20:18:16 INFO  : ----------------XSDB Script (After Launch)----------------
targets -set -nocase -filter {name =~ "ARM*#0" && jtag_cable_name =~ "Digilent Zybo 210279651570A"} -index 0
con
----------------End of Script----------------

20:18:16 INFO  : Launch script is exported to file '/home/saverio/zybo/uart_ip/uart_ip.sdk/.sdk/launch_scripts/xilinx_c-c++_application_(system_debugger)/system_debugger_using_debug_prova_uart.elf_on_local.tcl'
20:32:49 INFO  : Disconnected from the channel tcfchan#2.
20:33:16 INFO  : Registering command handlers for SDK TCF services
20:33:17 INFO  : Launching XSCT server: xsct -n -interactive /home/saverio/zybo/uart_ip/uart_ip.sdk/temp_xsdb_launch_script.tcl
20:33:19 INFO  : XSCT server has started successfully.
20:33:19 INFO  : Successfully done setting XSCT server connection channel  
20:33:19 INFO  : Successfully done setting SDK workspace  
20:33:19 INFO  : Processing command line option -hwspec /home/saverio/zybo/uart_ip/uart_ip.sdk/uart_wrapper.hdf.
20:33:19 INFO  : Checking for hwspec changes in the project uart_wrapper_hw_platform_0.
20:33:21 INFO  : SDK has detected change in the last modified timestamps for source hardware specification file Source:1555353175000,  Project:1555352050000
20:33:21 INFO  : The hardware specification for project 'uart_wrapper_hw_platform_0' is different from /home/saverio/zybo/uart_ip/uart_ip.sdk/uart_wrapper.hdf.
20:33:21 INFO  : Copied contents of /home/saverio/zybo/uart_ip/uart_ip.sdk/uart_wrapper.hdf into /uart_wrapper_hw_platform_0/system.hdf.
20:33:23 INFO  : Synchronizing projects in the workspace with the hardware platform specification changes.
20:33:24 INFO  : 
20:33:25 INFO  : Updating hardware inferred compiler options for prova_uart.
20:33:25 INFO  : Clearing existing target manager status.
20:33:51 INFO  : Connected to target on host '127.0.0.1' and port '3121'.
20:33:51 INFO  : Jtag cable 'Digilent Zybo 210279651570A' is selected.
20:33:51 INFO  : 'jtag frequency' command is executed.
20:33:51 INFO  : Sourcing of '/home/saverio/zybo/uart_ip/uart_ip.sdk/uart_wrapper_hw_platform_0/ps7_init.tcl' is done.
20:33:51 INFO  : Context for 'APU' is selected.
20:33:52 INFO  : System reset is completed.
20:33:55 INFO  : 'after 3000' command is executed.
20:33:55 INFO  : 'targets -set -filter {jtag_cable_name =~ "Digilent Zybo 210279651570A" && level==0} -index 1' command is executed.
20:33:56 INFO  : FPGA configured successfully with bitstream "/home/saverio/zybo/uart_ip/uart_ip.sdk/uart_wrapper_hw_platform_0/uart_wrapper.bit"
20:33:56 INFO  : Context for 'APU' is selected.
20:33:56 INFO  : Hardware design information is loaded from '/home/saverio/zybo/uart_ip/uart_ip.sdk/uart_wrapper_hw_platform_0/system.hdf'.
20:33:56 INFO  : 'configparams force-mem-access 1' command is executed.
20:33:56 INFO  : Context for 'APU' is selected.
20:33:56 INFO  : 'ps7_init' command is executed.
20:33:56 INFO  : 'ps7_post_config' command is executed.
20:33:56 INFO  : Context for processor 'ps7_cortexa9_0' is selected.
20:33:56 INFO  : The application '/home/saverio/zybo/uart_ip/uart_ip.sdk/prova_uart/Debug/prova_uart.elf' is downloaded to processor 'ps7_cortexa9_0'.
20:33:56 INFO  : 'configparams force-mem-access 0' command is executed.
20:33:56 INFO  : ----------------XSDB Script----------------
connect -url tcp:127.0.0.1:3121
source /home/saverio/zybo/uart_ip/uart_ip.sdk/uart_wrapper_hw_platform_0/ps7_init.tcl
targets -set -nocase -filter {name =~"APU*" && jtag_cable_name =~ "Digilent Zybo 210279651570A"} -index 0
rst -system
after 3000
targets -set -filter {jtag_cable_name =~ "Digilent Zybo 210279651570A" && level==0} -index 1
fpga -file /home/saverio/zybo/uart_ip/uart_ip.sdk/uart_wrapper_hw_platform_0/uart_wrapper.bit
targets -set -nocase -filter {name =~"APU*" && jtag_cable_name =~ "Digilent Zybo 210279651570A"} -index 0
loadhw -hw /home/saverio/zybo/uart_ip/uart_ip.sdk/uart_wrapper_hw_platform_0/system.hdf -mem-ranges [list {0x40000000 0xbfffffff}]
configparams force-mem-access 1
targets -set -nocase -filter {name =~"APU*" && jtag_cable_name =~ "Digilent Zybo 210279651570A"} -index 0
ps7_init
ps7_post_config
targets -set -nocase -filter {name =~ "ARM*#0" && jtag_cable_name =~ "Digilent Zybo 210279651570A"} -index 0
dow /home/saverio/zybo/uart_ip/uart_ip.sdk/prova_uart/Debug/prova_uart.elf
configparams force-mem-access 0
----------------End of Script----------------

20:33:56 INFO  : Memory regions updated for context APU
20:33:56 INFO  : Context for processor 'ps7_cortexa9_0' is selected.
20:33:56 INFO  : 'con' command is executed.
20:33:56 INFO  : ----------------XSDB Script (After Launch)----------------
targets -set -nocase -filter {name =~ "ARM*#0" && jtag_cable_name =~ "Digilent Zybo 210279651570A"} -index 0
con
----------------End of Script----------------

20:33:56 INFO  : Launch script is exported to file '/home/saverio/zybo/uart_ip/uart_ip.sdk/.sdk/launch_scripts/xilinx_c-c++_application_(system_debugger)/system_debugger_using_debug_prova_uart.elf_on_local.tcl'
21:39:44 INFO  : Disconnected from the channel tcfchan#1.
22:03:18 INFO  : Registering command handlers for SDK TCF services
22:03:19 INFO  : Launching XSCT server: xsct -n -interactive /home/saverio/zybo/uart_ip/uart_ip.sdk/temp_xsdb_launch_script.tcl
22:03:21 INFO  : XSCT server has started successfully.
22:03:21 INFO  : Successfully done setting XSCT server connection channel  
22:03:21 INFO  : Successfully done setting SDK workspace  
22:03:21 INFO  : Processing command line option -hwspec /home/saverio/zybo/uart_ip/uart_ip.sdk/uart_wrapper.hdf.
22:03:21 INFO  : Checking for hwspec changes in the project uart_wrapper_hw_platform_0.
22:03:23 INFO  : SDK has detected change in the last modified timestamps for source hardware specification file Source:1555358568000,  Project:1555353175000
22:03:23 INFO  : The hardware specification for project 'uart_wrapper_hw_platform_0' is different from /home/saverio/zybo/uart_ip/uart_ip.sdk/uart_wrapper.hdf.
22:03:23 INFO  : Copied contents of /home/saverio/zybo/uart_ip/uart_ip.sdk/uart_wrapper.hdf into /uart_wrapper_hw_platform_0/system.hdf.
22:03:31 ERROR : Interrupted exception while waiting for the completion of command '::hsi::utils::openhw /tmp/system4622413231509521009.hdf'
22:03:31 ERROR : Failed to openhw "/tmp/system4622413231509521009.hdf"
java.lang.InterruptedException
	at java.lang.Object.wait(Native Method)
	at java.lang.Object.wait(Object.java:502)
	at com.xilinx.sdk.xsdb.XsdbCommandWaitHandler.waitForCompletion(XsdbCommandWaitHandler.java:51)
	at com.xilinx.sdk.xsdb.XSDBCommandManager.issueAndWait(XSDBCommandManager.java:401)
	at com.xilinx.sdk.xsdb.XsdbCommandUtils.executeAndRespond(XsdbCommandUtils.java:307)
	at com.xilinx.sdk.hw.internal.HwPlatform.openHw(HwPlatform.java:367)
	at com.xilinx.sdk.hw.internal.HwPlatform.<init>(HwPlatform.java:354)
	at com.xilinx.sdk.hw.internal.HwSpecFactory.createHwSpec(HwSpecFactory.java:55)
	at com.xilinx.sdk.hw.sync.HwSpecChangeUtil.performChange(HwSpecChangeUtil.java:124)
	at com.xilinx.sdk.startup.InitSDK$16.run(InitSDK.java:544)
	at org.eclipse.swt.widgets.RunnableLock.run(RunnableLock.java:35)
	at org.eclipse.swt.widgets.Synchronizer.runAsyncMessages(Synchronizer.java:182)
	at org.eclipse.swt.widgets.Display.runAsyncMessages(Display.java:4528)
	at org.eclipse.swt.widgets.Display.readAndDispatch(Display.java:4146)
	at org.eclipse.e4.ui.internal.workbench.swt.PartRenderingEngine$4.run(PartRenderingEngine.java:1121)
	at org.eclipse.core.databinding.observable.Realm.runWithDefault(Realm.java:336)
	at org.eclipse.e4.ui.internal.workbench.swt.PartRenderingEngine.run(PartRenderingEngine.java:1022)
	at org.eclipse.e4.ui.internal.workbench.E4Workbench.createAndRunUI(E4Workbench.java:150)
	at org.eclipse.ui.internal.Workbench$5.run(Workbench.java:687)
	at org.eclipse.core.databinding.observable.Realm.runWithDefault(Realm.java:336)
	at org.eclipse.ui.internal.Workbench.createAndRunWorkbench(Workbench.java:604)
	at org.eclipse.ui.PlatformUI.createAndRunWorkbench(PlatformUI.java:148)
	at org.eclipse.ui.internal.ide.application.IDEApplication.start(IDEApplication.java:138)
	at org.eclipse.equinox.internal.app.EclipseAppHandle.run(EclipseAppHandle.java:196)
	at org.eclipse.core.runtime.internal.adaptor.EclipseAppLauncher.runApplication(EclipseAppLauncher.java:134)
	at org.eclipse.core.runtime.internal.adaptor.EclipseAppLauncher.start(EclipseAppLauncher.java:104)
	at org.eclipse.core.runtime.adaptor.EclipseStarter.run(EclipseStarter.java:388)
	at org.eclipse.core.runtime.adaptor.EclipseStarter.run(EclipseStarter.java:243)
	at sun.reflect.NativeMethodAccessorImpl.invoke0(Native Method)
	at sun.reflect.NativeMethodAccessorImpl.invoke(NativeMethodAccessorImpl.java:62)
	at sun.reflect.DelegatingMethodAccessorImpl.invoke(DelegatingMethodAccessorImpl.java:43)
	at java.lang.reflect.Method.invoke(Method.java:498)
	at org.eclipse.equinox.launcher.Main.invokeFramework(Main.java:673)
	at org.eclipse.equinox.launcher.Main.basicRun(Main.java:610)
	at org.eclipse.equinox.launcher.Main.run(Main.java:1519)
	at org.eclipse.equinox.launcher.Main.main(Main.java:1492)
22:03:31 INFO  : Synchronizing projects in the workspace with the hardware platform specification changes.
22:03:49 INFO  : Connected to target on host '127.0.0.1' and port '3121'.
22:03:49 INFO  : Jtag cable 'Digilent Zybo 210279651570A' is selected.
22:03:49 INFO  : 'jtag frequency' command is executed.
22:03:49 INFO  : Sourcing of '/home/saverio/zybo/uart_ip/uart_ip.sdk/uart_wrapper_hw_platform_0/ps7_init.tcl' is done.
22:03:49 INFO  : Context for 'APU' is selected.
22:03:50 INFO  : System reset is completed.
22:03:53 INFO  : 'after 3000' command is executed.
22:03:53 INFO  : 'targets -set -filter {jtag_cable_name =~ "Digilent Zybo 210279651570A" && level==0} -index 1' command is executed.
22:03:54 INFO  : FPGA configured successfully with bitstream "/home/saverio/zybo/uart_ip/uart_ip.sdk/uart_wrapper_hw_platform_0/uart_wrapper.bit"
22:03:54 INFO  : Context for 'APU' is selected.
22:03:54 INFO  : Hardware design information is loaded from '/home/saverio/zybo/uart_ip/uart_ip.sdk/uart_wrapper_hw_platform_0/system.hdf'.
22:03:54 INFO  : 'configparams force-mem-access 1' command is executed.
22:03:54 INFO  : Context for 'APU' is selected.
22:03:54 INFO  : 'ps7_init' command is executed.
22:03:54 INFO  : 'ps7_post_config' command is executed.
22:03:54 INFO  : Context for processor 'ps7_cortexa9_0' is selected.
22:03:54 INFO  : The application '/home/saverio/zybo/uart_ip/uart_ip.sdk/prova_uart/Debug/prova_uart.elf' is downloaded to processor 'ps7_cortexa9_0'.
22:03:54 INFO  : 'configparams force-mem-access 0' command is executed.
22:03:54 INFO  : ----------------XSDB Script----------------
connect -url tcp:127.0.0.1:3121
source /home/saverio/zybo/uart_ip/uart_ip.sdk/uart_wrapper_hw_platform_0/ps7_init.tcl
targets -set -nocase -filter {name =~"APU*" && jtag_cable_name =~ "Digilent Zybo 210279651570A"} -index 0
rst -system
after 3000
targets -set -filter {jtag_cable_name =~ "Digilent Zybo 210279651570A" && level==0} -index 1
fpga -file /home/saverio/zybo/uart_ip/uart_ip.sdk/uart_wrapper_hw_platform_0/uart_wrapper.bit
targets -set -nocase -filter {name =~"APU*" && jtag_cable_name =~ "Digilent Zybo 210279651570A"} -index 0
loadhw -hw /home/saverio/zybo/uart_ip/uart_ip.sdk/uart_wrapper_hw_platform_0/system.hdf -mem-ranges [list {0x40000000 0xbfffffff}]
configparams force-mem-access 1
targets -set -nocase -filter {name =~"APU*" && jtag_cable_name =~ "Digilent Zybo 210279651570A"} -index 0
ps7_init
ps7_post_config
targets -set -nocase -filter {name =~ "ARM*#0" && jtag_cable_name =~ "Digilent Zybo 210279651570A"} -index 0
dow /home/saverio/zybo/uart_ip/uart_ip.sdk/prova_uart/Debug/prova_uart.elf
configparams force-mem-access 0
----------------End of Script----------------

22:03:55 INFO  : Memory regions updated for context APU
22:03:55 INFO  : Context for processor 'ps7_cortexa9_0' is selected.
22:03:55 INFO  : 'con' command is executed.
22:03:55 INFO  : ----------------XSDB Script (After Launch)----------------
targets -set -nocase -filter {name =~ "ARM*#0" && jtag_cable_name =~ "Digilent Zybo 210279651570A"} -index 0
con
----------------End of Script----------------

22:03:55 INFO  : Launch script is exported to file '/home/saverio/zybo/uart_ip/uart_ip.sdk/.sdk/launch_scripts/xilinx_c-c++_application_(system_debugger)/system_debugger_using_debug_prova_uart.elf_on_local.tcl'
22:19:58 INFO  : Disconnected from the channel tcfchan#1.
22:39:45 INFO  : Registering command handlers for SDK TCF services
22:39:46 INFO  : Launching XSCT server: xsct -n -interactive /home/saverio/zybo/uart_ip/uart_ip.sdk/temp_xsdb_launch_script.tcl
22:39:48 INFO  : XSCT server has started successfully.
22:39:48 INFO  : Successfully done setting XSCT server connection channel  
22:39:48 INFO  : Successfully done setting SDK workspace  
22:39:48 INFO  : Processing command line option -hwspec /home/saverio/zybo/uart_ip/uart_ip.sdk/uart_wrapper.hdf.
22:39:48 INFO  : Checking for hwspec changes in the project uart_wrapper_hw_platform_0.
22:39:50 INFO  : SDK has detected change in the last modified timestamps for source hardware specification file Source:1555360764000,  Project:1555358568000
22:39:50 INFO  : The hardware specification for project 'uart_wrapper_hw_platform_0' is different from /home/saverio/zybo/uart_ip/uart_ip.sdk/uart_wrapper.hdf.
22:39:50 INFO  : Copied contents of /home/saverio/zybo/uart_ip/uart_ip.sdk/uart_wrapper.hdf into /uart_wrapper_hw_platform_0/system.hdf.
22:39:52 INFO  : Synchronizing projects in the workspace with the hardware platform specification changes.
22:39:53 INFO  : 
22:39:54 INFO  : Updating hardware inferred compiler options for prova_uart.
22:39:54 INFO  : Clearing existing target manager status.
22:39:59 INFO  : Connected to target on host '127.0.0.1' and port '3121'.
22:39:59 INFO  : Jtag cable 'Digilent Zybo 210279651570A' is selected.
22:39:59 INFO  : 'jtag frequency' command is executed.
22:39:59 INFO  : Sourcing of '/home/saverio/zybo/uart_ip/uart_ip.sdk/uart_wrapper_hw_platform_0/ps7_init.tcl' is done.
22:39:59 INFO  : Context for 'APU' is selected.
22:39:59 INFO  : System reset is completed.
22:40:02 INFO  : 'after 3000' command is executed.
22:40:03 INFO  : 'targets -set -filter {jtag_cable_name =~ "Digilent Zybo 210279651570A" && level==0} -index 1' command is executed.
22:40:04 INFO  : FPGA configured successfully with bitstream "/home/saverio/zybo/uart_ip/uart_ip.sdk/uart_wrapper_hw_platform_0/uart_wrapper.bit"
22:40:04 INFO  : Context for 'APU' is selected.
22:40:04 INFO  : Hardware design information is loaded from '/home/saverio/zybo/uart_ip/uart_ip.sdk/uart_wrapper_hw_platform_0/system.hdf'.
22:40:04 INFO  : 'configparams force-mem-access 1' command is executed.
22:40:04 INFO  : Context for 'APU' is selected.
22:40:04 INFO  : 'ps7_init' command is executed.
22:40:04 INFO  : 'ps7_post_config' command is executed.
22:40:04 INFO  : Context for processor 'ps7_cortexa9_0' is selected.
22:40:04 INFO  : The application '/home/saverio/zybo/uart_ip/uart_ip.sdk/prova_uart/Debug/prova_uart.elf' is downloaded to processor 'ps7_cortexa9_0'.
22:40:04 INFO  : 'configparams force-mem-access 0' command is executed.
22:40:04 INFO  : ----------------XSDB Script----------------
connect -url tcp:127.0.0.1:3121
source /home/saverio/zybo/uart_ip/uart_ip.sdk/uart_wrapper_hw_platform_0/ps7_init.tcl
targets -set -nocase -filter {name =~"APU*" && jtag_cable_name =~ "Digilent Zybo 210279651570A"} -index 0
rst -system
after 3000
targets -set -filter {jtag_cable_name =~ "Digilent Zybo 210279651570A" && level==0} -index 1
fpga -file /home/saverio/zybo/uart_ip/uart_ip.sdk/uart_wrapper_hw_platform_0/uart_wrapper.bit
targets -set -nocase -filter {name =~"APU*" && jtag_cable_name =~ "Digilent Zybo 210279651570A"} -index 0
loadhw -hw /home/saverio/zybo/uart_ip/uart_ip.sdk/uart_wrapper_hw_platform_0/system.hdf -mem-ranges [list {0x40000000 0xbfffffff}]
configparams force-mem-access 1
targets -set -nocase -filter {name =~"APU*" && jtag_cable_name =~ "Digilent Zybo 210279651570A"} -index 0
ps7_init
ps7_post_config
targets -set -nocase -filter {name =~ "ARM*#0" && jtag_cable_name =~ "Digilent Zybo 210279651570A"} -index 0
dow /home/saverio/zybo/uart_ip/uart_ip.sdk/prova_uart/Debug/prova_uart.elf
configparams force-mem-access 0
----------------End of Script----------------

22:40:04 INFO  : Memory regions updated for context APU
22:40:04 INFO  : Context for processor 'ps7_cortexa9_0' is selected.
22:40:05 INFO  : 'con' command is executed.
22:40:05 INFO  : ----------------XSDB Script (After Launch)----------------
targets -set -nocase -filter {name =~ "ARM*#0" && jtag_cable_name =~ "Digilent Zybo 210279651570A"} -index 0
con
----------------End of Script----------------

22:40:05 INFO  : Launch script is exported to file '/home/saverio/zybo/uart_ip/uart_ip.sdk/.sdk/launch_scripts/xilinx_c-c++_application_(system_debugger)/system_debugger_using_debug_prova_uart.elf_on_local.tcl'
22:41:18 INFO  : Disconnected from the channel tcfchan#1.
22:54:15 INFO  : Registering command handlers for SDK TCF services
22:54:16 INFO  : Launching XSCT server: xsct -n -interactive /home/saverio/zybo/uart_ip/uart_ip.sdk/temp_xsdb_launch_script.tcl
22:54:18 INFO  : XSCT server has started successfully.
22:54:18 INFO  : Successfully done setting XSCT server connection channel  
22:54:18 INFO  : Successfully done setting SDK workspace  
22:54:18 INFO  : Processing command line option -hwspec /home/saverio/zybo/uart_ip/uart_ip.sdk/uart_wrapper.hdf.
22:54:18 INFO  : Checking for hwspec changes in the project uart_wrapper_hw_platform_0.
22:54:20 INFO  : SDK has detected change in the last modified timestamps for source hardware specification file Source:1555361635000,  Project:1555360764000
22:54:20 INFO  : The hardware specification for project 'uart_wrapper_hw_platform_0' is different from /home/saverio/zybo/uart_ip/uart_ip.sdk/uart_wrapper.hdf.
22:54:20 INFO  : Copied contents of /home/saverio/zybo/uart_ip/uart_ip.sdk/uart_wrapper.hdf into /uart_wrapper_hw_platform_0/system.hdf.
22:54:29 INFO  : Synchronizing projects in the workspace with the hardware platform specification changes.
22:54:30 INFO  : 
22:54:30 INFO  : Updating hardware inferred compiler options for prova_uart.
22:54:32 INFO  : Clearing existing target manager status.
22:54:32 INFO  : Connected to target on host '127.0.0.1' and port '3121'.
22:54:32 INFO  : Jtag cable 'Digilent Zybo 210279651570A' is selected.
22:54:32 INFO  : 'jtag frequency' command is executed.
22:54:32 INFO  : Sourcing of '/home/saverio/zybo/uart_ip/uart_ip.sdk/uart_wrapper_hw_platform_0/ps7_init.tcl' is done.
22:54:32 INFO  : Context for 'APU' is selected.
22:54:33 INFO  : System reset is completed.
22:54:36 INFO  : 'after 3000' command is executed.
22:54:36 INFO  : 'targets -set -filter {jtag_cable_name =~ "Digilent Zybo 210279651570A" && level==0} -index 1' command is executed.
22:54:37 INFO  : FPGA configured successfully with bitstream "/home/saverio/zybo/uart_ip/uart_ip.sdk/uart_wrapper_hw_platform_0/uart_wrapper.bit"
22:54:37 INFO  : Context for 'APU' is selected.
22:54:37 INFO  : Hardware design information is loaded from '/home/saverio/zybo/uart_ip/uart_ip.sdk/uart_wrapper_hw_platform_0/system.hdf'.
22:54:37 INFO  : 'configparams force-mem-access 1' command is executed.
22:54:37 INFO  : Context for 'APU' is selected.
22:54:37 INFO  : 'ps7_init' command is executed.
22:54:37 INFO  : 'ps7_post_config' command is executed.
22:54:37 INFO  : Context for processor 'ps7_cortexa9_0' is selected.
22:54:38 INFO  : The application '/home/saverio/zybo/uart_ip/uart_ip.sdk/prova_uart/Debug/prova_uart.elf' is downloaded to processor 'ps7_cortexa9_0'.
22:54:38 INFO  : 'configparams force-mem-access 0' command is executed.
22:54:38 INFO  : ----------------XSDB Script----------------
connect -url tcp:127.0.0.1:3121
source /home/saverio/zybo/uart_ip/uart_ip.sdk/uart_wrapper_hw_platform_0/ps7_init.tcl
targets -set -nocase -filter {name =~"APU*" && jtag_cable_name =~ "Digilent Zybo 210279651570A"} -index 0
rst -system
after 3000
targets -set -filter {jtag_cable_name =~ "Digilent Zybo 210279651570A" && level==0} -index 1
fpga -file /home/saverio/zybo/uart_ip/uart_ip.sdk/uart_wrapper_hw_platform_0/uart_wrapper.bit
targets -set -nocase -filter {name =~"APU*" && jtag_cable_name =~ "Digilent Zybo 210279651570A"} -index 0
loadhw -hw /home/saverio/zybo/uart_ip/uart_ip.sdk/uart_wrapper_hw_platform_0/system.hdf -mem-ranges [list {0x40000000 0xbfffffff}]
configparams force-mem-access 1
targets -set -nocase -filter {name =~"APU*" && jtag_cable_name =~ "Digilent Zybo 210279651570A"} -index 0
ps7_init
ps7_post_config
targets -set -nocase -filter {name =~ "ARM*#0" && jtag_cable_name =~ "Digilent Zybo 210279651570A"} -index 0
dow /home/saverio/zybo/uart_ip/uart_ip.sdk/prova_uart/Debug/prova_uart.elf
configparams force-mem-access 0
----------------End of Script----------------

22:54:38 INFO  : Memory regions updated for context APU
22:54:38 INFO  : Context for processor 'ps7_cortexa9_0' is selected.
22:54:38 INFO  : 'con' command is executed.
22:54:38 INFO  : ----------------XSDB Script (After Launch)----------------
targets -set -nocase -filter {name =~ "ARM*#0" && jtag_cable_name =~ "Digilent Zybo 210279651570A"} -index 0
con
----------------End of Script----------------

22:54:38 INFO  : Launch script is exported to file '/home/saverio/zybo/uart_ip/uart_ip.sdk/.sdk/launch_scripts/xilinx_c-c++_application_(system_debugger)/system_debugger_using_debug_prova_uart.elf_on_local.tcl'
22:55:15 INFO  : Disconnected from the channel tcfchan#1.
23:16:43 INFO  : Registering command handlers for SDK TCF services
23:16:44 INFO  : Launching XSCT server: xsct -n -interactive /home/saverio/zybo/uart_ip/uart_ip.sdk/temp_xsdb_launch_script.tcl
23:16:46 INFO  : XSCT server has started successfully.
23:16:46 INFO  : Successfully done setting XSCT server connection channel  
23:16:46 INFO  : Successfully done setting SDK workspace  
23:16:46 INFO  : Processing command line option -hwspec /home/saverio/zybo/uart_ip/uart_ip.sdk/uart_wrapper.hdf.
23:16:46 INFO  : Checking for hwspec changes in the project uart_wrapper_hw_platform_0.
23:16:48 INFO  : SDK has detected change in the last modified timestamps for source hardware specification file Source:1555362976000,  Project:1555361635000
23:16:48 INFO  : The hardware specification for project 'uart_wrapper_hw_platform_0' is different from /home/saverio/zybo/uart_ip/uart_ip.sdk/uart_wrapper.hdf.
23:16:48 INFO  : Copied contents of /home/saverio/zybo/uart_ip/uart_ip.sdk/uart_wrapper.hdf into /uart_wrapper_hw_platform_0/system.hdf.
23:16:57 INFO  : Synchronizing projects in the workspace with the hardware platform specification changes.
23:16:58 INFO  : 
23:16:58 INFO  : Updating hardware inferred compiler options for prova_uart.
23:16:58 INFO  : Clearing existing target manager status.
23:17:01 INFO  : Connected to target on host '127.0.0.1' and port '3121'.
23:17:02 INFO  : Jtag cable 'Digilent Zybo 210279651570A' is selected.
23:17:02 INFO  : 'jtag frequency' command is executed.
23:17:02 INFO  : Sourcing of '/home/saverio/zybo/uart_ip/uart_ip.sdk/uart_wrapper_hw_platform_0/ps7_init.tcl' is done.
23:17:02 INFO  : Context for 'APU' is selected.
23:17:02 INFO  : System reset is completed.
23:17:05 INFO  : 'after 3000' command is executed.
23:17:05 INFO  : 'targets -set -filter {jtag_cable_name =~ "Digilent Zybo 210279651570A" && level==0} -index 1' command is executed.
23:17:06 INFO  : FPGA configured successfully with bitstream "/home/saverio/zybo/uart_ip/uart_ip.sdk/uart_wrapper_hw_platform_0/uart_wrapper.bit"
23:17:06 INFO  : Context for 'APU' is selected.
23:17:06 INFO  : Hardware design information is loaded from '/home/saverio/zybo/uart_ip/uart_ip.sdk/uart_wrapper_hw_platform_0/system.hdf'.
23:17:06 INFO  : 'configparams force-mem-access 1' command is executed.
23:17:06 INFO  : Context for 'APU' is selected.
23:17:07 INFO  : 'ps7_init' command is executed.
23:17:07 INFO  : 'ps7_post_config' command is executed.
23:17:07 INFO  : Context for processor 'ps7_cortexa9_0' is selected.
23:17:07 INFO  : The application '/home/saverio/zybo/uart_ip/uart_ip.sdk/prova_uart/Debug/prova_uart.elf' is downloaded to processor 'ps7_cortexa9_0'.
23:17:07 INFO  : 'configparams force-mem-access 0' command is executed.
23:17:07 INFO  : ----------------XSDB Script----------------
connect -url tcp:127.0.0.1:3121
source /home/saverio/zybo/uart_ip/uart_ip.sdk/uart_wrapper_hw_platform_0/ps7_init.tcl
targets -set -nocase -filter {name =~"APU*" && jtag_cable_name =~ "Digilent Zybo 210279651570A"} -index 0
rst -system
after 3000
targets -set -filter {jtag_cable_name =~ "Digilent Zybo 210279651570A" && level==0} -index 1
fpga -file /home/saverio/zybo/uart_ip/uart_ip.sdk/uart_wrapper_hw_platform_0/uart_wrapper.bit
targets -set -nocase -filter {name =~"APU*" && jtag_cable_name =~ "Digilent Zybo 210279651570A"} -index 0
loadhw -hw /home/saverio/zybo/uart_ip/uart_ip.sdk/uart_wrapper_hw_platform_0/system.hdf -mem-ranges [list {0x40000000 0xbfffffff}]
configparams force-mem-access 1
targets -set -nocase -filter {name =~"APU*" && jtag_cable_name =~ "Digilent Zybo 210279651570A"} -index 0
ps7_init
ps7_post_config
targets -set -nocase -filter {name =~ "ARM*#0" && jtag_cable_name =~ "Digilent Zybo 210279651570A"} -index 0
dow /home/saverio/zybo/uart_ip/uart_ip.sdk/prova_uart/Debug/prova_uart.elf
configparams force-mem-access 0
----------------End of Script----------------

23:17:07 INFO  : Memory regions updated for context APU
23:17:07 INFO  : Context for processor 'ps7_cortexa9_0' is selected.
23:17:07 INFO  : 'con' command is executed.
23:17:07 INFO  : ----------------XSDB Script (After Launch)----------------
targets -set -nocase -filter {name =~ "ARM*#0" && jtag_cable_name =~ "Digilent Zybo 210279651570A"} -index 0
con
----------------End of Script----------------

23:17:07 INFO  : Launch script is exported to file '/home/saverio/zybo/uart_ip/uart_ip.sdk/.sdk/launch_scripts/xilinx_c-c++_application_(system_debugger)/system_debugger_using_debug_prova_uart.elf_on_local.tcl'
23:20:47 ERROR : The Hardware Project referenced by this BSP (FSBL_bsp) was not found in this workspace. As a result, this BSP will not build properly. To fix this error, please import the associated hardware project or recreate a new BSP targeting an existing hardware platform.
23:21:39 INFO  : Saving repository preferences.
23:21:39 INFO  : Reading in cores from local repositories: 
		 /home/saverio/zybo/device-tree-xlnx
23:21:40 INFO  : Cleaning BSP projects in the workspace.
23:23:19 INFO  : Invoking Bootgen: bootgen -image FSBL.bif -arch zynq -o /home/saverio/zybo/uart_ip/uart_ip.sdk/FSBL/bootimage/BOOT.bin
23:23:19 INFO  : Creating new bif file /home/saverio/zybo/uart_ip/uart_ip.sdk/FSBL/bootimage/FSBL.bif
23:23:20 INFO  : Bootgen command execution is done.
23:52:53 INFO  : Disconnected from the channel tcfchan#1.
23:52:54 INFO  : Connected to target on host '127.0.0.1' and port '3121'.
23:52:54 INFO  : Jtag cable 'Digilent Zybo 210279651570A' is selected.
23:52:54 INFO  : 'jtag frequency' command is executed.
23:52:54 INFO  : Sourcing of '/home/saverio/zybo/uart_ip/uart_ip.sdk/uart_wrapper_hw_platform_0/ps7_init.tcl' is done.
23:52:55 INFO  : Context for 'APU' is selected.
23:52:55 INFO  : System reset is completed.
23:52:58 INFO  : 'after 3000' command is executed.
23:52:58 INFO  : 'targets -set -filter {jtag_cable_name =~ "Digilent Zybo 210279651570A" && level==0} -index 1' command is executed.
23:52:59 INFO  : FPGA configured successfully with bitstream "/home/saverio/zybo/uart_ip/uart_ip.sdk/uart_wrapper_hw_platform_0/uart_wrapper.bit"
23:52:59 INFO  : Context for 'APU' is selected.
23:53:00 INFO  : Hardware design information is loaded from '/home/saverio/zybo/uart_ip/uart_ip.sdk/uart_wrapper_hw_platform_0/system.hdf'.
23:53:00 INFO  : 'configparams force-mem-access 1' command is executed.
23:53:00 INFO  : Context for 'APU' is selected.
23:53:01 INFO  : 'ps7_init' command is executed.
23:53:01 INFO  : 'ps7_post_config' command is executed.
23:53:01 INFO  : Context for processor 'ps7_cortexa9_0' is selected.
23:53:01 INFO  : The application '/home/saverio/zybo/uart_ip/uart_ip.sdk/prova_uart/Debug/prova_uart.elf' is downloaded to processor 'ps7_cortexa9_0'.
23:53:01 INFO  : 'configparams force-mem-access 0' command is executed.
23:53:01 INFO  : ----------------XSDB Script----------------
connect -url tcp:127.0.0.1:3121
source /home/saverio/zybo/uart_ip/uart_ip.sdk/uart_wrapper_hw_platform_0/ps7_init.tcl
targets -set -nocase -filter {name =~"APU*" && jtag_cable_name =~ "Digilent Zybo 210279651570A"} -index 0
rst -system
after 3000
targets -set -filter {jtag_cable_name =~ "Digilent Zybo 210279651570A" && level==0} -index 1
fpga -file /home/saverio/zybo/uart_ip/uart_ip.sdk/uart_wrapper_hw_platform_0/uart_wrapper.bit
targets -set -nocase -filter {name =~"APU*" && jtag_cable_name =~ "Digilent Zybo 210279651570A"} -index 0
loadhw -hw /home/saverio/zybo/uart_ip/uart_ip.sdk/uart_wrapper_hw_platform_0/system.hdf -mem-ranges [list {0x40000000 0xbfffffff}]
configparams force-mem-access 1
targets -set -nocase -filter {name =~"APU*" && jtag_cable_name =~ "Digilent Zybo 210279651570A"} -index 0
ps7_init
ps7_post_config
targets -set -nocase -filter {name =~ "ARM*#0" && jtag_cable_name =~ "Digilent Zybo 210279651570A"} -index 0
dow /home/saverio/zybo/uart_ip/uart_ip.sdk/prova_uart/Debug/prova_uart.elf
configparams force-mem-access 0
----------------End of Script----------------

23:53:01 INFO  : Memory regions updated for context APU
23:53:01 INFO  : Context for processor 'ps7_cortexa9_0' is selected.
23:53:01 INFO  : 'con' command is executed.
23:53:01 INFO  : ----------------XSDB Script (After Launch)----------------
targets -set -nocase -filter {name =~ "ARM*#0" && jtag_cable_name =~ "Digilent Zybo 210279651570A"} -index 0
con
----------------End of Script----------------

23:53:01 INFO  : Launch script is exported to file '/home/saverio/zybo/uart_ip/uart_ip.sdk/.sdk/launch_scripts/xilinx_c-c++_application_(system_debugger)/system_debugger_using_debug_prova_uart.elf_on_local.tcl'
23:57:21 INFO  : Disconnected from the channel tcfchan#2.
