#-----------------------------------------------------------
# Webtalk v2018.3 (64-bit)
# SW Build 2405991 on Thu Dec  6 23:36:41 MST 2018
# 
# Start of session at: Wed Apr 17 19:20:51 2019
# Process ID: 11125
# Current directory: /home/michele/Documenti/Universita/SE/Projects/AXI_led_swtich/AXI_led_swtich.sdk/webtalk
# Command line: wbtcv -mode batch -source sdk_webtalk.tcl
# Log file: /home/michele/Documenti/Universita/SE/Projects/AXI_led_swtich/AXI_led_swtich.sdk/webtalk/webtalk.log
# Journal file: /home/michele/Documenti/Universita/SE/Projects/AXI_led_swtich/AXI_led_swtich.sdk/webtalk/webtalk.jou
#-----------------------------------------------------------
source sdk_webtalk.tcl
# webtalk_init -webtalk_dir /home/michele/Documenti/Universita/SE/Projects/AXI_led_swtich/AXI_led_swtich.sdk/webtalk
# webtalk_register_client -client project
# webtalk_add_data -client project -key date_generated -value "2019-04-17 19:20:50" -context "software_version_and_target_device"
# webtalk_add_data -client project -key product_version -value "SDK v2018.3" -context "software_version_and_target_device"
# webtalk_add_data -client project -key build_version -value "2018.3" -context "software_version_and_target_device"
# webtalk_add_data -client project -key os_platform -value "amd64" -context "software_version_and_target_device"
# webtalk_add_data -client project -key registration_id -value "" -context "software_version_and_target_device"
# webtalk_add_data -client project -key tool_flow -value "SDK" -context "software_version_and_target_device"
# webtalk_add_data -client project -key beta -value "false" -context "software_version_and_target_device"
# webtalk_add_data -client project -key route_design -value "NA" -context "software_version_and_target_device"
# webtalk_add_data -client project -key target_family -value "NA" -context "software_version_and_target_device"
# webtalk_add_data -client project -key target_device -value "NA" -context "software_version_and_target_device"
# webtalk_add_data -client project -key target_package -value "NA" -context "software_version_and_target_device"
# webtalk_add_data -client project -key target_speed -value "NA" -context "software_version_and_target_device"
# webtalk_add_data -client project -key random_id -value "d1iaj0fdp5qt1ohd86qv04kabb" -context "software_version_and_target_device"
# webtalk_add_data -client project -key project_id -value "2018.3_5" -context "software_version_and_target_device"
# webtalk_add_data -client project -key project_iteration -value "5" -context "software_version_and_target_device"
# webtalk_add_data -client project -key os_name -value "Ubuntu" -context "user_environment"
# webtalk_add_data -client project -key os_release -value "Ubuntu 18.04.2 LTS" -context "user_environment"
# webtalk_add_data -client project -key cpu_name -value "Intel(R) Core(TM) i7-8750H CPU @ 2.20GHz" -context "user_environment"
# webtalk_add_data -client project -key cpu_speed -value "3949.650 MHz" -context "user_environment"
# webtalk_add_data -client project -key total_processors -value "1" -context "user_environment"
# webtalk_add_data -client project -key system_ram -value "16.507 GB" -context "user_environment"
# webtalk_register_client -client sdk
# webtalk_add_data -client sdk -key uid -value "1555520619000" -context "sdk\\\\bsp/1555520619000"
# webtalk_add_data -client sdk -key hwid -value "1555410848000" -context "sdk\\\\bsp/1555520619000"
# webtalk_add_data -client sdk -key os -value "standalone" -context "sdk\\\\bsp/1555520619000"
# webtalk_add_data -client sdk -key apptemplate -value "zynq_fsbl" -context "sdk\\\\bsp/1555520619000"
# webtalk_add_data -client sdk -key RecordType -value "BSPCreation" -context "sdk\\\\bsp/1555520619000"
# webtalk_add_data -client sdk -key uid -value "1555520630000" -context "sdk\\\\application/1555520630000"
# webtalk_add_data -client sdk -key hwid -value "1555410848000" -context "sdk\\\\application/1555520630000"
# webtalk_add_data -client sdk -key bspid -value "1555520619000" -context "sdk\\\\application/1555520630000"
# webtalk_add_data -client sdk -key newbsp -value "true" -context "sdk\\\\application/1555520630000"
# webtalk_add_data -client sdk -key os -value "standalone" -context "sdk\\\\application/1555520630000"
# webtalk_add_data -client sdk -key apptemplate -value "zynq_fsbl" -context "sdk\\\\application/1555520630000"
# webtalk_add_data -client sdk -key RecordType -value "APPCreation" -context "sdk\\\\application/1555520630000"
# webtalk_add_data -client sdk -key LangUsed -value "C" -context "sdk\\\\application/1555520630000"
# webtalk_add_data -client sdk -key Procused -value "ps7_cortexa9" -context "sdk\\\\application/1555520630000"
# webtalk_add_data -client sdk -key projSize -value "594.484375" -context "sdk\\\\application/1555520630000"
# webtalk_add_data -client sdk -key uid -value "1555521066000" -context "sdk\\\\bsp/1555521066000"
# webtalk_add_data -client sdk -key hwid -value "1555410848000" -context "sdk\\\\bsp/1555521066000"
# webtalk_add_data -client sdk -key os -value "device_tree" -context "sdk\\\\bsp/1555521066000"
# webtalk_add_data -client sdk -key apptemplate -value "null" -context "sdk\\\\bsp/1555521066000"
# webtalk_add_data -client sdk -key RecordType -value "BSPCreation" -context "sdk\\\\bsp/1555521066000"
# webtalk_add_data -client sdk -key uid -value "NA" -context "sdk\\\\bsp/1555521650295"
# webtalk_add_data -client sdk -key RecordType -value "ToolUsage" -context "sdk\\\\bsp/1555521650295"
# webtalk_add_data -client sdk -key BootgenCount -value "4" -context "sdk\\\\bsp/1555521650295"
# webtalk_add_data -client sdk -key DebugCount -value "0" -context "sdk\\\\bsp/1555521650295"
# webtalk_add_data -client sdk -key PerfCount -value "0" -context "sdk\\\\bsp/1555521650295"
# webtalk_add_data -client sdk -key FlashCount -value "0" -context "sdk\\\\bsp/1555521650295"
# webtalk_add_data -client sdk -key CrossTriggCount -value "0" -context "sdk\\\\bsp/1555521650295"
# webtalk_add_data -client sdk -key QemuDebugCount -value "0" -context "sdk\\\\bsp/1555521650295"
# webtalk_transmit -clientid 2312395853 -regid "" -xml /home/michele/Documenti/Universita/SE/Projects/AXI_led_swtich/AXI_led_swtich.sdk/webtalk/usage_statistics_ext_sdk.xml -html /home/michele/Documenti/Universita/SE/Projects/AXI_led_swtich/AXI_led_swtich.sdk/webtalk/usage_statistics_ext_sdk.html -wdm /home/michele/Documenti/Universita/SE/Projects/AXI_led_swtich/AXI_led_swtich.sdk/webtalk/sdk_webtalk.wdm -intro "<H3>SDK Usage Report</H3><BR>"
# webtalk_terminate
INFO: [Common 17-206] Exiting Webtalk at Wed Apr 17 19:20:52 2019...
