#-----------------------------------------------------------
# Webtalk v2018.3 (64-bit)
# SW Build 2405991 on Thu Dec  6 23:36:41 MST 2018
# 
# Start of session at: Wed Apr 17 20:13:20 2019
# Process ID: 17984
# Current directory: /home/michele/Documenti/Universita/SE/Projects/AXI_led_swtich/AXI_led_swtich.sdk/webtalk
# Command line: wbtcv -mode batch -source sdk_webtalk.tcl
# Log file: /home/michele/Documenti/Universita/SE/Projects/AXI_led_swtich/AXI_led_swtich.sdk/webtalk/webtalk.log
# Journal file: /home/michele/Documenti/Universita/SE/Projects/AXI_led_swtich/AXI_led_swtich.sdk/webtalk/webtalk.jou
#-----------------------------------------------------------
source sdk_webtalk.tcl
# webtalk_init -webtalk_dir /home/michele/Documenti/Universita/SE/Projects/AXI_led_swtich/AXI_led_swtich.sdk/webtalk
# webtalk_register_client -client project
# webtalk_add_data -client project -key date_generated -value "2019-04-17 20:13:19" -context "software_version_and_target_device"
# webtalk_add_data -client project -key product_version -value "SDK v2018.3" -context "software_version_and_target_device"
# webtalk_add_data -client project -key build_version -value "2018.3" -context "software_version_and_target_device"
# webtalk_add_data -client project -key os_platform -value "amd64" -context "software_version_and_target_device"
# webtalk_add_data -client project -key registration_id -value "" -context "software_version_and_target_device"
# webtalk_add_data -client project -key tool_flow -value "SDK" -context "software_version_and_target_device"
# webtalk_add_data -client project -key beta -value "false" -context "software_version_and_target_device"
# webtalk_add_data -client project -key route_design -value "NA" -context "software_version_and_target_device"
# webtalk_add_data -client project -key target_family -value "NA" -context "software_version_and_target_device"
# webtalk_add_data -client project -key target_device -value "NA" -context "software_version_and_target_device"
# webtalk_add_data -client project -key target_package -value "NA" -context "software_version_and_target_device"
# webtalk_add_data -client project -key target_speed -value "NA" -context "software_version_and_target_device"
# webtalk_add_data -client project -key random_id -value "qu87l9gnrjrb900selp5gnscv8" -context "software_version_and_target_device"
# webtalk_add_data -client project -key project_id -value "2018.3_6" -context "software_version_and_target_device"
# webtalk_add_data -client project -key project_iteration -value "6" -context "software_version_and_target_device"
# webtalk_add_data -client project -key os_name -value "Ubuntu" -context "user_environment"
# webtalk_add_data -client project -key os_release -value "Ubuntu 18.04.2 LTS" -context "user_environment"
# webtalk_add_data -client project -key cpu_name -value "Intel(R) Core(TM) i7-8750H CPU @ 2.20GHz" -context "user_environment"
# webtalk_add_data -client project -key cpu_speed -value "3814.857 MHz" -context "user_environment"
# webtalk_add_data -client project -key total_processors -value "1" -context "user_environment"
# webtalk_add_data -client project -key system_ram -value "16.507 GB" -context "user_environment"
# webtalk_register_client -client sdk
# webtalk_add_data -client sdk -key uid -value "1555521961000" -context "sdk\\\\bsp/1555521961000"
# webtalk_add_data -client sdk -key hwid -value "1555410848000" -context "sdk\\\\bsp/1555521961000"
# webtalk_add_data -client sdk -key os -value "standalone" -context "sdk\\\\bsp/1555521961000"
# webtalk_add_data -client sdk -key apptemplate -value "zynq_fsbl" -context "sdk\\\\bsp/1555521961000"
# webtalk_add_data -client sdk -key RecordType -value "BSPCreation" -context "sdk\\\\bsp/1555521961000"
# webtalk_add_data -client sdk -key uid -value "1555521966000" -context "sdk\\\\application/1555521966000"
# webtalk_add_data -client sdk -key hwid -value "1555410848000" -context "sdk\\\\application/1555521966000"
# webtalk_add_data -client sdk -key bspid -value "1555521961000" -context "sdk\\\\application/1555521966000"
# webtalk_add_data -client sdk -key newbsp -value "true" -context "sdk\\\\application/1555521966000"
# webtalk_add_data -client sdk -key os -value "standalone" -context "sdk\\\\application/1555521966000"
# webtalk_add_data -client sdk -key apptemplate -value "zynq_fsbl" -context "sdk\\\\application/1555521966000"
# webtalk_add_data -client sdk -key RecordType -value "APPCreation" -context "sdk\\\\application/1555521966000"
# webtalk_add_data -client sdk -key LangUsed -value "C" -context "sdk\\\\application/1555521966000"
# webtalk_add_data -client sdk -key Procused -value "ps7_cortexa9" -context "sdk\\\\application/1555521966000"
# webtalk_add_data -client sdk -key uid -value "1555522535000" -context "sdk\\\\bsp/1555522535000"
# webtalk_add_data -client sdk -key hwid -value "1555410848000" -context "sdk\\\\bsp/1555522535000"
# webtalk_add_data -client sdk -key os -value "standalone" -context "sdk\\\\bsp/1555522535000"
# webtalk_add_data -client sdk -key apptemplate -value "zynq_fsbl" -context "sdk\\\\bsp/1555522535000"
# webtalk_add_data -client sdk -key RecordType -value "BSPCreation" -context "sdk\\\\bsp/1555522535000"
# webtalk_add_data -client sdk -key uid -value "1555522539000" -context "sdk\\\\application/1555522539000"
# webtalk_add_data -client sdk -key hwid -value "1555410848000" -context "sdk\\\\application/1555522539000"
# webtalk_add_data -client sdk -key bspid -value "1555522535000" -context "sdk\\\\application/1555522539000"
# webtalk_add_data -client sdk -key newbsp -value "true" -context "sdk\\\\application/1555522539000"
# webtalk_add_data -client sdk -key os -value "standalone" -context "sdk\\\\application/1555522539000"
# webtalk_add_data -client sdk -key apptemplate -value "zynq_fsbl" -context "sdk\\\\application/1555522539000"
# webtalk_add_data -client sdk -key RecordType -value "APPCreation" -context "sdk\\\\application/1555522539000"
# webtalk_add_data -client sdk -key LangUsed -value "C" -context "sdk\\\\application/1555522539000"
# webtalk_add_data -client sdk -key Procused -value "ps7_cortexa9" -context "sdk\\\\application/1555522539000"
# webtalk_add_data -client sdk -key projSize -value "594.484375" -context "sdk\\\\application/1555522539000"
# webtalk_add_data -client sdk -key uid -value "1555522617000" -context "sdk\\\\bsp/1555522617000"
# webtalk_add_data -client sdk -key hwid -value "1555410848000" -context "sdk\\\\bsp/1555522617000"
# webtalk_add_data -client sdk -key os -value "device_tree" -context "sdk\\\\bsp/1555522617000"
# webtalk_add_data -client sdk -key apptemplate -value "null" -context "sdk\\\\bsp/1555522617000"
# webtalk_add_data -client sdk -key RecordType -value "BSPCreation" -context "sdk\\\\bsp/1555522617000"
# webtalk_add_data -client sdk -key uid -value "NA" -context "sdk\\\\bsp/1555524799686"
# webtalk_add_data -client sdk -key RecordType -value "ToolUsage" -context "sdk\\\\bsp/1555524799686"
# webtalk_add_data -client sdk -key BootgenCount -value "3" -context "sdk\\\\bsp/1555524799686"
# webtalk_add_data -client sdk -key DebugCount -value "0" -context "sdk\\\\bsp/1555524799686"
# webtalk_add_data -client sdk -key PerfCount -value "0" -context "sdk\\\\bsp/1555524799686"
# webtalk_add_data -client sdk -key FlashCount -value "0" -context "sdk\\\\bsp/1555524799686"
# webtalk_add_data -client sdk -key CrossTriggCount -value "0" -context "sdk\\\\bsp/1555524799686"
# webtalk_add_data -client sdk -key QemuDebugCount -value "0" -context "sdk\\\\bsp/1555524799686"
# webtalk_transmit -clientid 1123738729 -regid "" -xml /home/michele/Documenti/Universita/SE/Projects/AXI_led_swtich/AXI_led_swtich.sdk/webtalk/usage_statistics_ext_sdk.xml -html /home/michele/Documenti/Universita/SE/Projects/AXI_led_swtich/AXI_led_swtich.sdk/webtalk/usage_statistics_ext_sdk.html -wdm /home/michele/Documenti/Universita/SE/Projects/AXI_led_swtich/AXI_led_swtich.sdk/webtalk/sdk_webtalk.wdm -intro "<H3>SDK Usage Report</H3><BR>"
# webtalk_terminate
INFO: [Common 17-206] Exiting Webtalk at Wed Apr 17 20:13:21 2019...
