00:42:28 INFO  : Registering command handlers for SDK TCF services
00:42:29 INFO  : Launching XSCT server: xsct -n -interactive /home/saverio/prova_led/prova_led.sdk/temp_xsdb_launch_script.tcl
00:42:31 INFO  : XSCT server has started successfully.
00:42:31 INFO  : Successfully done setting XSCT server connection channel  
00:42:31 INFO  : Successfully done setting SDK workspace  
00:42:31 INFO  : Processing command line option -hwspec /home/saverio/prova_led/prova_led.sdk/design_1_wrapper.hdf.
00:43:35 INFO  : 'targets -set -filter {jtag_cable_name =~ "Digilent Zybo 210279651570A" && level==0} -index 1' command is executed.
00:43:35 INFO  : 'fpga -state' command is executed.
00:43:35 INFO  : Connected to target on host '127.0.0.1' and port '3121'.
00:43:35 INFO  : Jtag cable 'Digilent Zybo 210279651570A' is selected.
00:43:35 INFO  : 'jtag frequency' command is executed.
00:43:35 INFO  : Sourcing of '/home/saverio/prova_led/prova_led.sdk/design_1_wrapper_hw_platform_0/ps7_init.tcl' is done.
00:43:35 INFO  : Context for 'APU' is selected.
00:43:35 INFO  : Hardware design information is loaded from '/home/saverio/prova_led/prova_led.sdk/design_1_wrapper_hw_platform_0/system.hdf'.
00:43:35 INFO  : 'configparams force-mem-access 1' command is executed.
00:43:35 INFO  : Context for 'APU' is selected.
00:43:35 INFO  : 'stop' command is executed.
00:43:36 INFO  : 'ps7_init' command is executed.
00:43:36 INFO  : 'ps7_post_config' command is executed.
00:43:36 INFO  : Context for processor 'ps7_cortexa9_0' is selected.
00:43:36 INFO  : Processor reset is completed for 'ps7_cortexa9_0'.
00:43:36 INFO  : Context for processor 'ps7_cortexa9_0' is selected.
00:43:36 INFO  : The application '/home/saverio/prova_led/prova_led.sdk/led/Debug/led.elf' is downloaded to processor 'ps7_cortexa9_0'.
00:43:36 INFO  : 'configparams force-mem-access 0' command is executed.
00:43:36 INFO  : ----------------XSDB Script----------------
connect -url tcp:127.0.0.1:3121
source /home/saverio/prova_led/prova_led.sdk/design_1_wrapper_hw_platform_0/ps7_init.tcl
targets -set -nocase -filter {name =~"APU*" && jtag_cable_name =~ "Digilent Zybo 210279651570A"} -index 0
loadhw -hw /home/saverio/prova_led/prova_led.sdk/design_1_wrapper_hw_platform_0/system.hdf -mem-ranges [list {0x40000000 0xbfffffff}]
configparams force-mem-access 1
targets -set -nocase -filter {name =~"APU*" && jtag_cable_name =~ "Digilent Zybo 210279651570A"} -index 0
stop
ps7_init
ps7_post_config
targets -set -nocase -filter {name =~ "ARM*#0" && jtag_cable_name =~ "Digilent Zybo 210279651570A"} -index 0
rst -processor
targets -set -nocase -filter {name =~ "ARM*#0" && jtag_cable_name =~ "Digilent Zybo 210279651570A"} -index 0
dow /home/saverio/prova_led/prova_led.sdk/led/Debug/led.elf
configparams force-mem-access 0
----------------End of Script----------------

00:43:36 INFO  : Memory regions updated for context APU
00:43:36 INFO  : Context for processor 'ps7_cortexa9_0' is selected.
00:43:36 INFO  : 'con' command is executed.
00:43:36 INFO  : ----------------XSDB Script (After Launch)----------------
targets -set -nocase -filter {name =~ "ARM*#0" && jtag_cable_name =~ "Digilent Zybo 210279651570A"} -index 0
con
----------------End of Script----------------

00:43:36 INFO  : Launch script is exported to file '/home/saverio/prova_led/prova_led.sdk/.sdk/launch_scripts/xilinx_c-c++_application_(system_debugger)/system_debugger_using_debug_led.elf_on_local.tcl'
00:43:51 INFO  : Disconnected from the channel tcfchan#1.
00:43:52 INFO  : 'targets -set -filter {jtag_cable_name =~ "Digilent Zybo 210279651570A" && level==0} -index 1' command is executed.
00:43:52 INFO  : 'fpga -state' command is executed.
00:43:52 INFO  : Connected to target on host '127.0.0.1' and port '3121'.
00:43:52 INFO  : Jtag cable 'Digilent Zybo 210279651570A' is selected.
00:43:52 INFO  : 'jtag frequency' command is executed.
00:43:52 INFO  : Sourcing of '/home/saverio/prova_led/prova_led.sdk/design_1_wrapper_hw_platform_0/ps7_init.tcl' is done.
00:43:52 INFO  : Context for 'APU' is selected.
00:43:54 INFO  : Hardware design information is loaded from '/home/saverio/prova_led/prova_led.sdk/design_1_wrapper_hw_platform_0/system.hdf'.
00:43:54 INFO  : 'configparams force-mem-access 1' command is executed.
00:43:54 INFO  : Context for 'APU' is selected.
00:43:54 INFO  : 'stop' command is executed.
00:43:54 INFO  : 'ps7_init' command is executed.
00:43:54 INFO  : 'ps7_post_config' command is executed.
00:43:54 INFO  : Context for processor 'ps7_cortexa9_0' is selected.
00:43:54 INFO  : Processor reset is completed for 'ps7_cortexa9_0'.
00:43:54 INFO  : Context for processor 'ps7_cortexa9_0' is selected.
00:43:54 INFO  : The application '/home/saverio/prova_led/prova_led.sdk/led/Debug/led.elf' is downloaded to processor 'ps7_cortexa9_0'.
00:43:54 INFO  : 'configparams force-mem-access 0' command is executed.
00:43:54 INFO  : ----------------XSDB Script----------------
connect -url tcp:127.0.0.1:3121
source /home/saverio/prova_led/prova_led.sdk/design_1_wrapper_hw_platform_0/ps7_init.tcl
targets -set -nocase -filter {name =~"APU*" && jtag_cable_name =~ "Digilent Zybo 210279651570A"} -index 0
loadhw -hw /home/saverio/prova_led/prova_led.sdk/design_1_wrapper_hw_platform_0/system.hdf -mem-ranges [list {0x40000000 0xbfffffff}]
configparams force-mem-access 1
targets -set -nocase -filter {name =~"APU*" && jtag_cable_name =~ "Digilent Zybo 210279651570A"} -index 0
stop
ps7_init
ps7_post_config
targets -set -nocase -filter {name =~ "ARM*#0" && jtag_cable_name =~ "Digilent Zybo 210279651570A"} -index 0
rst -processor
targets -set -nocase -filter {name =~ "ARM*#0" && jtag_cable_name =~ "Digilent Zybo 210279651570A"} -index 0
dow /home/saverio/prova_led/prova_led.sdk/led/Debug/led.elf
configparams force-mem-access 0
----------------End of Script----------------

00:43:54 INFO  : Memory regions updated for context APU
00:43:54 INFO  : Context for processor 'ps7_cortexa9_0' is selected.
00:43:55 INFO  : 'con' command is executed.
00:43:55 INFO  : ----------------XSDB Script (After Launch)----------------
targets -set -nocase -filter {name =~ "ARM*#0" && jtag_cable_name =~ "Digilent Zybo 210279651570A"} -index 0
con
----------------End of Script----------------

00:43:55 INFO  : Launch script is exported to file '/home/saverio/prova_led/prova_led.sdk/.sdk/launch_scripts/xilinx_c-c++_application_(system_debugger)/system_debugger_using_debug_led.elf_on_local.tcl'
00:44:26 INFO  : Disconnected from the channel tcfchan#2.
00:44:27 INFO  : Connected to target on host '127.0.0.1' and port '3121'.
00:44:27 INFO  : Jtag cable 'Digilent Zybo 210279651570A' is selected.
00:44:27 INFO  : 'jtag frequency' command is executed.
00:44:27 INFO  : Sourcing of '/home/saverio/prova_led/prova_led.sdk/design_1_wrapper_hw_platform_0/ps7_init.tcl' is done.
00:44:28 INFO  : Context for 'APU' is selected.
00:44:28 INFO  : System reset is completed.
00:44:31 INFO  : 'after 3000' command is executed.
00:44:31 INFO  : 'targets -set -filter {jtag_cable_name =~ "Digilent Zybo 210279651570A" && level==0} -index 1' command is executed.
00:44:32 INFO  : FPGA configured successfully with bitstream "/home/saverio/prova_led/prova_led.sdk/design_1_wrapper_hw_platform_0/design_1_wrapper.bit"
00:44:32 INFO  : Context for 'APU' is selected.
00:44:34 INFO  : Hardware design information is loaded from '/home/saverio/prova_led/prova_led.sdk/design_1_wrapper_hw_platform_0/system.hdf'.
00:44:34 INFO  : 'configparams force-mem-access 1' command is executed.
00:44:34 INFO  : Context for 'APU' is selected.
00:44:34 INFO  : 'ps7_init' command is executed.
00:44:34 INFO  : 'ps7_post_config' command is executed.
00:44:34 INFO  : Context for processor 'ps7_cortexa9_0' is selected.
00:44:34 INFO  : The application '/home/saverio/prova_led/prova_led.sdk/led/Debug/led.elf' is downloaded to processor 'ps7_cortexa9_0'.
00:44:34 INFO  : 'configparams force-mem-access 0' command is executed.
00:44:34 INFO  : ----------------XSDB Script----------------
connect -url tcp:127.0.0.1:3121
source /home/saverio/prova_led/prova_led.sdk/design_1_wrapper_hw_platform_0/ps7_init.tcl
targets -set -nocase -filter {name =~"APU*" && jtag_cable_name =~ "Digilent Zybo 210279651570A"} -index 0
rst -system
after 3000
targets -set -filter {jtag_cable_name =~ "Digilent Zybo 210279651570A" && level==0} -index 1
fpga -file /home/saverio/prova_led/prova_led.sdk/design_1_wrapper_hw_platform_0/design_1_wrapper.bit
targets -set -nocase -filter {name =~"APU*" && jtag_cable_name =~ "Digilent Zybo 210279651570A"} -index 0
loadhw -hw /home/saverio/prova_led/prova_led.sdk/design_1_wrapper_hw_platform_0/system.hdf -mem-ranges [list {0x40000000 0xbfffffff}]
configparams force-mem-access 1
targets -set -nocase -filter {name =~"APU*" && jtag_cable_name =~ "Digilent Zybo 210279651570A"} -index 0
ps7_init
ps7_post_config
targets -set -nocase -filter {name =~ "ARM*#0" && jtag_cable_name =~ "Digilent Zybo 210279651570A"} -index 0
dow /home/saverio/prova_led/prova_led.sdk/led/Debug/led.elf
configparams force-mem-access 0
----------------End of Script----------------

00:44:34 INFO  : Memory regions updated for context APU
00:44:34 INFO  : Context for processor 'ps7_cortexa9_0' is selected.
00:44:34 INFO  : 'con' command is executed.
00:44:34 INFO  : ----------------XSDB Script (After Launch)----------------
targets -set -nocase -filter {name =~ "ARM*#0" && jtag_cable_name =~ "Digilent Zybo 210279651570A"} -index 0
con
----------------End of Script----------------

00:44:34 INFO  : Launch script is exported to file '/home/saverio/prova_led/prova_led.sdk/.sdk/launch_scripts/xilinx_c-c++_application_(system_debugger)/system_debugger_using_debug_led.elf_on_local.tcl'
00:44:47 INFO  : Disconnected from the channel tcfchan#3.
00:44:48 INFO  : Connected to target on host '127.0.0.1' and port '3121'.
00:44:48 INFO  : Jtag cable 'Digilent Zybo 210279651570A' is selected.
00:44:48 INFO  : 'jtag frequency' command is executed.
00:44:48 INFO  : Sourcing of '/home/saverio/prova_led/prova_led.sdk/design_1_wrapper_hw_platform_0/ps7_init.tcl' is done.
00:44:48 INFO  : Context for 'APU' is selected.
00:44:48 INFO  : System reset is completed.
00:44:51 INFO  : 'after 3000' command is executed.
00:44:51 INFO  : 'targets -set -filter {jtag_cable_name =~ "Digilent Zybo 210279651570A" && level==0} -index 1' command is executed.
00:44:52 INFO  : FPGA configured successfully with bitstream "/home/saverio/prova_led/prova_led.sdk/design_1_wrapper_hw_platform_0/design_1_wrapper.bit"
00:44:52 INFO  : Context for 'APU' is selected.
00:44:54 INFO  : Hardware design information is loaded from '/home/saverio/prova_led/prova_led.sdk/design_1_wrapper_hw_platform_0/system.hdf'.
00:44:54 INFO  : 'configparams force-mem-access 1' command is executed.
00:44:54 INFO  : Context for 'APU' is selected.
00:44:54 INFO  : 'ps7_init' command is executed.
00:44:54 INFO  : 'ps7_post_config' command is executed.
00:44:54 INFO  : Context for processor 'ps7_cortexa9_0' is selected.
00:44:54 INFO  : The application '/home/saverio/prova_led/prova_led.sdk/led/Debug/led.elf' is downloaded to processor 'ps7_cortexa9_0'.
00:44:54 INFO  : 'configparams force-mem-access 0' command is executed.
00:44:54 INFO  : ----------------XSDB Script----------------
connect -url tcp:127.0.0.1:3121
source /home/saverio/prova_led/prova_led.sdk/design_1_wrapper_hw_platform_0/ps7_init.tcl
targets -set -nocase -filter {name =~"APU*" && jtag_cable_name =~ "Digilent Zybo 210279651570A"} -index 0
rst -system
after 3000
targets -set -filter {jtag_cable_name =~ "Digilent Zybo 210279651570A" && level==0} -index 1
fpga -file /home/saverio/prova_led/prova_led.sdk/design_1_wrapper_hw_platform_0/design_1_wrapper.bit
targets -set -nocase -filter {name =~"APU*" && jtag_cable_name =~ "Digilent Zybo 210279651570A"} -index 0
loadhw -hw /home/saverio/prova_led/prova_led.sdk/design_1_wrapper_hw_platform_0/system.hdf -mem-ranges [list {0x40000000 0xbfffffff}]
configparams force-mem-access 1
targets -set -nocase -filter {name =~"APU*" && jtag_cable_name =~ "Digilent Zybo 210279651570A"} -index 0
ps7_init
ps7_post_config
targets -set -nocase -filter {name =~ "ARM*#0" && jtag_cable_name =~ "Digilent Zybo 210279651570A"} -index 0
dow /home/saverio/prova_led/prova_led.sdk/led/Debug/led.elf
configparams force-mem-access 0
----------------End of Script----------------

00:44:54 INFO  : Memory regions updated for context APU
00:44:54 INFO  : Context for processor 'ps7_cortexa9_0' is selected.
00:44:54 INFO  : 'con' command is executed.
00:44:54 INFO  : ----------------XSDB Script (After Launch)----------------
targets -set -nocase -filter {name =~ "ARM*#0" && jtag_cable_name =~ "Digilent Zybo 210279651570A"} -index 0
con
----------------End of Script----------------

00:44:54 INFO  : Launch script is exported to file '/home/saverio/prova_led/prova_led.sdk/.sdk/launch_scripts/xilinx_c-c++_application_(system_debugger)/system_debugger_using_debug_led.elf_on_local.tcl'
00:49:21 INFO  : Disconnected from the channel tcfchan#4.
00:49:22 INFO  : Connected to target on host '127.0.0.1' and port '3121'.
00:49:23 INFO  : Jtag cable 'Digilent Zybo 210279651570A' is selected.
00:49:23 INFO  : 'jtag frequency' command is executed.
00:49:23 INFO  : Sourcing of '/home/saverio/prova_led/prova_led.sdk/design_1_wrapper_hw_platform_0/ps7_init.tcl' is done.
00:49:23 INFO  : Context for 'APU' is selected.
00:49:23 INFO  : System reset is completed.
00:49:26 INFO  : 'after 3000' command is executed.
00:49:26 INFO  : 'targets -set -filter {jtag_cable_name =~ "Digilent Zybo 210279651570A" && level==0} -index 1' command is executed.
00:49:27 INFO  : FPGA configured successfully with bitstream "/home/saverio/prova_led/prova_led.sdk/design_1_wrapper_hw_platform_0/design_1_wrapper.bit"
00:49:27 INFO  : Context for 'APU' is selected.
00:49:29 INFO  : Hardware design information is loaded from '/home/saverio/prova_led/prova_led.sdk/design_1_wrapper_hw_platform_0/system.hdf'.
00:49:29 INFO  : 'configparams force-mem-access 1' command is executed.
00:49:29 INFO  : Context for 'APU' is selected.
00:49:29 INFO  : 'ps7_init' command is executed.
00:49:29 INFO  : 'ps7_post_config' command is executed.
00:49:29 INFO  : Context for processor 'ps7_cortexa9_0' is selected.
00:49:29 INFO  : The application '/home/saverio/prova_led/prova_led.sdk/led/Debug/led.elf' is downloaded to processor 'ps7_cortexa9_0'.
00:49:29 INFO  : 'configparams force-mem-access 0' command is executed.
00:49:29 INFO  : ----------------XSDB Script----------------
connect -url tcp:127.0.0.1:3121
source /home/saverio/prova_led/prova_led.sdk/design_1_wrapper_hw_platform_0/ps7_init.tcl
targets -set -nocase -filter {name =~"APU*" && jtag_cable_name =~ "Digilent Zybo 210279651570A"} -index 0
rst -system
after 3000
targets -set -filter {jtag_cable_name =~ "Digilent Zybo 210279651570A" && level==0} -index 1
fpga -file /home/saverio/prova_led/prova_led.sdk/design_1_wrapper_hw_platform_0/design_1_wrapper.bit
targets -set -nocase -filter {name =~"APU*" && jtag_cable_name =~ "Digilent Zybo 210279651570A"} -index 0
loadhw -hw /home/saverio/prova_led/prova_led.sdk/design_1_wrapper_hw_platform_0/system.hdf -mem-ranges [list {0x40000000 0xbfffffff}]
configparams force-mem-access 1
targets -set -nocase -filter {name =~"APU*" && jtag_cable_name =~ "Digilent Zybo 210279651570A"} -index 0
ps7_init
ps7_post_config
targets -set -nocase -filter {name =~ "ARM*#0" && jtag_cable_name =~ "Digilent Zybo 210279651570A"} -index 0
dow /home/saverio/prova_led/prova_led.sdk/led/Debug/led.elf
configparams force-mem-access 0
----------------End of Script----------------

00:49:29 INFO  : Memory regions updated for context APU
00:49:29 INFO  : Context for processor 'ps7_cortexa9_0' is selected.
00:49:29 INFO  : 'con' command is executed.
00:49:29 INFO  : ----------------XSDB Script (After Launch)----------------
targets -set -nocase -filter {name =~ "ARM*#0" && jtag_cable_name =~ "Digilent Zybo 210279651570A"} -index 0
con
----------------End of Script----------------

00:49:29 INFO  : Launch script is exported to file '/home/saverio/prova_led/prova_led.sdk/.sdk/launch_scripts/xilinx_c-c++_application_(system_debugger)/system_debugger_using_debug_led.elf_on_local.tcl'
00:53:58 INFO  : Disconnected from the channel tcfchan#5.
10:11:28 INFO  : Registering command handlers for SDK TCF services
10:11:31 INFO  : Launching XSCT server: xsct -n -interactive /home/saverio/prova_led/prova_led.sdk/temp_xsdb_launch_script.tcl
10:11:36 INFO  : XSCT server has started successfully.
10:11:36 INFO  : Successfully done setting XSCT server connection channel  
10:11:37 INFO  : Successfully done setting SDK workspace  
10:11:37 INFO  : Processing command line option -hwspec /home/saverio/prova_led/prova_led.sdk/design_1_wrapper.hdf.
10:11:37 INFO  : Checking for hwspec changes in the project design_1_wrapper_hw_platform_0.
10:11:57 INFO  : Connected to target on host '127.0.0.1' and port '3121'.
10:11:58 INFO  : Jtag cable 'Digilent Zybo 210279651570A' is selected.
10:11:58 INFO  : 'jtag frequency' command is executed.
10:11:58 INFO  : Sourcing of '/home/saverio/prova_led/prova_led.sdk/design_1_wrapper_hw_platform_0/ps7_init.tcl' is done.
10:11:58 INFO  : Context for 'APU' is selected.
10:11:58 INFO  : System reset is completed.
10:12:01 INFO  : 'after 3000' command is executed.
10:12:01 INFO  : 'targets -set -filter {jtag_cable_name =~ "Digilent Zybo 210279651570A" && level==0} -index 1' command is executed.
10:12:02 INFO  : FPGA configured successfully with bitstream "/home/saverio/prova_led/prova_led.sdk/design_1_wrapper_hw_platform_0/design_1_wrapper.bit"
10:12:03 INFO  : Context for 'APU' is selected.
10:12:03 INFO  : Hardware design information is loaded from '/home/saverio/prova_led/prova_led.sdk/design_1_wrapper_hw_platform_0/system.hdf'.
10:12:03 INFO  : 'configparams force-mem-access 1' command is executed.
10:12:03 INFO  : Context for 'APU' is selected.
10:12:04 INFO  : 'ps7_init' command is executed.
10:12:04 INFO  : 'ps7_post_config' command is executed.
10:12:05 INFO  : Context for processor 'ps7_cortexa9_0' is selected.
10:12:05 INFO  : The application '/home/saverio/prova_led/prova_led.sdk/led/Debug/led.elf' is downloaded to processor 'ps7_cortexa9_0'.
10:12:05 INFO  : 'configparams force-mem-access 0' command is executed.
10:12:05 INFO  : ----------------XSDB Script----------------
connect -url tcp:127.0.0.1:3121
source /home/saverio/prova_led/prova_led.sdk/design_1_wrapper_hw_platform_0/ps7_init.tcl
targets -set -nocase -filter {name =~"APU*" && jtag_cable_name =~ "Digilent Zybo 210279651570A"} -index 0
rst -system
after 3000
targets -set -filter {jtag_cable_name =~ "Digilent Zybo 210279651570A" && level==0} -index 1
fpga -file /home/saverio/prova_led/prova_led.sdk/design_1_wrapper_hw_platform_0/design_1_wrapper.bit
targets -set -nocase -filter {name =~"APU*" && jtag_cable_name =~ "Digilent Zybo 210279651570A"} -index 0
loadhw -hw /home/saverio/prova_led/prova_led.sdk/design_1_wrapper_hw_platform_0/system.hdf -mem-ranges [list {0x40000000 0xbfffffff}]
configparams force-mem-access 1
targets -set -nocase -filter {name =~"APU*" && jtag_cable_name =~ "Digilent Zybo 210279651570A"} -index 0
ps7_init
ps7_post_config
targets -set -nocase -filter {name =~ "ARM*#0" && jtag_cable_name =~ "Digilent Zybo 210279651570A"} -index 0
dow /home/saverio/prova_led/prova_led.sdk/led/Debug/led.elf
configparams force-mem-access 0
----------------End of Script----------------

10:12:05 INFO  : Memory regions updated for context APU
10:12:06 INFO  : Context for processor 'ps7_cortexa9_0' is selected.
10:12:06 INFO  : 'con' command is executed.
10:12:06 INFO  : ----------------XSDB Script (After Launch)----------------
targets -set -nocase -filter {name =~ "ARM*#0" && jtag_cable_name =~ "Digilent Zybo 210279651570A"} -index 0
con
----------------End of Script----------------

10:12:06 INFO  : Launch script is exported to file '/home/saverio/prova_led/prova_led.sdk/.sdk/launch_scripts/xilinx_c-c++_application_(system_debugger)/system_debugger_using_debug_led.elf_on_local.tcl'
10:12:39 INFO  : Disconnected from the channel tcfchan#1.
11:38:14 INFO  : Registering command handlers for SDK TCF services
11:38:15 INFO  : Launching XSCT server: xsct -n -interactive /home/saverio/prova_led/prova_led.sdk/temp_xsdb_launch_script.tcl
11:38:17 INFO  : XSCT server has started successfully.
11:38:17 INFO  : Successfully done setting XSCT server connection channel  
11:38:17 INFO  : Successfully done setting SDK workspace  
11:38:17 INFO  : Processing command line option -hwspec /home/saverio/prova_led/prova_led.sdk/design_1_wrapper.hdf.
11:38:17 INFO  : Checking for hwspec changes in the project design_1_wrapper_hw_platform_0.
11:38:33 INFO  : Connected to target on host '127.0.0.1' and port '3121'.
11:38:33 INFO  : Jtag cable 'Digilent Zybo 210279651570A' is selected.
11:38:33 INFO  : 'jtag frequency' command is executed.
11:38:33 INFO  : Sourcing of '/home/saverio/prova_led/prova_led.sdk/design_1_wrapper_hw_platform_0/ps7_init.tcl' is done.
11:38:33 INFO  : Context for 'APU' is selected.
11:38:34 INFO  : System reset is completed.
11:38:37 INFO  : 'after 3000' command is executed.
11:38:37 INFO  : 'targets -set -filter {jtag_cable_name =~ "Digilent Zybo 210279651570A" && level==0} -index 1' command is executed.
11:38:38 INFO  : FPGA configured successfully with bitstream "/home/saverio/prova_led/prova_led.sdk/design_1_wrapper_hw_platform_0/design_1_wrapper.bit"
11:38:38 INFO  : Context for 'APU' is selected.
11:38:38 INFO  : Hardware design information is loaded from '/home/saverio/prova_led/prova_led.sdk/design_1_wrapper_hw_platform_0/system.hdf'.
11:38:38 INFO  : 'configparams force-mem-access 1' command is executed.
11:38:38 INFO  : Context for 'APU' is selected.
11:38:38 INFO  : 'ps7_init' command is executed.
11:38:38 INFO  : 'ps7_post_config' command is executed.
11:38:38 INFO  : Context for processor 'ps7_cortexa9_0' is selected.
11:38:38 INFO  : The application '/home/saverio/prova_led/prova_led.sdk/led/Debug/led.elf' is downloaded to processor 'ps7_cortexa9_0'.
11:38:38 INFO  : 'configparams force-mem-access 0' command is executed.
11:38:38 INFO  : ----------------XSDB Script----------------
connect -url tcp:127.0.0.1:3121
source /home/saverio/prova_led/prova_led.sdk/design_1_wrapper_hw_platform_0/ps7_init.tcl
targets -set -nocase -filter {name =~"APU*" && jtag_cable_name =~ "Digilent Zybo 210279651570A"} -index 0
rst -system
after 3000
targets -set -filter {jtag_cable_name =~ "Digilent Zybo 210279651570A" && level==0} -index 1
fpga -file /home/saverio/prova_led/prova_led.sdk/design_1_wrapper_hw_platform_0/design_1_wrapper.bit
targets -set -nocase -filter {name =~"APU*" && jtag_cable_name =~ "Digilent Zybo 210279651570A"} -index 0
loadhw -hw /home/saverio/prova_led/prova_led.sdk/design_1_wrapper_hw_platform_0/system.hdf -mem-ranges [list {0x40000000 0xbfffffff}]
configparams force-mem-access 1
targets -set -nocase -filter {name =~"APU*" && jtag_cable_name =~ "Digilent Zybo 210279651570A"} -index 0
ps7_init
ps7_post_config
targets -set -nocase -filter {name =~ "ARM*#0" && jtag_cable_name =~ "Digilent Zybo 210279651570A"} -index 0
dow /home/saverio/prova_led/prova_led.sdk/led/Debug/led.elf
configparams force-mem-access 0
----------------End of Script----------------

11:38:39 INFO  : Memory regions updated for context APU
11:38:39 INFO  : Context for processor 'ps7_cortexa9_0' is selected.
11:38:39 INFO  : 'con' command is executed.
11:38:39 INFO  : ----------------XSDB Script (After Launch)----------------
targets -set -nocase -filter {name =~ "ARM*#0" && jtag_cable_name =~ "Digilent Zybo 210279651570A"} -index 0
con
----------------End of Script----------------

11:38:39 INFO  : Launch script is exported to file '/home/saverio/prova_led/prova_led.sdk/.sdk/launch_scripts/xilinx_c-c++_application_(system_debugger)/system_debugger_using_debug_led.elf_on_local.tcl'
11:40:13 INFO  : Disconnected from the channel tcfchan#1.
11:40:14 INFO  : Connected to target on host '127.0.0.1' and port '3121'.
11:40:14 INFO  : Jtag cable 'Digilent Zybo 210279651570A' is selected.
11:40:14 INFO  : 'jtag frequency' command is executed.
11:40:14 INFO  : Sourcing of '/home/saverio/prova_led/prova_led.sdk/design_1_wrapper_hw_platform_0/ps7_init.tcl' is done.
11:40:14 INFO  : Context for 'APU' is selected.
11:40:14 INFO  : System reset is completed.
11:40:17 INFO  : 'after 3000' command is executed.
11:40:17 INFO  : 'targets -set -filter {jtag_cable_name =~ "Digilent Zybo 210279651570A" && level==0} -index 1' command is executed.
11:40:19 INFO  : FPGA configured successfully with bitstream "/home/saverio/prova_led/prova_led.sdk/design_1_wrapper_hw_platform_0/design_1_wrapper.bit"
11:40:19 INFO  : Context for 'APU' is selected.
11:40:20 INFO  : Hardware design information is loaded from '/home/saverio/prova_led/prova_led.sdk/design_1_wrapper_hw_platform_0/system.hdf'.
11:40:20 INFO  : 'configparams force-mem-access 1' command is executed.
11:40:20 INFO  : Context for 'APU' is selected.
11:40:21 INFO  : 'ps7_init' command is executed.
11:40:21 INFO  : 'ps7_post_config' command is executed.
11:40:21 INFO  : Context for processor 'ps7_cortexa9_0' is selected.
11:40:21 INFO  : The application '/home/saverio/prova_led/prova_led.sdk/led/Debug/led.elf' is downloaded to processor 'ps7_cortexa9_0'.
11:40:21 INFO  : 'configparams force-mem-access 0' command is executed.
11:40:21 INFO  : ----------------XSDB Script----------------
connect -url tcp:127.0.0.1:3121
source /home/saverio/prova_led/prova_led.sdk/design_1_wrapper_hw_platform_0/ps7_init.tcl
targets -set -nocase -filter {name =~"APU*" && jtag_cable_name =~ "Digilent Zybo 210279651570A"} -index 0
rst -system
after 3000
targets -set -filter {jtag_cable_name =~ "Digilent Zybo 210279651570A" && level==0} -index 1
fpga -file /home/saverio/prova_led/prova_led.sdk/design_1_wrapper_hw_platform_0/design_1_wrapper.bit
targets -set -nocase -filter {name =~"APU*" && jtag_cable_name =~ "Digilent Zybo 210279651570A"} -index 0
loadhw -hw /home/saverio/prova_led/prova_led.sdk/design_1_wrapper_hw_platform_0/system.hdf -mem-ranges [list {0x40000000 0xbfffffff}]
configparams force-mem-access 1
targets -set -nocase -filter {name =~"APU*" && jtag_cable_name =~ "Digilent Zybo 210279651570A"} -index 0
ps7_init
ps7_post_config
targets -set -nocase -filter {name =~ "ARM*#0" && jtag_cable_name =~ "Digilent Zybo 210279651570A"} -index 0
dow /home/saverio/prova_led/prova_led.sdk/led/Debug/led.elf
configparams force-mem-access 0
----------------End of Script----------------

11:40:21 INFO  : Memory regions updated for context APU
11:40:21 INFO  : Context for processor 'ps7_cortexa9_0' is selected.
11:40:21 INFO  : 'con' command is executed.
11:40:21 INFO  : ----------------XSDB Script (After Launch)----------------
targets -set -nocase -filter {name =~ "ARM*#0" && jtag_cable_name =~ "Digilent Zybo 210279651570A"} -index 0
con
----------------End of Script----------------

11:40:21 INFO  : Launch script is exported to file '/home/saverio/prova_led/prova_led.sdk/.sdk/launch_scripts/xilinx_c-c++_application_(system_debugger)/system_debugger_using_debug_led.elf_on_local.tcl'
11:41:39 INFO  : Disconnected from the channel tcfchan#2.
11:41:40 INFO  : Connected to target on host '127.0.0.1' and port '3121'.
11:41:40 INFO  : Jtag cable 'Digilent Zybo 210279651570A' is selected.
11:41:40 INFO  : 'jtag frequency' command is executed.
11:41:40 INFO  : Sourcing of '/home/saverio/prova_led/prova_led.sdk/design_1_wrapper_hw_platform_0/ps7_init.tcl' is done.
11:41:40 INFO  : Context for 'APU' is selected.
11:41:41 INFO  : System reset is completed.
11:41:44 INFO  : 'after 3000' command is executed.
11:41:44 INFO  : 'targets -set -filter {jtag_cable_name =~ "Digilent Zybo 210279651570A" && level==0} -index 1' command is executed.
11:41:47 INFO  : FPGA configured successfully with bitstream "/home/saverio/prova_led/prova_led.sdk/design_1_wrapper_hw_platform_0/design_1_wrapper.bit"
11:41:47 INFO  : Context for 'APU' is selected.
11:41:48 INFO  : Hardware design information is loaded from '/home/saverio/prova_led/prova_led.sdk/design_1_wrapper_hw_platform_0/system.hdf'.
11:41:48 INFO  : 'configparams force-mem-access 1' command is executed.
11:41:48 INFO  : Context for 'APU' is selected.
11:41:49 INFO  : 'ps7_init' command is executed.
11:41:49 INFO  : 'ps7_post_config' command is executed.
11:41:49 INFO  : Context for processor 'ps7_cortexa9_0' is selected.
11:41:49 INFO  : The application '/home/saverio/prova_led/prova_led.sdk/led/Debug/led.elf' is downloaded to processor 'ps7_cortexa9_0'.
11:41:49 INFO  : 'configparams force-mem-access 0' command is executed.
11:41:49 INFO  : ----------------XSDB Script----------------
connect -url tcp:127.0.0.1:3121
source /home/saverio/prova_led/prova_led.sdk/design_1_wrapper_hw_platform_0/ps7_init.tcl
targets -set -nocase -filter {name =~"APU*" && jtag_cable_name =~ "Digilent Zybo 210279651570A"} -index 0
rst -system
after 3000
targets -set -filter {jtag_cable_name =~ "Digilent Zybo 210279651570A" && level==0} -index 1
fpga -file /home/saverio/prova_led/prova_led.sdk/design_1_wrapper_hw_platform_0/design_1_wrapper.bit
targets -set -nocase -filter {name =~"APU*" && jtag_cable_name =~ "Digilent Zybo 210279651570A"} -index 0
loadhw -hw /home/saverio/prova_led/prova_led.sdk/design_1_wrapper_hw_platform_0/system.hdf -mem-ranges [list {0x40000000 0xbfffffff}]
configparams force-mem-access 1
targets -set -nocase -filter {name =~"APU*" && jtag_cable_name =~ "Digilent Zybo 210279651570A"} -index 0
ps7_init
ps7_post_config
targets -set -nocase -filter {name =~ "ARM*#0" && jtag_cable_name =~ "Digilent Zybo 210279651570A"} -index 0
dow /home/saverio/prova_led/prova_led.sdk/led/Debug/led.elf
configparams force-mem-access 0
----------------End of Script----------------

11:41:49 INFO  : Memory regions updated for context APU
11:41:49 INFO  : Context for processor 'ps7_cortexa9_0' is selected.
11:41:49 INFO  : 'con' command is executed.
11:41:49 INFO  : ----------------XSDB Script (After Launch)----------------
targets -set -nocase -filter {name =~ "ARM*#0" && jtag_cable_name =~ "Digilent Zybo 210279651570A"} -index 0
con
----------------End of Script----------------

11:41:49 INFO  : Launch script is exported to file '/home/saverio/prova_led/prova_led.sdk/.sdk/launch_scripts/xilinx_c-c++_application_(system_debugger)/system_debugger_using_debug_led.elf_on_local.tcl'
11:42:12 INFO  : Disconnected from the channel tcfchan#3.
12:41:02 INFO  : Registering command handlers for SDK TCF services
12:41:03 INFO  : Launching XSCT server: xsct -n -interactive /home/saverio/prova_led/prova_led.sdk/temp_xsdb_launch_script.tcl
12:41:05 INFO  : XSCT server has started successfully.
12:41:05 INFO  : Successfully done setting XSCT server connection channel  
12:41:05 INFO  : Successfully done setting SDK workspace  
12:41:05 INFO  : Processing command line option -hwspec /home/saverio/prova_led/prova_led.sdk/design_1_wrapper.hdf.
12:41:05 INFO  : Checking for hwspec changes in the project design_1_wrapper_hw_platform_0.
12:42:11 INFO  : Saving repository preferences.
12:42:11 INFO  : Reading in cores from local repositories: 
		 /home/saverio/zybo/device-tree-xlnx
12:42:11 INFO  : Cleaning BSP projects in the workspace.
12:42:12 INFO  : Saving repository preferences.
12:42:29 INFO  : Saving repository preferences.
12:43:00 INFO  : Invoking Bootgen: bootgen -image FSBL.bif -arch zynq -o /home/saverio/prova_led/prova_led.sdk/FSBL/bootimage/BOOT.bin
12:43:00 INFO  : Creating new bif file /home/saverio/prova_led/prova_led.sdk/FSBL/bootimage/FSBL.bif
12:43:01 INFO  : Bootgen command execution is done.
