Copyright 1986-2018 Xilinx, Inc. All Rights Reserved.
------------------------------------------------------------------------------------
| Tool Version : Vivado v.2018.2 (lin64) Build 2258646 Thu Jun 14 20:02:38 MDT 2018
| Date         : Thu Apr 11 23:53:06 2019
| Host         : saverio-UX530UX running 64-bit Ubuntu 18.04.2 LTS
| Command      : upgrade_ip
| Device       : xc7z010clg400-1
------------------------------------------------------------------------------------

Upgrade Log for IP 'design_1_myled_controller_2_0'

1. Summary
----------

CAUTION (success, with warnings) in the upgrade of design_1_myled_controller_2_0 (user.org:user:myled_controller:1.0) from (Rev. 35) to (Rev. 36)

After upgrade, an IP may have parameter and port differences compared to the original customization. Please review the parameters within the IP customization GUI to ensure proper functionality. Also, please review the updated IP instantiation template to ensure proper connectivity, and update your design if required.

2. Connection Warnings
----------------------

Detected external port differences while upgrading 'design_1_myled_controller_2_0'. These changes may impact your design.


-Upgraded port 'pads' inout differs from original direction out







Copyright 1986-2018 Xilinx, Inc. All Rights Reserved.
------------------------------------------------------------------------------------
| Tool Version : Vivado v.2018.2 (lin64) Build 2258646 Thu Jun 14 20:02:38 MDT 2018
| Date         : Thu Apr 11 23:53:06 2019
| Host         : saverio-UX530UX running 64-bit Ubuntu 18.04.2 LTS
| Command      : upgrade_ip
| Device       : xc7z010clg400-1
------------------------------------------------------------------------------------

Upgrade Log for IP 'design_1_myled_controller_1_0'

1. Summary
----------

CAUTION (success, with warnings) in the upgrade of design_1_myled_controller_1_0 (user.org:user:myled_controller:1.0) from (Rev. 35) to (Rev. 36)

After upgrade, an IP may have parameter and port differences compared to the original customization. Please review the parameters within the IP customization GUI to ensure proper functionality. Also, please review the updated IP instantiation template to ensure proper connectivity, and update your design if required.

2. Connection Warnings
----------------------

Detected external port differences while upgrading 'design_1_myled_controller_1_0'. These changes may impact your design.


-Upgraded port 'pads' inout differs from original direction out







Copyright 1986-2018 Xilinx, Inc. All Rights Reserved.
------------------------------------------------------------------------------------
| Tool Version : Vivado v.2018.2 (lin64) Build 2258646 Thu Jun 14 20:02:38 MDT 2018
| Date         : Thu Apr 11 23:53:06 2019
| Host         : saverio-UX530UX running 64-bit Ubuntu 18.04.2 LTS
| Command      : upgrade_ip
| Device       : xc7z010clg400-1
------------------------------------------------------------------------------------

Upgrade Log for IP 'design_1_myled_controller_0_0'

1. Summary
----------

CAUTION (success, with warnings) in the upgrade of design_1_myled_controller_0_0 (user.org:user:myled_controller:1.0) from (Rev. 35) to (Rev. 36)

After upgrade, an IP may have parameter and port differences compared to the original customization. Please review the parameters within the IP customization GUI to ensure proper functionality. Also, please review the updated IP instantiation template to ensure proper connectivity, and update your design if required.

2. Connection Warnings
----------------------

Detected external port differences while upgrading 'design_1_myled_controller_0_0'. These changes may impact your design.


-Upgraded port 'pads' inout differs from original direction out







Copyright 1986-2018 Xilinx, Inc. All Rights Reserved.
------------------------------------------------------------------------------------
| Tool Version : Vivado v.2018.2 (lin64) Build 2258646 Thu Jun 14 20:02:38 MDT 2018
| Date         : Thu Apr 11 23:04:24 2019
| Host         : saverio-UX530UX running 64-bit Ubuntu 18.04.2 LTS
| Command      : upgrade_ip
| Device       : xc7z010clg400-1
------------------------------------------------------------------------------------

Upgrade Log for IP 'design_1_myled_controller_2_0'

1. Summary
----------

SUCCESS in the upgrade of design_1_myled_controller_2_0 (user.org:user:myled_controller:1.0) from (Rev. 34) to (Rev. 35)






Copyright 1986-2018 Xilinx, Inc. All Rights Reserved.
------------------------------------------------------------------------------------
| Tool Version : Vivado v.2018.2 (lin64) Build 2258646 Thu Jun 14 20:02:38 MDT 2018
| Date         : Thu Apr 11 23:04:24 2019
| Host         : saverio-UX530UX running 64-bit Ubuntu 18.04.2 LTS
| Command      : upgrade_ip
| Device       : xc7z010clg400-1
------------------------------------------------------------------------------------

Upgrade Log for IP 'design_1_myled_controller_1_0'

1. Summary
----------

SUCCESS in the upgrade of design_1_myled_controller_1_0 (user.org:user:myled_controller:1.0) from (Rev. 34) to (Rev. 35)






Copyright 1986-2018 Xilinx, Inc. All Rights Reserved.
------------------------------------------------------------------------------------
| Tool Version : Vivado v.2018.2 (lin64) Build 2258646 Thu Jun 14 20:02:38 MDT 2018
| Date         : Thu Apr 11 23:04:24 2019
| Host         : saverio-UX530UX running 64-bit Ubuntu 18.04.2 LTS
| Command      : upgrade_ip
| Device       : xc7z010clg400-1
------------------------------------------------------------------------------------

Upgrade Log for IP 'design_1_myled_controller_0_0'

1. Summary
----------

SUCCESS in the upgrade of design_1_myled_controller_0_0 (user.org:user:myled_controller:1.0) from (Rev. 34) to (Rev. 35)






Copyright 1986-2018 Xilinx, Inc. All Rights Reserved.
------------------------------------------------------------------------------------
| Tool Version : Vivado v.2018.2 (lin64) Build 2258646 Thu Jun 14 20:02:38 MDT 2018
| Date         : Thu Apr 11 22:55:47 2019
| Host         : saverio-UX530UX running 64-bit Ubuntu 18.04.2 LTS
| Command      : upgrade_ip
| Device       : xc7z010clg400-1
------------------------------------------------------------------------------------

Upgrade Log for IP 'design_1_myled_controller_2_0'

1. Summary
----------

CAUTION (success, with warnings) in the upgrade of design_1_myled_controller_2_0 (user.org:user:myled_controller:1.0) from (Rev. 33) to (Rev. 34)

After upgrade, an IP may have parameter and port differences compared to the original customization. Please review the parameters within the IP customization GUI to ensure proper functionality. Also, please review the updated IP instantiation template to ensure proper connectivity, and update your design if required.

2. Connection Warnings
----------------------

Detected external port differences while upgrading 'design_1_myled_controller_2_0'. These changes may impact your design.


-Upgrade has removed port 'uscita'







Copyright 1986-2018 Xilinx, Inc. All Rights Reserved.
------------------------------------------------------------------------------------
| Tool Version : Vivado v.2018.2 (lin64) Build 2258646 Thu Jun 14 20:02:38 MDT 2018
| Date         : Thu Apr 11 22:55:47 2019
| Host         : saverio-UX530UX running 64-bit Ubuntu 18.04.2 LTS
| Command      : upgrade_ip
| Device       : xc7z010clg400-1
------------------------------------------------------------------------------------

Upgrade Log for IP 'design_1_myled_controller_1_0'

1. Summary
----------

CAUTION (success, with warnings) in the upgrade of design_1_myled_controller_1_0 (user.org:user:myled_controller:1.0) from (Rev. 33) to (Rev. 34)

After upgrade, an IP may have parameter and port differences compared to the original customization. Please review the parameters within the IP customization GUI to ensure proper functionality. Also, please review the updated IP instantiation template to ensure proper connectivity, and update your design if required.

2. Connection Warnings
----------------------

Detected external port differences while upgrading 'design_1_myled_controller_1_0'. These changes may impact your design.


-Upgrade has removed port 'uscita'







Copyright 1986-2018 Xilinx, Inc. All Rights Reserved.
------------------------------------------------------------------------------------
| Tool Version : Vivado v.2018.2 (lin64) Build 2258646 Thu Jun 14 20:02:38 MDT 2018
| Date         : Thu Apr 11 22:55:47 2019
| Host         : saverio-UX530UX running 64-bit Ubuntu 18.04.2 LTS
| Command      : upgrade_ip
| Device       : xc7z010clg400-1
------------------------------------------------------------------------------------

Upgrade Log for IP 'design_1_myled_controller_0_0'

1. Summary
----------

CAUTION (success, with warnings) in the upgrade of design_1_myled_controller_0_0 (user.org:user:myled_controller:1.0) from (Rev. 33) to (Rev. 34)

After upgrade, an IP may have parameter and port differences compared to the original customization. Please review the parameters within the IP customization GUI to ensure proper functionality. Also, please review the updated IP instantiation template to ensure proper connectivity, and update your design if required.

2. Connection Warnings
----------------------

Detected external port differences while upgrading 'design_1_myled_controller_0_0'. These changes may impact your design.


-Upgrade has removed port 'uscita'







Copyright 1986-2018 Xilinx, Inc. All Rights Reserved.
------------------------------------------------------------------------------------
| Tool Version : Vivado v.2018.2 (lin64) Build 2258646 Thu Jun 14 20:02:38 MDT 2018
| Date         : Thu Apr 11 21:54:06 2019
| Host         : saverio-UX530UX running 64-bit Ubuntu 18.04.2 LTS
| Command      : upgrade_ip
| Device       : xc7z010clg400-1
------------------------------------------------------------------------------------

Upgrade Log for IP 'design_1_myled_controller_2_0'

1. Summary
----------

CAUTION (success, with warnings) in the upgrade of design_1_myled_controller_2_0 (user.org:user:myled_controller:1.0) from (Rev. 32) to (Rev. 33)

After upgrade, an IP may have parameter and port differences compared to the original customization. Please review the parameters within the IP customization GUI to ensure proper functionality. Also, please review the updated IP instantiation template to ensure proper connectivity, and update your design if required.

2. Connection Warnings
----------------------

Detected external port differences while upgrading 'design_1_myled_controller_2_0'. These changes may impact your design.


-Upgrade has added port 'uscita'







Copyright 1986-2018 Xilinx, Inc. All Rights Reserved.
------------------------------------------------------------------------------------
| Tool Version : Vivado v.2018.2 (lin64) Build 2258646 Thu Jun 14 20:02:38 MDT 2018
| Date         : Thu Apr 11 21:54:06 2019
| Host         : saverio-UX530UX running 64-bit Ubuntu 18.04.2 LTS
| Command      : upgrade_ip
| Device       : xc7z010clg400-1
------------------------------------------------------------------------------------

Upgrade Log for IP 'design_1_myled_controller_1_0'

1. Summary
----------

CAUTION (success, with warnings) in the upgrade of design_1_myled_controller_1_0 (user.org:user:myled_controller:1.0) from (Rev. 32) to (Rev. 33)

After upgrade, an IP may have parameter and port differences compared to the original customization. Please review the parameters within the IP customization GUI to ensure proper functionality. Also, please review the updated IP instantiation template to ensure proper connectivity, and update your design if required.

2. Connection Warnings
----------------------

Detected external port differences while upgrading 'design_1_myled_controller_1_0'. These changes may impact your design.


-Upgrade has added port 'uscita'







Copyright 1986-2018 Xilinx, Inc. All Rights Reserved.
------------------------------------------------------------------------------------
| Tool Version : Vivado v.2018.2 (lin64) Build 2258646 Thu Jun 14 20:02:38 MDT 2018
| Date         : Thu Apr 11 21:54:06 2019
| Host         : saverio-UX530UX running 64-bit Ubuntu 18.04.2 LTS
| Command      : upgrade_ip
| Device       : xc7z010clg400-1
------------------------------------------------------------------------------------

Upgrade Log for IP 'design_1_myled_controller_0_0'

1. Summary
----------

CAUTION (success, with warnings) in the upgrade of design_1_myled_controller_0_0 (user.org:user:myled_controller:1.0) from (Rev. 32) to (Rev. 33)

After upgrade, an IP may have parameter and port differences compared to the original customization. Please review the parameters within the IP customization GUI to ensure proper functionality. Also, please review the updated IP instantiation template to ensure proper connectivity, and update your design if required.

2. Connection Warnings
----------------------

Detected external port differences while upgrading 'design_1_myled_controller_0_0'. These changes may impact your design.


-Upgrade has added port 'uscita'







Copyright 1986-2018 Xilinx, Inc. All Rights Reserved.
------------------------------------------------------------------------------------
| Tool Version : Vivado v.2018.2 (lin64) Build 2258646 Thu Jun 14 20:02:38 MDT 2018
| Date         : Thu Apr 11 21:44:42 2019
| Host         : saverio-UX530UX running 64-bit Ubuntu 18.04.2 LTS
| Command      : upgrade_ip
| Device       : xc7z010clg400-1
------------------------------------------------------------------------------------

Upgrade Log for IP 'design_1_myled_controller_2_0'

1. Summary
----------

CAUTION (success, with warnings) in the upgrade of design_1_myled_controller_2_0 (user.org:user:myled_controller:1.0) from (Rev. 31) to (Rev. 32)

After upgrade, an IP may have parameter and port differences compared to the original customization. Please review the parameters within the IP customization GUI to ensure proper functionality. Also, please review the updated IP instantiation template to ensure proper connectivity, and update your design if required.

2. Connection Warnings
----------------------

Detected external port differences while upgrading 'design_1_myled_controller_2_0'. These changes may impact your design.


-Upgraded port 'pads' out differs from original direction inout







Copyright 1986-2018 Xilinx, Inc. All Rights Reserved.
------------------------------------------------------------------------------------
| Tool Version : Vivado v.2018.2 (lin64) Build 2258646 Thu Jun 14 20:02:38 MDT 2018
| Date         : Thu Apr 11 21:44:42 2019
| Host         : saverio-UX530UX running 64-bit Ubuntu 18.04.2 LTS
| Command      : upgrade_ip
| Device       : xc7z010clg400-1
------------------------------------------------------------------------------------

Upgrade Log for IP 'design_1_myled_controller_1_0'

1. Summary
----------

CAUTION (success, with warnings) in the upgrade of design_1_myled_controller_1_0 (user.org:user:myled_controller:1.0) from (Rev. 31) to (Rev. 32)

After upgrade, an IP may have parameter and port differences compared to the original customization. Please review the parameters within the IP customization GUI to ensure proper functionality. Also, please review the updated IP instantiation template to ensure proper connectivity, and update your design if required.

2. Connection Warnings
----------------------

Detected external port differences while upgrading 'design_1_myled_controller_1_0'. These changes may impact your design.


-Upgraded port 'pads' out differs from original direction inout







Copyright 1986-2018 Xilinx, Inc. All Rights Reserved.
------------------------------------------------------------------------------------
| Tool Version : Vivado v.2018.2 (lin64) Build 2258646 Thu Jun 14 20:02:38 MDT 2018
| Date         : Thu Apr 11 21:44:42 2019
| Host         : saverio-UX530UX running 64-bit Ubuntu 18.04.2 LTS
| Command      : upgrade_ip
| Device       : xc7z010clg400-1
------------------------------------------------------------------------------------

Upgrade Log for IP 'design_1_myled_controller_0_0'

1. Summary
----------

CAUTION (success, with warnings) in the upgrade of design_1_myled_controller_0_0 (user.org:user:myled_controller:1.0) from (Rev. 31) to (Rev. 32)

After upgrade, an IP may have parameter and port differences compared to the original customization. Please review the parameters within the IP customization GUI to ensure proper functionality. Also, please review the updated IP instantiation template to ensure proper connectivity, and update your design if required.

2. Connection Warnings
----------------------

Detected external port differences while upgrading 'design_1_myled_controller_0_0'. These changes may impact your design.


-Upgraded port 'pads' out differs from original direction inout







Copyright 1986-2018 Xilinx, Inc. All Rights Reserved.
------------------------------------------------------------------------------------
| Tool Version : Vivado v.2018.2 (lin64) Build 2258646 Thu Jun 14 20:02:38 MDT 2018
| Date         : Thu Apr 11 20:39:18 2019
| Host         : saverio-UX530UX running 64-bit Ubuntu 18.04.2 LTS
| Command      : upgrade_ip
| Device       : xc7z010clg400-1
------------------------------------------------------------------------------------

Upgrade Log for IP 'design_1_myled_controller_2_0'

1. Summary
----------

CAUTION (success, with warnings) in the upgrade of design_1_myled_controller_2_0 (user.org:user:myled_controller:1.0) from (Rev. 30) to (Rev. 31)

After upgrade, an IP may have parameter and port differences compared to the original customization. Please review the parameters within the IP customization GUI to ensure proper functionality. Also, please review the updated IP instantiation template to ensure proper connectivity, and update your design if required.

2. Connection Warnings
----------------------

Detected external port differences while upgrading 'design_1_myled_controller_2_0'. These changes may impact your design.


-Upgraded port 'pads' inout differs from original direction out







Copyright 1986-2018 Xilinx, Inc. All Rights Reserved.
------------------------------------------------------------------------------------
| Tool Version : Vivado v.2018.2 (lin64) Build 2258646 Thu Jun 14 20:02:38 MDT 2018
| Date         : Thu Apr 11 20:39:18 2019
| Host         : saverio-UX530UX running 64-bit Ubuntu 18.04.2 LTS
| Command      : upgrade_ip
| Device       : xc7z010clg400-1
------------------------------------------------------------------------------------

Upgrade Log for IP 'design_1_myled_controller_1_0'

1. Summary
----------

CAUTION (success, with warnings) in the upgrade of design_1_myled_controller_1_0 (user.org:user:myled_controller:1.0) from (Rev. 30) to (Rev. 31)

After upgrade, an IP may have parameter and port differences compared to the original customization. Please review the parameters within the IP customization GUI to ensure proper functionality. Also, please review the updated IP instantiation template to ensure proper connectivity, and update your design if required.

2. Connection Warnings
----------------------

Detected external port differences while upgrading 'design_1_myled_controller_1_0'. These changes may impact your design.


-Upgraded port 'pads' inout differs from original direction out







Copyright 1986-2018 Xilinx, Inc. All Rights Reserved.
------------------------------------------------------------------------------------
| Tool Version : Vivado v.2018.2 (lin64) Build 2258646 Thu Jun 14 20:02:38 MDT 2018
| Date         : Thu Apr 11 20:39:17 2019
| Host         : saverio-UX530UX running 64-bit Ubuntu 18.04.2 LTS
| Command      : upgrade_ip
| Device       : xc7z010clg400-1
------------------------------------------------------------------------------------

Upgrade Log for IP 'design_1_myled_controller_0_0'

1. Summary
----------

CAUTION (success, with warnings) in the upgrade of design_1_myled_controller_0_0 (user.org:user:myled_controller:1.0) from (Rev. 30) to (Rev. 31)

After upgrade, an IP may have parameter and port differences compared to the original customization. Please review the parameters within the IP customization GUI to ensure proper functionality. Also, please review the updated IP instantiation template to ensure proper connectivity, and update your design if required.

2. Connection Warnings
----------------------

Detected external port differences while upgrading 'design_1_myled_controller_0_0'. These changes may impact your design.


-Upgraded port 'pads' inout differs from original direction out







Copyright 1986-2018 Xilinx, Inc. All Rights Reserved.
------------------------------------------------------------------------------------
| Tool Version : Vivado v.2018.2 (lin64) Build 2258646 Thu Jun 14 20:02:38 MDT 2018
| Date         : Wed Apr 10 23:00:38 2019
| Host         : saverio-UX530UX running 64-bit Ubuntu 18.04.2 LTS
| Command      : upgrade_ip
| Device       : xc7z010clg400-1
------------------------------------------------------------------------------------

Upgrade Log for IP 'design_1_myled_controller_2_0'

1. Summary
----------

SUCCESS in the upgrade of design_1_myled_controller_2_0 (user.org:user:myled_controller:1.0) from (Rev. 29) to (Rev. 30)






Copyright 1986-2018 Xilinx, Inc. All Rights Reserved.
------------------------------------------------------------------------------------
| Tool Version : Vivado v.2018.2 (lin64) Build 2258646 Thu Jun 14 20:02:38 MDT 2018
| Date         : Wed Apr 10 23:00:38 2019
| Host         : saverio-UX530UX running 64-bit Ubuntu 18.04.2 LTS
| Command      : upgrade_ip
| Device       : xc7z010clg400-1
------------------------------------------------------------------------------------

Upgrade Log for IP 'design_1_myled_controller_1_0'

1. Summary
----------

SUCCESS in the upgrade of design_1_myled_controller_1_0 (user.org:user:myled_controller:1.0) from (Rev. 29) to (Rev. 30)






Copyright 1986-2018 Xilinx, Inc. All Rights Reserved.
------------------------------------------------------------------------------------
| Tool Version : Vivado v.2018.2 (lin64) Build 2258646 Thu Jun 14 20:02:38 MDT 2018
| Date         : Wed Apr 10 23:00:37 2019
| Host         : saverio-UX530UX running 64-bit Ubuntu 18.04.2 LTS
| Command      : upgrade_ip
| Device       : xc7z010clg400-1
------------------------------------------------------------------------------------

Upgrade Log for IP 'design_1_myled_controller_0_0'

1. Summary
----------

SUCCESS in the upgrade of design_1_myled_controller_0_0 (user.org:user:myled_controller:1.0) from (Rev. 29) to (Rev. 30)






Copyright 1986-2018 Xilinx, Inc. All Rights Reserved.
------------------------------------------------------------------------------------
| Tool Version : Vivado v.2018.2 (lin64) Build 2258646 Thu Jun 14 20:02:38 MDT 2018
| Date         : Wed Apr 10 22:57:33 2019
| Host         : saverio-UX530UX running 64-bit Ubuntu 18.04.2 LTS
| Command      : upgrade_ip
| Device       : xc7z010clg400-1
------------------------------------------------------------------------------------

Upgrade Log for IP 'design_1_myled_controller_2_0'

1. Summary
----------

SUCCESS in the upgrade of design_1_myled_controller_2_0 (user.org:user:myled_controller:1.0) from (Rev. 28) to (Rev. 29)






Copyright 1986-2018 Xilinx, Inc. All Rights Reserved.
------------------------------------------------------------------------------------
| Tool Version : Vivado v.2018.2 (lin64) Build 2258646 Thu Jun 14 20:02:38 MDT 2018
| Date         : Wed Apr 10 22:57:33 2019
| Host         : saverio-UX530UX running 64-bit Ubuntu 18.04.2 LTS
| Command      : upgrade_ip
| Device       : xc7z010clg400-1
------------------------------------------------------------------------------------

Upgrade Log for IP 'design_1_myled_controller_1_0'

1. Summary
----------

SUCCESS in the upgrade of design_1_myled_controller_1_0 (user.org:user:myled_controller:1.0) from (Rev. 28) to (Rev. 29)






Copyright 1986-2018 Xilinx, Inc. All Rights Reserved.
------------------------------------------------------------------------------------
| Tool Version : Vivado v.2018.2 (lin64) Build 2258646 Thu Jun 14 20:02:38 MDT 2018
| Date         : Wed Apr 10 22:57:33 2019
| Host         : saverio-UX530UX running 64-bit Ubuntu 18.04.2 LTS
| Command      : upgrade_ip
| Device       : xc7z010clg400-1
------------------------------------------------------------------------------------

Upgrade Log for IP 'design_1_myled_controller_0_0'

1. Summary
----------

SUCCESS in the upgrade of design_1_myled_controller_0_0 (user.org:user:myled_controller:1.0) from (Rev. 28) to (Rev. 29)






Copyright 1986-2018 Xilinx, Inc. All Rights Reserved.
------------------------------------------------------------------------------------
| Tool Version : Vivado v.2018.2 (lin64) Build 2258646 Thu Jun 14 20:02:38 MDT 2018
| Date         : Wed Apr 10 22:32:02 2019
| Host         : saverio-UX530UX running 64-bit Ubuntu 18.04.2 LTS
| Command      : upgrade_ip
| Device       : xc7z010clg400-1
------------------------------------------------------------------------------------

Upgrade Log for IP 'design_1_myled_controller_2_0'

1. Summary
----------

SUCCESS in the upgrade of design_1_myled_controller_2_0 (user.org:user:myled_controller:1.0) from (Rev. 27) to (Rev. 28)






Copyright 1986-2018 Xilinx, Inc. All Rights Reserved.
------------------------------------------------------------------------------------
| Tool Version : Vivado v.2018.2 (lin64) Build 2258646 Thu Jun 14 20:02:38 MDT 2018
| Date         : Wed Apr 10 22:32:02 2019
| Host         : saverio-UX530UX running 64-bit Ubuntu 18.04.2 LTS
| Command      : upgrade_ip
| Device       : xc7z010clg400-1
------------------------------------------------------------------------------------

Upgrade Log for IP 'design_1_myled_controller_1_0'

1. Summary
----------

SUCCESS in the upgrade of design_1_myled_controller_1_0 (user.org:user:myled_controller:1.0) from (Rev. 27) to (Rev. 28)






Copyright 1986-2018 Xilinx, Inc. All Rights Reserved.
------------------------------------------------------------------------------------
| Tool Version : Vivado v.2018.2 (lin64) Build 2258646 Thu Jun 14 20:02:38 MDT 2018
| Date         : Wed Apr 10 22:32:02 2019
| Host         : saverio-UX530UX running 64-bit Ubuntu 18.04.2 LTS
| Command      : upgrade_ip
| Device       : xc7z010clg400-1
------------------------------------------------------------------------------------

Upgrade Log for IP 'design_1_myled_controller_0_0'

1. Summary
----------

SUCCESS in the upgrade of design_1_myled_controller_0_0 (user.org:user:myled_controller:1.0) from (Rev. 27) to (Rev. 28)






Copyright 1986-2018 Xilinx, Inc. All Rights Reserved.
------------------------------------------------------------------------------------
| Tool Version : Vivado v.2018.2 (lin64) Build 2258646 Thu Jun 14 20:02:38 MDT 2018
| Date         : Wed Apr 10 22:21:24 2019
| Host         : saverio-UX530UX running 64-bit Ubuntu 18.04.2 LTS
| Command      : upgrade_ip
| Device       : xc7z010clg400-1
------------------------------------------------------------------------------------

Upgrade Log for IP 'design_1_myled_controller_2_0'

1. Summary
----------

SUCCESS in the upgrade of design_1_myled_controller_2_0 (user.org:user:myled_controller:1.0) from (Rev. 26) to (Rev. 27)






Copyright 1986-2018 Xilinx, Inc. All Rights Reserved.
------------------------------------------------------------------------------------
| Tool Version : Vivado v.2018.2 (lin64) Build 2258646 Thu Jun 14 20:02:38 MDT 2018
| Date         : Wed Apr 10 22:21:24 2019
| Host         : saverio-UX530UX running 64-bit Ubuntu 18.04.2 LTS
| Command      : upgrade_ip
| Device       : xc7z010clg400-1
------------------------------------------------------------------------------------

Upgrade Log for IP 'design_1_myled_controller_1_0'

1. Summary
----------

SUCCESS in the upgrade of design_1_myled_controller_1_0 (user.org:user:myled_controller:1.0) from (Rev. 26) to (Rev. 27)






Copyright 1986-2018 Xilinx, Inc. All Rights Reserved.
------------------------------------------------------------------------------------
| Tool Version : Vivado v.2018.2 (lin64) Build 2258646 Thu Jun 14 20:02:38 MDT 2018
| Date         : Wed Apr 10 22:21:24 2019
| Host         : saverio-UX530UX running 64-bit Ubuntu 18.04.2 LTS
| Command      : upgrade_ip
| Device       : xc7z010clg400-1
------------------------------------------------------------------------------------

Upgrade Log for IP 'design_1_myled_controller_0_0'

1. Summary
----------

SUCCESS in the upgrade of design_1_myled_controller_0_0 (user.org:user:myled_controller:1.0) from (Rev. 26) to (Rev. 27)






Copyright 1986-2018 Xilinx, Inc. All Rights Reserved.
------------------------------------------------------------------------------------
| Tool Version : Vivado v.2018.2 (lin64) Build 2258646 Thu Jun 14 20:02:38 MDT 2018
| Date         : Wed Apr 10 22:20:17 2019
| Host         : saverio-UX530UX running 64-bit Ubuntu 18.04.2 LTS
| Command      : upgrade_ip
| Device       : xc7z010clg400-1
------------------------------------------------------------------------------------

Upgrade Log for IP 'design_1_myled_controller_2_0'

1. Summary
----------

SUCCESS in the upgrade of design_1_myled_controller_2_0 (user.org:user:myled_controller:1.0) from (Rev. 25) to (Rev. 26)






Copyright 1986-2018 Xilinx, Inc. All Rights Reserved.
------------------------------------------------------------------------------------
| Tool Version : Vivado v.2018.2 (lin64) Build 2258646 Thu Jun 14 20:02:38 MDT 2018
| Date         : Wed Apr 10 22:20:17 2019
| Host         : saverio-UX530UX running 64-bit Ubuntu 18.04.2 LTS
| Command      : upgrade_ip
| Device       : xc7z010clg400-1
------------------------------------------------------------------------------------

Upgrade Log for IP 'design_1_myled_controller_1_0'

1. Summary
----------

SUCCESS in the upgrade of design_1_myled_controller_1_0 (user.org:user:myled_controller:1.0) from (Rev. 25) to (Rev. 26)






Copyright 1986-2018 Xilinx, Inc. All Rights Reserved.
------------------------------------------------------------------------------------
| Tool Version : Vivado v.2018.2 (lin64) Build 2258646 Thu Jun 14 20:02:38 MDT 2018
| Date         : Wed Apr 10 22:20:17 2019
| Host         : saverio-UX530UX running 64-bit Ubuntu 18.04.2 LTS
| Command      : upgrade_ip
| Device       : xc7z010clg400-1
------------------------------------------------------------------------------------

Upgrade Log for IP 'design_1_myled_controller_0_0'

1. Summary
----------

SUCCESS in the upgrade of design_1_myled_controller_0_0 (user.org:user:myled_controller:1.0) from (Rev. 25) to (Rev. 26)






Copyright 1986-2018 Xilinx, Inc. All Rights Reserved.
------------------------------------------------------------------------------------
| Tool Version : Vivado v.2018.2 (lin64) Build 2258646 Thu Jun 14 20:02:38 MDT 2018
| Date         : Wed Apr 10 21:35:25 2019
| Host         : saverio-UX530UX running 64-bit Ubuntu 18.04.2 LTS
| Command      : upgrade_ip
| Device       : xc7z010clg400-1
------------------------------------------------------------------------------------

Upgrade Log for IP 'design_1_myled_controller_2_0'

1. Summary
----------

SUCCESS in the upgrade of design_1_myled_controller_2_0 (user.org:user:myled_controller:1.0) from (Rev. 24) to (Rev. 25)






Copyright 1986-2018 Xilinx, Inc. All Rights Reserved.
------------------------------------------------------------------------------------
| Tool Version : Vivado v.2018.2 (lin64) Build 2258646 Thu Jun 14 20:02:38 MDT 2018
| Date         : Wed Apr 10 21:35:25 2019
| Host         : saverio-UX530UX running 64-bit Ubuntu 18.04.2 LTS
| Command      : upgrade_ip
| Device       : xc7z010clg400-1
------------------------------------------------------------------------------------

Upgrade Log for IP 'design_1_myled_controller_1_0'

1. Summary
----------

SUCCESS in the upgrade of design_1_myled_controller_1_0 (user.org:user:myled_controller:1.0) from (Rev. 24) to (Rev. 25)






Copyright 1986-2018 Xilinx, Inc. All Rights Reserved.
------------------------------------------------------------------------------------
| Tool Version : Vivado v.2018.2 (lin64) Build 2258646 Thu Jun 14 20:02:38 MDT 2018
| Date         : Wed Apr 10 21:35:25 2019
| Host         : saverio-UX530UX running 64-bit Ubuntu 18.04.2 LTS
| Command      : upgrade_ip
| Device       : xc7z010clg400-1
------------------------------------------------------------------------------------

Upgrade Log for IP 'design_1_myled_controller_0_0'

1. Summary
----------

SUCCESS in the upgrade of design_1_myled_controller_0_0 (user.org:user:myled_controller:1.0) from (Rev. 24) to (Rev. 25)






Copyright 1986-2018 Xilinx, Inc. All Rights Reserved.
------------------------------------------------------------------------------------
| Tool Version : Vivado v.2018.2 (lin64) Build 2258646 Thu Jun 14 20:02:38 MDT 2018
| Date         : Wed Apr 10 21:31:00 2019
| Host         : saverio-UX530UX running 64-bit Ubuntu 18.04.2 LTS
| Command      : upgrade_ip
| Device       : xc7z010clg400-1
------------------------------------------------------------------------------------

Upgrade Log for IP 'design_1_myled_controller_2_0'

1. Summary
----------

SUCCESS in the upgrade of design_1_myled_controller_2_0 (user.org:user:myled_controller:1.0) from (Rev. 23) to (Rev. 24)






Copyright 1986-2018 Xilinx, Inc. All Rights Reserved.
------------------------------------------------------------------------------------
| Tool Version : Vivado v.2018.2 (lin64) Build 2258646 Thu Jun 14 20:02:38 MDT 2018
| Date         : Wed Apr 10 21:31:00 2019
| Host         : saverio-UX530UX running 64-bit Ubuntu 18.04.2 LTS
| Command      : upgrade_ip
| Device       : xc7z010clg400-1
------------------------------------------------------------------------------------

Upgrade Log for IP 'design_1_myled_controller_1_0'

1. Summary
----------

SUCCESS in the upgrade of design_1_myled_controller_1_0 (user.org:user:myled_controller:1.0) from (Rev. 23) to (Rev. 24)






Copyright 1986-2018 Xilinx, Inc. All Rights Reserved.
------------------------------------------------------------------------------------
| Tool Version : Vivado v.2018.2 (lin64) Build 2258646 Thu Jun 14 20:02:38 MDT 2018
| Date         : Wed Apr 10 21:31:00 2019
| Host         : saverio-UX530UX running 64-bit Ubuntu 18.04.2 LTS
| Command      : upgrade_ip
| Device       : xc7z010clg400-1
------------------------------------------------------------------------------------

Upgrade Log for IP 'design_1_myled_controller_0_0'

1. Summary
----------

SUCCESS in the upgrade of design_1_myled_controller_0_0 (user.org:user:myled_controller:1.0) from (Rev. 23) to (Rev. 24)






Copyright 1986-2018 Xilinx, Inc. All Rights Reserved.
------------------------------------------------------------------------------------
| Tool Version : Vivado v.2018.2 (lin64) Build 2258646 Thu Jun 14 20:02:38 MDT 2018
| Date         : Wed Apr 10 21:27:24 2019
| Host         : saverio-UX530UX running 64-bit Ubuntu 18.04.2 LTS
| Command      : upgrade_ip
| Device       : xc7z010clg400-1
------------------------------------------------------------------------------------

Upgrade Log for IP 'design_1_myled_controller_2_0'

1. Summary
----------

SUCCESS in the upgrade of design_1_myled_controller_2_0 (user.org:user:myled_controller:1.0) from (Rev. 22) to (Rev. 23)






Copyright 1986-2018 Xilinx, Inc. All Rights Reserved.
------------------------------------------------------------------------------------
| Tool Version : Vivado v.2018.2 (lin64) Build 2258646 Thu Jun 14 20:02:38 MDT 2018
| Date         : Wed Apr 10 21:27:24 2019
| Host         : saverio-UX530UX running 64-bit Ubuntu 18.04.2 LTS
| Command      : upgrade_ip
| Device       : xc7z010clg400-1
------------------------------------------------------------------------------------

Upgrade Log for IP 'design_1_myled_controller_1_0'

1. Summary
----------

SUCCESS in the upgrade of design_1_myled_controller_1_0 (user.org:user:myled_controller:1.0) from (Rev. 22) to (Rev. 23)






Copyright 1986-2018 Xilinx, Inc. All Rights Reserved.
------------------------------------------------------------------------------------
| Tool Version : Vivado v.2018.2 (lin64) Build 2258646 Thu Jun 14 20:02:38 MDT 2018
| Date         : Wed Apr 10 21:27:24 2019
| Host         : saverio-UX530UX running 64-bit Ubuntu 18.04.2 LTS
| Command      : upgrade_ip
| Device       : xc7z010clg400-1
------------------------------------------------------------------------------------

Upgrade Log for IP 'design_1_myled_controller_0_0'

1. Summary
----------

SUCCESS in the upgrade of design_1_myled_controller_0_0 (user.org:user:myled_controller:1.0) from (Rev. 22) to (Rev. 23)






Copyright 1986-2018 Xilinx, Inc. All Rights Reserved.
------------------------------------------------------------------------------------
| Tool Version : Vivado v.2018.2 (lin64) Build 2258646 Thu Jun 14 20:02:38 MDT 2018
| Date         : Wed Apr 10 21:24:49 2019
| Host         : saverio-UX530UX running 64-bit Ubuntu 18.04.2 LTS
| Command      : upgrade_ip
| Device       : xc7z010clg400-1
------------------------------------------------------------------------------------

Upgrade Log for IP 'design_1_myled_controller_2_0'

1. Summary
----------

SUCCESS in the upgrade of design_1_myled_controller_2_0 (user.org:user:myled_controller:1.0) from (Rev. 21) to (Rev. 22)






Copyright 1986-2018 Xilinx, Inc. All Rights Reserved.
------------------------------------------------------------------------------------
| Tool Version : Vivado v.2018.2 (lin64) Build 2258646 Thu Jun 14 20:02:38 MDT 2018
| Date         : Wed Apr 10 21:24:49 2019
| Host         : saverio-UX530UX running 64-bit Ubuntu 18.04.2 LTS
| Command      : upgrade_ip
| Device       : xc7z010clg400-1
------------------------------------------------------------------------------------

Upgrade Log for IP 'design_1_myled_controller_1_0'

1. Summary
----------

SUCCESS in the upgrade of design_1_myled_controller_1_0 (user.org:user:myled_controller:1.0) from (Rev. 21) to (Rev. 22)






Copyright 1986-2018 Xilinx, Inc. All Rights Reserved.
------------------------------------------------------------------------------------
| Tool Version : Vivado v.2018.2 (lin64) Build 2258646 Thu Jun 14 20:02:38 MDT 2018
| Date         : Wed Apr 10 21:24:49 2019
| Host         : saverio-UX530UX running 64-bit Ubuntu 18.04.2 LTS
| Command      : upgrade_ip
| Device       : xc7z010clg400-1
------------------------------------------------------------------------------------

Upgrade Log for IP 'design_1_myled_controller_0_0'

1. Summary
----------

CAUTION (success, with warnings) in the upgrade of design_1_myled_controller_0_0 (user.org:user:myled_controller:1.0) from (Rev. 21) to (Rev. 22)

After upgrade, an IP may have parameter and port differences compared to the original customization. Please review the parameters within the IP customization GUI to ensure proper functionality. Also, please review the updated IP instantiation template to ensure proper connectivity, and update your design if required.

2. Connection Warnings
----------------------

Detected external port differences while upgrading 'design_1_myled_controller_0_0'. These changes may impact your design.


-Upgraded port 'pads' width 1 differs from original width 4







Copyright 1986-2018 Xilinx, Inc. All Rights Reserved.
------------------------------------------------------------------------------------
| Tool Version : Vivado v.2018.2 (lin64) Build 2258646 Thu Jun 14 20:02:38 MDT 2018
| Date         : Wed Apr 10 21:23:44 2019
| Host         : saverio-UX530UX running 64-bit Ubuntu 18.04.2 LTS
| Command      : upgrade_ip
| Device       : xc7z010clg400-1
------------------------------------------------------------------------------------

Upgrade Log for IP 'design_1_myled_controller_2_0'

1. Summary
----------

SUCCESS in the upgrade of design_1_myled_controller_2_0 (user.org:user:myled_controller:1.0) from (Rev. 20) to (Rev. 21)






Copyright 1986-2018 Xilinx, Inc. All Rights Reserved.
------------------------------------------------------------------------------------
| Tool Version : Vivado v.2018.2 (lin64) Build 2258646 Thu Jun 14 20:02:38 MDT 2018
| Date         : Wed Apr 10 21:23:43 2019
| Host         : saverio-UX530UX running 64-bit Ubuntu 18.04.2 LTS
| Command      : upgrade_ip
| Device       : xc7z010clg400-1
------------------------------------------------------------------------------------

Upgrade Log for IP 'design_1_myled_controller_1_0'

1. Summary
----------

SUCCESS in the upgrade of design_1_myled_controller_1_0 (user.org:user:myled_controller:1.0) from (Rev. 20) to (Rev. 21)






Copyright 1986-2018 Xilinx, Inc. All Rights Reserved.
------------------------------------------------------------------------------------
| Tool Version : Vivado v.2018.2 (lin64) Build 2258646 Thu Jun 14 20:02:38 MDT 2018
| Date         : Wed Apr 10 21:23:43 2019
| Host         : saverio-UX530UX running 64-bit Ubuntu 18.04.2 LTS
| Command      : upgrade_ip
| Device       : xc7z010clg400-1
------------------------------------------------------------------------------------

Upgrade Log for IP 'design_1_myled_controller_0_0'

1. Summary
----------

SUCCESS in the upgrade of design_1_myled_controller_0_0 (user.org:user:myled_controller:1.0) from (Rev. 20) to (Rev. 21)






Copyright 1986-2018 Xilinx, Inc. All Rights Reserved.
------------------------------------------------------------------------------------
| Tool Version : Vivado v.2018.2 (lin64) Build 2258646 Thu Jun 14 20:02:38 MDT 2018
| Date         : Wed Apr 10 19:00:14 2019
| Host         : saverio-UX530UX running 64-bit Ubuntu 18.04.2 LTS
| Command      : upgrade_ip
| Device       : xc7z010clg400-1
------------------------------------------------------------------------------------

Upgrade Log for IP 'design_1_myled_controller_2_0'

1. Summary
----------

SUCCESS in the upgrade of design_1_myled_controller_2_0 (user.org:user:myled_controller:1.0) from (Rev. 19) to (Rev. 20)






Copyright 1986-2018 Xilinx, Inc. All Rights Reserved.
------------------------------------------------------------------------------------
| Tool Version : Vivado v.2018.2 (lin64) Build 2258646 Thu Jun 14 20:02:38 MDT 2018
| Date         : Wed Apr 10 19:00:14 2019
| Host         : saverio-UX530UX running 64-bit Ubuntu 18.04.2 LTS
| Command      : upgrade_ip
| Device       : xc7z010clg400-1
------------------------------------------------------------------------------------

Upgrade Log for IP 'design_1_myled_controller_1_0'

1. Summary
----------

SUCCESS in the upgrade of design_1_myled_controller_1_0 (user.org:user:myled_controller:1.0) from (Rev. 19) to (Rev. 20)






Copyright 1986-2018 Xilinx, Inc. All Rights Reserved.
------------------------------------------------------------------------------------
| Tool Version : Vivado v.2018.2 (lin64) Build 2258646 Thu Jun 14 20:02:38 MDT 2018
| Date         : Wed Apr 10 19:00:13 2019
| Host         : saverio-UX530UX running 64-bit Ubuntu 18.04.2 LTS
| Command      : upgrade_ip
| Device       : xc7z010clg400-1
------------------------------------------------------------------------------------

Upgrade Log for IP 'design_1_myled_controller_0_0'

1. Summary
----------

SUCCESS in the upgrade of design_1_myled_controller_0_0 (user.org:user:myled_controller:1.0) from (Rev. 19) to (Rev. 20)






Copyright 1986-2018 Xilinx, Inc. All Rights Reserved.
------------------------------------------------------------------------------------
| Tool Version : Vivado v.2018.2 (lin64) Build 2258646 Thu Jun 14 20:02:38 MDT 2018
| Date         : Wed Apr 10 18:49:24 2019
| Host         : saverio-UX530UX running 64-bit Ubuntu 18.04.2 LTS
| Command      : upgrade_ip
| Device       : xc7z010clg400-1
------------------------------------------------------------------------------------

Upgrade Log for IP 'design_1_myled_controller_2_0'

1. Summary
----------

SUCCESS in the upgrade of design_1_myled_controller_2_0 (user.org:user:myled_controller:1.0) from (Rev. 18) to (Rev. 19)






Copyright 1986-2018 Xilinx, Inc. All Rights Reserved.
------------------------------------------------------------------------------------
| Tool Version : Vivado v.2018.2 (lin64) Build 2258646 Thu Jun 14 20:02:38 MDT 2018
| Date         : Wed Apr 10 18:49:24 2019
| Host         : saverio-UX530UX running 64-bit Ubuntu 18.04.2 LTS
| Command      : upgrade_ip
| Device       : xc7z010clg400-1
------------------------------------------------------------------------------------

Upgrade Log for IP 'design_1_myled_controller_1_0'

1. Summary
----------

SUCCESS in the upgrade of design_1_myled_controller_1_0 (user.org:user:myled_controller:1.0) from (Rev. 18) to (Rev. 19)






Copyright 1986-2018 Xilinx, Inc. All Rights Reserved.
------------------------------------------------------------------------------------
| Tool Version : Vivado v.2018.2 (lin64) Build 2258646 Thu Jun 14 20:02:38 MDT 2018
| Date         : Wed Apr 10 18:49:23 2019
| Host         : saverio-UX530UX running 64-bit Ubuntu 18.04.2 LTS
| Command      : upgrade_ip
| Device       : xc7z010clg400-1
------------------------------------------------------------------------------------

Upgrade Log for IP 'design_1_myled_controller_0_0'

1. Summary
----------

SUCCESS in the upgrade of design_1_myled_controller_0_0 (user.org:user:myled_controller:1.0) from (Rev. 18) to (Rev. 19)






Copyright 1986-2018 Xilinx, Inc. All Rights Reserved.
------------------------------------------------------------------------------------
| Tool Version : Vivado v.2018.2 (lin64) Build 2258646 Thu Jun 14 20:02:38 MDT 2018
| Date         : Wed Apr 10 18:46:48 2019
| Host         : saverio-UX530UX running 64-bit Ubuntu 18.04.2 LTS
| Command      : upgrade_ip
| Device       : xc7z010clg400-1
------------------------------------------------------------------------------------

Upgrade Log for IP 'design_1_myled_controller_2_0'

1. Summary
----------

SUCCESS in the upgrade of design_1_myled_controller_2_0 (user.org:user:myled_controller:1.0) from (Rev. 17) to (Rev. 18)






Copyright 1986-2018 Xilinx, Inc. All Rights Reserved.
------------------------------------------------------------------------------------
| Tool Version : Vivado v.2018.2 (lin64) Build 2258646 Thu Jun 14 20:02:38 MDT 2018
| Date         : Wed Apr 10 18:46:48 2019
| Host         : saverio-UX530UX running 64-bit Ubuntu 18.04.2 LTS
| Command      : upgrade_ip
| Device       : xc7z010clg400-1
------------------------------------------------------------------------------------

Upgrade Log for IP 'design_1_myled_controller_1_0'

1. Summary
----------

SUCCESS in the upgrade of design_1_myled_controller_1_0 (user.org:user:myled_controller:1.0) from (Rev. 17) to (Rev. 18)






Copyright 1986-2018 Xilinx, Inc. All Rights Reserved.
------------------------------------------------------------------------------------
| Tool Version : Vivado v.2018.2 (lin64) Build 2258646 Thu Jun 14 20:02:38 MDT 2018
| Date         : Wed Apr 10 18:46:48 2019
| Host         : saverio-UX530UX running 64-bit Ubuntu 18.04.2 LTS
| Command      : upgrade_ip
| Device       : xc7z010clg400-1
------------------------------------------------------------------------------------

Upgrade Log for IP 'design_1_myled_controller_0_0'

1. Summary
----------

SUCCESS in the upgrade of design_1_myled_controller_0_0 (user.org:user:myled_controller:1.0) from (Rev. 17) to (Rev. 18)






Copyright 1986-2018 Xilinx, Inc. All Rights Reserved.
------------------------------------------------------------------------------------
| Tool Version : Vivado v.2018.2 (lin64) Build 2258646 Thu Jun 14 20:02:38 MDT 2018
| Date         : Wed Apr 10 18:28:50 2019
| Host         : saverio-UX530UX running 64-bit Ubuntu 18.04.2 LTS
| Command      : upgrade_ip
| Device       : xc7z010clg400-1
------------------------------------------------------------------------------------

Upgrade Log for IP 'design_1_myled_controller_2_0'

1. Summary
----------

SUCCESS in the upgrade of design_1_myled_controller_2_0 (user.org:user:myled_controller:1.0) from (Rev. 16) to (Rev. 17)






Copyright 1986-2018 Xilinx, Inc. All Rights Reserved.
------------------------------------------------------------------------------------
| Tool Version : Vivado v.2018.2 (lin64) Build 2258646 Thu Jun 14 20:02:38 MDT 2018
| Date         : Wed Apr 10 18:28:50 2019
| Host         : saverio-UX530UX running 64-bit Ubuntu 18.04.2 LTS
| Command      : upgrade_ip
| Device       : xc7z010clg400-1
------------------------------------------------------------------------------------

Upgrade Log for IP 'design_1_myled_controller_1_0'

1. Summary
----------

SUCCESS in the upgrade of design_1_myled_controller_1_0 (user.org:user:myled_controller:1.0) from (Rev. 16) to (Rev. 17)






Copyright 1986-2018 Xilinx, Inc. All Rights Reserved.
------------------------------------------------------------------------------------
| Tool Version : Vivado v.2018.2 (lin64) Build 2258646 Thu Jun 14 20:02:38 MDT 2018
| Date         : Wed Apr 10 18:28:50 2019
| Host         : saverio-UX530UX running 64-bit Ubuntu 18.04.2 LTS
| Command      : upgrade_ip
| Device       : xc7z010clg400-1
------------------------------------------------------------------------------------

Upgrade Log for IP 'design_1_myled_controller_0_0'

1. Summary
----------

SUCCESS in the upgrade of design_1_myled_controller_0_0 (user.org:user:myled_controller:1.0) from (Rev. 16) to (Rev. 17)






Copyright 1986-2018 Xilinx, Inc. All Rights Reserved.
------------------------------------------------------------------------------------
| Tool Version : Vivado v.2018.2 (lin64) Build 2258646 Thu Jun 14 20:02:38 MDT 2018
| Date         : Wed Apr 10 18:21:29 2019
| Host         : saverio-UX530UX running 64-bit Ubuntu 18.04.2 LTS
| Command      : upgrade_ip
| Device       : xc7z010clg400-1
------------------------------------------------------------------------------------

Upgrade Log for IP 'design_1_myled_controller_2_0'

1. Summary
----------

SUCCESS in the upgrade of design_1_myled_controller_2_0 (user.org:user:myled_controller:1.0) from (Rev. 15) to (Rev. 16)






Copyright 1986-2018 Xilinx, Inc. All Rights Reserved.
------------------------------------------------------------------------------------
| Tool Version : Vivado v.2018.2 (lin64) Build 2258646 Thu Jun 14 20:02:38 MDT 2018
| Date         : Wed Apr 10 18:21:28 2019
| Host         : saverio-UX530UX running 64-bit Ubuntu 18.04.2 LTS
| Command      : upgrade_ip
| Device       : xc7z010clg400-1
------------------------------------------------------------------------------------

Upgrade Log for IP 'design_1_myled_controller_1_0'

1. Summary
----------

SUCCESS in the upgrade of design_1_myled_controller_1_0 (user.org:user:myled_controller:1.0) from (Rev. 15) to (Rev. 16)






Copyright 1986-2018 Xilinx, Inc. All Rights Reserved.
------------------------------------------------------------------------------------
| Tool Version : Vivado v.2018.2 (lin64) Build 2258646 Thu Jun 14 20:02:38 MDT 2018
| Date         : Wed Apr 10 18:21:28 2019
| Host         : saverio-UX530UX running 64-bit Ubuntu 18.04.2 LTS
| Command      : upgrade_ip
| Device       : xc7z010clg400-1
------------------------------------------------------------------------------------

Upgrade Log for IP 'design_1_myled_controller_0_0'

1. Summary
----------

SUCCESS in the upgrade of design_1_myled_controller_0_0 (user.org:user:myled_controller:1.0) from (Rev. 15) to (Rev. 16)






Copyright 1986-2018 Xilinx, Inc. All Rights Reserved.
------------------------------------------------------------------------------------
| Tool Version : Vivado v.2018.2 (lin64) Build 2258646 Thu Jun 14 20:02:38 MDT 2018
| Date         : Wed Apr 10 18:17:17 2019
| Host         : saverio-UX530UX running 64-bit Ubuntu 18.04.2 LTS
| Command      : upgrade_ip
| Device       : xc7z010clg400-1
------------------------------------------------------------------------------------

Upgrade Log for IP 'design_1_myled_controller_2_0'

1. Summary
----------

SUCCESS in the upgrade of design_1_myled_controller_2_0 (user.org:user:myled_controller:1.0) from (Rev. 14) to (Rev. 15)






Copyright 1986-2018 Xilinx, Inc. All Rights Reserved.
------------------------------------------------------------------------------------
| Tool Version : Vivado v.2018.2 (lin64) Build 2258646 Thu Jun 14 20:02:38 MDT 2018
| Date         : Wed Apr 10 18:17:17 2019
| Host         : saverio-UX530UX running 64-bit Ubuntu 18.04.2 LTS
| Command      : upgrade_ip
| Device       : xc7z010clg400-1
------------------------------------------------------------------------------------

Upgrade Log for IP 'design_1_myled_controller_1_0'

1. Summary
----------

SUCCESS in the upgrade of design_1_myled_controller_1_0 (user.org:user:myled_controller:1.0) from (Rev. 14) to (Rev. 15)






Copyright 1986-2018 Xilinx, Inc. All Rights Reserved.
------------------------------------------------------------------------------------
| Tool Version : Vivado v.2018.2 (lin64) Build 2258646 Thu Jun 14 20:02:38 MDT 2018
| Date         : Wed Apr 10 18:17:17 2019
| Host         : saverio-UX530UX running 64-bit Ubuntu 18.04.2 LTS
| Command      : upgrade_ip
| Device       : xc7z010clg400-1
------------------------------------------------------------------------------------

Upgrade Log for IP 'design_1_myled_controller_0_0'

1. Summary
----------

SUCCESS in the upgrade of design_1_myled_controller_0_0 (user.org:user:myled_controller:1.0) from (Rev. 14) to (Rev. 15)






Copyright 1986-2018 Xilinx, Inc. All Rights Reserved.
------------------------------------------------------------------------------------
| Tool Version : Vivado v.2018.2 (lin64) Build 2258646 Thu Jun 14 20:02:38 MDT 2018
| Date         : Wed Apr 10 18:12:06 2019
| Host         : saverio-UX530UX running 64-bit Ubuntu 18.04.2 LTS
| Command      : upgrade_ip
| Device       : xc7z010clg400-1
------------------------------------------------------------------------------------

Upgrade Log for IP 'design_1_myled_controller_2_0'

1. Summary
----------

CAUTION (success, with warnings) in the upgrade of design_1_myled_controller_2_0 (user.org:user:myled_controller:1.0) from (Rev. 13) to (Rev. 14)

After upgrade, an IP may have parameter and port differences compared to the original customization. Please review the parameters within the IP customization GUI to ensure proper functionality. Also, please review the updated IP instantiation template to ensure proper connectivity, and update your design if required.

2. Interface Information
------------------------

Detected external interface differences while upgrading 'design_1_myled_controller_2_0'.


-Upgrade has added interface 'interrupt' (xilinx.com:signal:interrupt:1.0)


3. Connection Warnings
----------------------

Detected external port differences while upgrading 'design_1_myled_controller_2_0'. These changes may impact your design.


-Upgrade has removed port 'int'

-Upgrade has added port 'interrupt'







Copyright 1986-2018 Xilinx, Inc. All Rights Reserved.
------------------------------------------------------------------------------------
| Tool Version : Vivado v.2018.2 (lin64) Build 2258646 Thu Jun 14 20:02:38 MDT 2018
| Date         : Wed Apr 10 18:12:06 2019
| Host         : saverio-UX530UX running 64-bit Ubuntu 18.04.2 LTS
| Command      : upgrade_ip
| Device       : xc7z010clg400-1
------------------------------------------------------------------------------------

Upgrade Log for IP 'design_1_myled_controller_1_0'

1. Summary
----------

CAUTION (success, with warnings) in the upgrade of design_1_myled_controller_1_0 (user.org:user:myled_controller:1.0) from (Rev. 13) to (Rev. 14)

After upgrade, an IP may have parameter and port differences compared to the original customization. Please review the parameters within the IP customization GUI to ensure proper functionality. Also, please review the updated IP instantiation template to ensure proper connectivity, and update your design if required.

2. Interface Information
------------------------

Detected external interface differences while upgrading 'design_1_myled_controller_1_0'.


-Upgrade has added interface 'interrupt' (xilinx.com:signal:interrupt:1.0)


3. Connection Warnings
----------------------

Detected external port differences while upgrading 'design_1_myled_controller_1_0'. These changes may impact your design.


-Upgrade has removed port 'int'

-Upgrade has added port 'interrupt'







Copyright 1986-2018 Xilinx, Inc. All Rights Reserved.
------------------------------------------------------------------------------------
| Tool Version : Vivado v.2018.2 (lin64) Build 2258646 Thu Jun 14 20:02:38 MDT 2018
| Date         : Wed Apr 10 18:12:06 2019
| Host         : saverio-UX530UX running 64-bit Ubuntu 18.04.2 LTS
| Command      : upgrade_ip
| Device       : xc7z010clg400-1
------------------------------------------------------------------------------------

Upgrade Log for IP 'design_1_myled_controller_0_0'

1. Summary
----------

CAUTION (success, with warnings) in the upgrade of design_1_myled_controller_0_0 (user.org:user:myled_controller:1.0) from (Rev. 13) to (Rev. 14)

After upgrade, an IP may have parameter and port differences compared to the original customization. Please review the parameters within the IP customization GUI to ensure proper functionality. Also, please review the updated IP instantiation template to ensure proper connectivity, and update your design if required.

2. Interface Information
------------------------

Detected external interface differences while upgrading 'design_1_myled_controller_0_0'.


-Upgrade has added interface 'interrupt' (xilinx.com:signal:interrupt:1.0)


3. Connection Warnings
----------------------

Detected external port differences while upgrading 'design_1_myled_controller_0_0'. These changes may impact your design.


-Upgrade has removed port 'int'

-Upgrade has added port 'interrupt'







Copyright 1986-2018 Xilinx, Inc. All Rights Reserved.
------------------------------------------------------------------------------------
| Tool Version : Vivado v.2018.2 (lin64) Build 2258646 Thu Jun 14 20:02:38 MDT 2018
| Date         : Wed Apr 10 18:11:06 2019
| Host         : saverio-UX530UX running 64-bit Ubuntu 18.04.2 LTS
| Command      : upgrade_ip
| Device       : xc7z010clg400-1
------------------------------------------------------------------------------------

Upgrade Log for IP 'design_1_myled_controller_2_0'

1. Summary
----------

SUCCESS in the upgrade of design_1_myled_controller_2_0 (user.org:user:myled_controller:1.0) from (Rev. 12) to (Rev. 13)






Copyright 1986-2018 Xilinx, Inc. All Rights Reserved.
------------------------------------------------------------------------------------
| Tool Version : Vivado v.2018.2 (lin64) Build 2258646 Thu Jun 14 20:02:38 MDT 2018
| Date         : Wed Apr 10 18:11:06 2019
| Host         : saverio-UX530UX running 64-bit Ubuntu 18.04.2 LTS
| Command      : upgrade_ip
| Device       : xc7z010clg400-1
------------------------------------------------------------------------------------

Upgrade Log for IP 'design_1_myled_controller_1_0'

1. Summary
----------

SUCCESS in the upgrade of design_1_myled_controller_1_0 (user.org:user:myled_controller:1.0) from (Rev. 12) to (Rev. 13)






Copyright 1986-2018 Xilinx, Inc. All Rights Reserved.
------------------------------------------------------------------------------------
| Tool Version : Vivado v.2018.2 (lin64) Build 2258646 Thu Jun 14 20:02:38 MDT 2018
| Date         : Wed Apr 10 18:11:05 2019
| Host         : saverio-UX530UX running 64-bit Ubuntu 18.04.2 LTS
| Command      : upgrade_ip
| Device       : xc7z010clg400-1
------------------------------------------------------------------------------------

Upgrade Log for IP 'design_1_myled_controller_0_0'

1. Summary
----------

SUCCESS in the upgrade of design_1_myled_controller_0_0 (user.org:user:myled_controller:1.0) from (Rev. 12) to (Rev. 13)






Copyright 1986-2018 Xilinx, Inc. All Rights Reserved.
------------------------------------------------------------------------------------
| Tool Version : Vivado v.2018.2 (lin64) Build 2258646 Thu Jun 14 20:02:38 MDT 2018
| Date         : Wed Apr 10 18:07:50 2019
| Host         : saverio-UX530UX running 64-bit Ubuntu 18.04.2 LTS
| Command      : upgrade_ip
| Device       : xc7z010clg400-1
------------------------------------------------------------------------------------

Upgrade Log for IP 'design_1_myled_controller_2_0'

1. Summary
----------

CAUTION (success, with warnings) in the upgrade of design_1_myled_controller_2_0 (user.org:user:myled_controller:1.0) from (Rev. 11) to (Rev. 12)

After upgrade, an IP may have parameter and port differences compared to the original customization. Please review the parameters within the IP customization GUI to ensure proper functionality. Also, please review the updated IP instantiation template to ensure proper connectivity, and update your design if required.

2. Connection Warnings
----------------------

Detected external port differences while upgrading 'design_1_myled_controller_2_0'. These changes may impact your design.


-Upgrade has added port 'int'







Copyright 1986-2018 Xilinx, Inc. All Rights Reserved.
------------------------------------------------------------------------------------
| Tool Version : Vivado v.2018.2 (lin64) Build 2258646 Thu Jun 14 20:02:38 MDT 2018
| Date         : Wed Apr 10 18:07:50 2019
| Host         : saverio-UX530UX running 64-bit Ubuntu 18.04.2 LTS
| Command      : upgrade_ip
| Device       : xc7z010clg400-1
------------------------------------------------------------------------------------

Upgrade Log for IP 'design_1_myled_controller_1_0'

1. Summary
----------

CAUTION (success, with warnings) in the upgrade of design_1_myled_controller_1_0 (user.org:user:myled_controller:1.0) from (Rev. 11) to (Rev. 12)

After upgrade, an IP may have parameter and port differences compared to the original customization. Please review the parameters within the IP customization GUI to ensure proper functionality. Also, please review the updated IP instantiation template to ensure proper connectivity, and update your design if required.

2. Connection Warnings
----------------------

Detected external port differences while upgrading 'design_1_myled_controller_1_0'. These changes may impact your design.


-Upgrade has added port 'int'







Copyright 1986-2018 Xilinx, Inc. All Rights Reserved.
------------------------------------------------------------------------------------
| Tool Version : Vivado v.2018.2 (lin64) Build 2258646 Thu Jun 14 20:02:38 MDT 2018
| Date         : Wed Apr 10 18:07:50 2019
| Host         : saverio-UX530UX running 64-bit Ubuntu 18.04.2 LTS
| Command      : upgrade_ip
| Device       : xc7z010clg400-1
------------------------------------------------------------------------------------

Upgrade Log for IP 'design_1_myled_controller_0_0'

1. Summary
----------

CAUTION (success, with warnings) in the upgrade of design_1_myled_controller_0_0 (user.org:user:myled_controller:1.0) from (Rev. 11) to (Rev. 12)

After upgrade, an IP may have parameter and port differences compared to the original customization. Please review the parameters within the IP customization GUI to ensure proper functionality. Also, please review the updated IP instantiation template to ensure proper connectivity, and update your design if required.

2. Connection Warnings
----------------------

Detected external port differences while upgrading 'design_1_myled_controller_0_0'. These changes may impact your design.


-Upgrade has added port 'int'







Copyright 1986-2018 Xilinx, Inc. All Rights Reserved.
------------------------------------------------------------------------------------
| Tool Version : Vivado v.2018.2 (lin64) Build 2258646 Thu Jun 14 20:02:38 MDT 2018
| Date         : Wed Apr 10 17:33:09 2019
| Host         : saverio-UX530UX running 64-bit Ubuntu 18.04.2 LTS
| Command      : upgrade_ip
| Device       : xc7z010clg400-1
------------------------------------------------------------------------------------

Upgrade Log for IP 'design_1_myled_controller_0_0'

1. Summary
----------

SUCCESS in the upgrade of design_1_myled_controller_0_0 (user.org:user:myled_controller:1.0) from (Rev. 10) to (Rev. 11)






Copyright 1986-2018 Xilinx, Inc. All Rights Reserved.
------------------------------------------------------------------------------------
| Tool Version : Vivado v.2018.2 (lin64) Build 2258646 Thu Jun 14 20:02:38 MDT 2018
| Date         : Wed Apr 10 17:30:48 2019
| Host         : saverio-UX530UX running 64-bit Ubuntu 18.04.2 LTS
| Command      : upgrade_ip
| Device       : xc7z010clg400-1
------------------------------------------------------------------------------------

Upgrade Log for IP 'design_1_myled_controller_0_0'

1. Summary
----------

SUCCESS in the upgrade of design_1_myled_controller_0_0 (user.org:user:myled_controller:1.0) from (Rev. 9) to (Rev. 10)






Copyright 1986-2018 Xilinx, Inc. All Rights Reserved.
------------------------------------------------------------------------------------
| Tool Version : Vivado v.2018.2 (lin64) Build 2258646 Thu Jun 14 20:02:38 MDT 2018
| Date         : Wed Apr 10 17:01:27 2019
| Host         : saverio-UX530UX running 64-bit Ubuntu 18.04.2 LTS
| Command      : upgrade_ip
| Device       : xc7z010clg400-1
------------------------------------------------------------------------------------

Upgrade Log for IP 'design_1_myled_controller_0_0'

1. Summary
----------

CAUTION (success, with warnings) in the upgrade of design_1_myled_controller_0_0 (user.org:user:myled_controller:1.0) from (Rev. 8) to (Rev. 9)

After upgrade, an IP may have parameter and port differences compared to the original customization. Please review the parameters within the IP customization GUI to ensure proper functionality. Also, please review the updated IP instantiation template to ensure proper connectivity, and update your design if required.

2. Connection Warnings
----------------------

Detected external port differences while upgrading 'design_1_myled_controller_0_0'. These changes may impact your design.


-Upgraded port 'pads' out differs from original direction inout







Copyright 1986-2018 Xilinx, Inc. All Rights Reserved.
------------------------------------------------------------------------------------
| Tool Version : Vivado v.2018.2 (lin64) Build 2258646 Thu Jun 14 20:02:38 MDT 2018
| Date         : Wed Apr 10 16:28:11 2019
| Host         : saverio-UX530UX running 64-bit Ubuntu 18.04.2 LTS
| Command      : upgrade_ip
| Device       : xc7z010clg400-1
------------------------------------------------------------------------------------

Upgrade Log for IP 'design_1_myled_controller_0_0'

1. Summary
----------

SUCCESS in the upgrade of design_1_myled_controller_0_0 (user.org:user:myled_controller:1.0) from (Rev. 7) to (Rev. 8)






Copyright 1986-2018 Xilinx, Inc. All Rights Reserved.
------------------------------------------------------------------------------------
| Tool Version : Vivado v.2018.2 (lin64) Build 2258646 Thu Jun 14 20:02:38 MDT 2018
| Date         : Wed Apr 10 15:45:02 2019
| Host         : saverio-UX530UX running 64-bit Ubuntu 18.04.2 LTS
| Command      : upgrade_ip
| Device       : xc7z010clg400-1
------------------------------------------------------------------------------------

Upgrade Log for IP 'design_1_myled_controller_0_0'

1. Summary
----------

SUCCESS in the upgrade of design_1_myled_controller_0_0 (user.org:user:myled_controller:1.0) from (Rev. 6) to (Rev. 7)






Copyright 1986-2018 Xilinx, Inc. All Rights Reserved.
------------------------------------------------------------------------------------
| Tool Version : Vivado v.2018.2 (lin64) Build 2258646 Thu Jun 14 20:02:38 MDT 2018
| Date         : Wed Apr 10 15:42:39 2019
| Host         : saverio-UX530UX running 64-bit Ubuntu 18.04.2 LTS
| Command      : upgrade_ip
| Device       : xc7z010clg400-1
------------------------------------------------------------------------------------

Upgrade Log for IP 'design_1_myled_controller_0_0'

1. Summary
----------

SUCCESS in the upgrade of design_1_myled_controller_0_0 (user.org:user:myled_controller:1.0) from (Rev. 5) to (Rev. 6)






Copyright 1986-2018 Xilinx, Inc. All Rights Reserved.
------------------------------------------------------------------------------------
| Tool Version : Vivado v.2018.2 (lin64) Build 2258646 Thu Jun 14 20:02:38 MDT 2018
| Date         : Wed Apr 10 15:39:57 2019
| Host         : saverio-UX530UX running 64-bit Ubuntu 18.04.2 LTS
| Command      : upgrade_ip
| Device       : xc7z010clg400-1
------------------------------------------------------------------------------------

Upgrade Log for IP 'design_1_myled_controller_0_0'

1. Summary
----------

SUCCESS in the upgrade of design_1_myled_controller_0_0 (user.org:user:myled_controller:1.0) from (Rev. 4) to (Rev. 5)






Copyright 1986-2018 Xilinx, Inc. All Rights Reserved.
------------------------------------------------------------------------------------
| Tool Version : Vivado v.2018.2 (lin64) Build 2258646 Thu Jun 14 20:02:38 MDT 2018
| Date         : Wed Apr 10 15:37:18 2019
| Host         : saverio-UX530UX running 64-bit Ubuntu 18.04.2 LTS
| Command      : upgrade_ip
| Device       : xc7z010clg400-1
------------------------------------------------------------------------------------

Upgrade Log for IP 'design_1_myled_controller_0_0'

1. Summary
----------

CAUTION (success, with warnings) in the upgrade of design_1_myled_controller_0_0 (user.org:user:myled_controller:1.0) from (Rev. 3) to (Rev. 4)

After upgrade, an IP may have parameter and port differences compared to the original customization. Please review the parameters within the IP customization GUI to ensure proper functionality. Also, please review the updated IP instantiation template to ensure proper connectivity, and update your design if required.

2. Connection Warnings
----------------------

Detected external port differences while upgrading 'design_1_myled_controller_0_0'. These changes may impact your design.


-Upgraded port 'pads' inout differs from original direction out







Copyright 1986-2018 Xilinx, Inc. All Rights Reserved.
------------------------------------------------------------------------------------
| Tool Version : Vivado v.2018.2 (lin64) Build 2258646 Thu Jun 14 20:02:38 MDT 2018
| Date         : Wed Apr 10 15:34:53 2019
| Host         : saverio-UX530UX running 64-bit Ubuntu 18.04.2 LTS
| Command      : upgrade_ip
| Device       : xc7z010clg400-1
------------------------------------------------------------------------------------

Upgrade Log for IP 'design_1_myled_controller_0_0'

1. Summary
----------

CAUTION (success, with warnings) in the upgrade of design_1_myled_controller_0_0 (user.org:user:myled_controller:1.0) from (Rev. 2) to (Rev. 3)

After upgrade, an IP may have parameter and port differences compared to the original customization. Please review the parameters within the IP customization GUI to ensure proper functionality. Also, please review the updated IP instantiation template to ensure proper connectivity, and update your design if required.

2. Connection Warnings
----------------------

Detected external port differences while upgrading 'design_1_myled_controller_0_0'. These changes may impact your design.


-Upgrade has removed port 'led'

-Upgrade has added port 'pads'


