19:54:28 **** Auto Build of configuration Debug for project uart_intr ****
make pre-build main-build 
a9-linaro-pre-build-step
 
Building file: ../src/main.c
Invoking: ARM v7 gcc compiler
arm-none-eabi-gcc -Wall -O0 -g3 -c -fmessage-length=0 -MT"src/main.o" -mcpu=cortex-a9 -mfpu=vfpv3 -mfloat-abi=hard -I../../uart_intr_bsp/ps7_cortexa9_0/include -MMD -MP -MF"src/main.d" -MT"src/main.o" -o "src/main.o" "../src/main.c"
Finished building: ../src/main.c
 
Building file: ../src/uart_intr.c
Invoking: ARM v7 gcc compiler
arm-none-eabi-gcc -Wall -O0 -g3 -c -fmessage-length=0 -MT"src/uart_intr.o" -mcpu=cortex-a9 -mfpu=vfpv3 -mfloat-abi=hard -I../../uart_intr_bsp/ps7_cortexa9_0/include -MMD -MP -MF"src/uart_intr.d" -MT"src/uart_intr.o" -o "src/uart_intr.o" "../src/uart_intr.c"
Finished building: ../src/uart_intr.c
 
Building target: uart_intr.elf
Invoking: ARM v7 gcc linker
arm-none-eabi-gcc -mcpu=cortex-a9 -mfpu=vfpv3 -mfloat-abi=hard -Wl,-build-id=none -specs=Xilinx.spec -Wl,-T -Wl,../src/lscript.ld -L../../uart_intr_bsp/ps7_cortexa9_0/lib -o "uart_intr.elf"  ./src/main.o ./src/uart_intr.o   -Wl,--start-group,-lxil,-lgcc,-lc,--end-group
Finished building target: uart_intr.elf
 
Invoking: ARM v7 Print Size
arm-none-eabi-size uart_intr.elf  |tee "uart_intr.elf.size"
   text	   data	    bss	    dec	    hex	filename
  75548	   3356	  23392	 102296	  18f98	uart_intr.elf
Finished building: uart_intr.elf.size
 

19:54:28 Build Finished (took 361ms)

