Copyright 1986-2018 Xilinx, Inc. All Rights Reserved.
---------------------------------------------------------------------------------------------
| Tool Version : Vivado v.2018.3 (lin64) Build 2405991 Thu Dec  6 23:36:41 MST 2018
| Date         : Wed May  8 19:23:31 2019
| Host         : andrea-X580VD running 64-bit Ubuntu 18.04.2 LTS
| Command      : report_control_sets -verbose -file design_1_wrapper_control_sets_placed.rpt
| Design       : design_1_wrapper
| Device       : xc7z010
---------------------------------------------------------------------------------------------

Control Set Information

Table of Contents
-----------------
1. Summary
2. Histogram
3. Flip-Flop Distribution
4. Detailed Control Set Information

1. Summary
----------

+----------------------------------------------------------+-------+
|                          Status                          | Count |
+----------------------------------------------------------+-------+
| Number of unique control sets                            |    63 |
| Unused register locations in slices containing registers |   120 |
+----------------------------------------------------------+-------+


2. Histogram
------------

+--------+--------------+
| Fanout | Control Sets |
+--------+--------------+
|      1 |            1 |
|      2 |            3 |
|      4 |            5 |
|      5 |            6 |
|      6 |            2 |
|      8 |           27 |
|     10 |            3 |
|     13 |            1 |
|     14 |            2 |
|    16+ |           13 |
+--------+--------------+


3. Flip-Flop Distribution
-------------------------

+--------------+-----------------------+------------------------+-----------------+--------------+
| Clock Enable | Synchronous Set/Reset | Asynchronous Set/Reset | Total Registers | Total Slices |
+--------------+-----------------------+------------------------+-----------------+--------------+
| No           | No                    | No                     |             118 |           32 |
| No           | No                    | Yes                    |               2 |            1 |
| No           | Yes                   | No                     |              55 |           22 |
| Yes          | No                    | No                     |             300 |           72 |
| Yes          | No                    | Yes                    |              27 |            5 |
| Yes          | Yes                   | No                     |             242 |           66 |
+--------------+-----------------------+------------------------+-----------------+--------------+


4. Detailed Control Set Information
-----------------------------------

+------------------------------------------------------------------------------+----------------------------------------------------------------------------------------------------------------------------------------------------------------+-------------------------------------------------------------------------------------------------------------------------------------------------------+------------------+----------------+
|                                 Clock Signal                                 |                                                                          Enable Signal                                                                         |                                                                    Set/Reset Signal                                                                   | Slice Load Count | Bel Load Count |
+------------------------------------------------------------------------------+----------------------------------------------------------------------------------------------------------------------------------------------------------------+-------------------------------------------------------------------------------------------------------------------------------------------------------+------------------+----------------+
|  design_1_i/processing_system7_0/inst/FCLK_CLK0                              | design_1_i/ps7_0_axi_periph/s00_couplers/auto_pc/inst/gen_axilite.gen_b2s_conv.axilite_b2s/WR.aw_channel_0/aw_cmd_fsm_0/m_axi_awready_1                        | design_1_i/ps7_0_axi_periph/s00_couplers/auto_pc/inst/gen_axilite.gen_b2s_conv.axilite_b2s/WR.aw_channel_0/aw_cmd_fsm_0/m_axi_awready_0               |                1 |              1 |
| ~design_1_i/UART_0/U0/UART_v1_0_S00_AXI_inst/inst_uart/tx_clock_mod/tx_clock |                                                                                                                                                                |                                                                                                                                                       |                2 |              2 |
|  design_1_i/UART_0/U0/UART_v1_0_S00_AXI_inst/inst_uart/tx_clock_mod/tx_clock |                                                                                                                                                                | design_1_i/UART_0/U0/UART_v1_0_S00_AXI_inst/inst_uart/RX_UART/RX_shift_register_SIPO/SR[0]                                                            |                1 |              2 |
|  design_1_i/processing_system7_0/inst/FCLK_CLK0                              | design_1_i/ps7_0_axi_periph/s00_couplers/auto_pc/inst/gen_axilite.gen_b2s_conv.axilite_b2s/WR.b_channel_0/bid_fifo_0/sel                                       |                                                                                                                                                       |                1 |              2 |
|  design_1_i/processing_system7_0/inst/FCLK_CLK0                              |                                                                                                                                                                | design_1_i/rst_ps7_0_50M/U0/EXT_LPF/lpf_int                                                                                                           |                3 |              4 |
|  design_1_i/processing_system7_0/inst/FCLK_CLK0                              |                                                                                                                                                                | design_1_i/ps7_0_axi_periph/s00_couplers/auto_pc/inst/gen_axilite.gen_b2s_conv.axilite_b2s/SI_REG/aw.aw_pipe/aresetn_d_reg[0]_0                       |                4 |              4 |
|  design_1_i/UART_0/U0/UART_v1_0_S00_AXI_inst/inst_uart/BAUDGENERATOR/CLK     | design_1_i/UART_0/U0/UART_v1_0_S00_AXI_inst/inst_uart/RX_UART/counter_8incr                                                                                    | design_1_i/UART_0/U0/UART_v1_0_S00_AXI_inst/inst_uart/RX_UART/reset_8count                                                                            |                1 |              4 |
|  design_1_i/processing_system7_0/inst/FCLK_CLK0                              |                                                                                                                                                                | design_1_i/ps7_0_axi_periph/s00_couplers/auto_pc/inst/gen_axilite.gen_b2s_conv.axilite_b2s/SI_REG/ar.ar_pipe/aresetn_d_reg[1]_inv_0                   |                3 |              4 |
|  design_1_i/UART_0/U0/UART_v1_0_S00_AXI_inst/inst_uart/BAUDGENERATOR/CLK     |                                                                                                                                                                |                                                                                                                                                       |                1 |              4 |
|  design_1_i/UART_0/U0/UART_v1_0_S00_AXI_inst/inst_uart/BAUDGENERATOR/CLK     | design_1_i/UART_0/U0/UART_v1_0_S00_AXI_inst/inst_uart/RX_UART/counter_bit_incr                                                                                 | design_1_i/UART_0/U0/UART_v1_0_S00_AXI_inst/inst_uart/RX_UART/reset_8count                                                                            |                1 |              5 |
|  design_1_i/UART_0/U0/UART_v1_0_S00_AXI_inst/inst_uart/BAUDGENERATOR/CLK     | design_1_i/UART_0/U0/UART_v1_0_S00_AXI_inst/inst_uart/RX_UART/counter_16incr                                                                                   | design_1_i/UART_0/U0/UART_v1_0_S00_AXI_inst/inst_uart/RX_UART/counter_mod16/reset_16count                                                             |                1 |              5 |
|  design_1_i/processing_system7_0/inst/FCLK_CLK0                              | design_1_i/ps7_0_axi_periph/s00_couplers/auto_pc/inst/gen_axilite.gen_b2s_conv.axilite_b2s/RD.r_channel_0/rd_data_fifo_0/cnt_read[4]_i_1_n_0                   | design_1_i/ps7_0_axi_periph/s00_couplers/auto_pc/inst/gen_axilite.gen_b2s_conv.axilite_b2s/areset_d1                                                  |                2 |              5 |
|  design_1_i/processing_system7_0/inst/FCLK_CLK0                              | design_1_i/ps7_0_axi_periph/s00_couplers/auto_pc/inst/gen_axilite.gen_b2s_conv.axilite_b2s/RD.r_channel_0/rd_data_fifo_0/E[0]                                  | design_1_i/ps7_0_axi_periph/s00_couplers/auto_pc/inst/gen_axilite.gen_b2s_conv.axilite_b2s/areset_d1                                                  |                2 |              5 |
|  design_1_i/UART_0/U0/UART_v1_0_S00_AXI_inst/inst_uart/tx_clock_mod/tx_clock | design_1_i/UART_0/U0/UART_v1_0_S00_AXI_inst/inst_uart/TX_UART/TX_counter/shift_en                                                                              | design_1_i/UART_0/U0/UART_v1_0_S00_AXI_inst/inst_uart/TX_UART/TX_counter/reset_counter                                                                |                1 |              5 |
|  design_1_i/processing_system7_0/inst/FCLK_CLK0                              | design_1_i/ps7_0_axi_periph/s00_couplers/auto_pc/inst/gen_axilite.gen_b2s_conv.axilite_b2s/RD.ar_channel_0/ar_cmd_fsm_0/m_valid_i_reg                          | design_1_i/ps7_0_axi_periph/s00_couplers/auto_pc/inst/gen_axilite.gen_b2s_conv.axilite_b2s/RD.ar_channel_0/ar_cmd_fsm_0/FSM_sequential_state_reg[0]_0 |                2 |              5 |
| ~design_1_i/UART_0/U0/UART_v1_0_S00_AXI_inst/inst_uart/BAUDGENERATOR/CLK     |                                                                                                                                                                | design_1_i/UART_0/U0/UART_v1_0_S00_AXI_inst/inst_uart/RX_UART/RX_shift_register_SIPO/SR[0]                                                            |                1 |              6 |
|  design_1_i/processing_system7_0/inst/FCLK_CLK0                              | design_1_i/rst_ps7_0_50M/U0/SEQ/seq_cnt_en                                                                                                                     | design_1_i/rst_ps7_0_50M/U0/SEQ/SEQ_COUNTER/clear                                                                                                     |                1 |              6 |
|  design_1_i/processing_system7_0/inst/FCLK_CLK0                              | design_1_i/UART_0/U0/UART_v1_0_S00_AXI_inst/slv_reg6[7]_i_1_n_0                                                                                                | design_1_i/UART_0/U0/UART_v1_0_S00_AXI_inst/inst_uart/RX_UART/RX_shift_register_SIPO/SR[0]                                                            |                2 |              8 |
|  design_1_i/processing_system7_0/inst/FCLK_CLK0                              | design_1_i/ps7_0_axi_periph/s00_couplers/auto_pc/inst/gen_axilite.gen_b2s_conv.axilite_b2s/WR.b_channel_0/mhandshake_r                                         | design_1_i/ps7_0_axi_periph/s00_couplers/auto_pc/inst/gen_axilite.gen_b2s_conv.axilite_b2s/WR.b_channel_0/bid_fifo_0/SR[0]                            |                2 |              8 |
|  design_1_i/processing_system7_0/inst/FCLK_CLK0                              | design_1_i/ps7_0_axi_periph/s00_couplers/auto_pc/inst/gen_axilite.gen_b2s_conv.axilite_b2s/WR.aw_channel_0/cmd_translator_0/incr_cmd_0/axaddr_incr[11]_i_1_n_0 |                                                                                                                                                       |                3 |              8 |
|  design_1_i/processing_system7_0/inst/FCLK_CLK0                              | design_1_i/ps7_0_axi_periph/s00_couplers/auto_pc/inst/gen_axilite.gen_b2s_conv.axilite_b2s/WR.aw_channel_0/aw_cmd_fsm_0/E[0]                                   |                                                                                                                                                       |                3 |              8 |
|  design_1_i/processing_system7_0/inst/FCLK_CLK0                              | design_1_i/UART_0/U0/UART_v1_0_S00_AXI_inst/slv_reg4[15]_i_1_n_0                                                                                               | design_1_i/UART_0/U0/UART_v1_0_S00_AXI_inst/inst_uart/RX_UART/RX_shift_register_SIPO/SR[0]                                                            |                2 |              8 |
|  design_1_i/processing_system7_0/inst/FCLK_CLK0                              | design_1_i/ps7_0_axi_periph/s00_couplers/auto_pc/inst/gen_axilite.gen_b2s_conv.axilite_b2s/RD.ar_channel_0/ar_cmd_fsm_0/E[0]                                   |                                                                                                                                                       |                4 |              8 |
|  design_1_i/processing_system7_0/inst/FCLK_CLK0                              |                                                                                                                                                                | design_1_i/UART_0/U0/UART_v1_0_S00_AXI_inst/inst_uart/BAUDGENERATOR/count[7]_i_1_n_0                                                                  |                2 |              8 |
|  design_1_i/processing_system7_0/inst/FCLK_CLK0                              | design_1_i/UART_0/U0/UART_v1_0_S00_AXI_inst/slv_reg5[23]_i_1_n_0                                                                                               | design_1_i/UART_0/U0/UART_v1_0_S00_AXI_inst/inst_uart/RX_UART/RX_shift_register_SIPO/SR[0]                                                            |                2 |              8 |
|  design_1_i/processing_system7_0/inst/FCLK_CLK0                              | design_1_i/UART_0/U0/UART_v1_0_S00_AXI_inst/slv_reg4[7]_i_1_n_0                                                                                                | design_1_i/UART_0/U0/UART_v1_0_S00_AXI_inst/inst_uart/RX_UART/RX_shift_register_SIPO/SR[0]                                                            |                1 |              8 |
|  design_1_i/processing_system7_0/inst/FCLK_CLK0                              | design_1_i/UART_0/U0/UART_v1_0_S00_AXI_inst/slv_reg6[31]_i_1_n_0                                                                                               | design_1_i/UART_0/U0/UART_v1_0_S00_AXI_inst/inst_uart/RX_UART/RX_shift_register_SIPO/SR[0]                                                            |                2 |              8 |
|  design_1_i/processing_system7_0/inst/FCLK_CLK0                              | design_1_i/UART_0/U0/UART_v1_0_S00_AXI_inst/slv_reg5[15]_i_1_n_0                                                                                               | design_1_i/UART_0/U0/UART_v1_0_S00_AXI_inst/inst_uart/RX_UART/RX_shift_register_SIPO/SR[0]                                                            |                1 |              8 |
|  design_1_i/processing_system7_0/inst/FCLK_CLK0                              | design_1_i/UART_0/U0/UART_v1_0_S00_AXI_inst/slv_reg0[7]_i_1_n_0                                                                                                | design_1_i/UART_0/U0/UART_v1_0_S00_AXI_inst/inst_uart/RX_UART/RX_shift_register_SIPO/SR[0]                                                            |                1 |              8 |
|  design_1_i/processing_system7_0/inst/FCLK_CLK0                              | design_1_i/UART_0/U0/UART_v1_0_S00_AXI_inst/slv_reg0[31]_i_1_n_0                                                                                               | design_1_i/UART_0/U0/UART_v1_0_S00_AXI_inst/inst_uart/RX_UART/RX_shift_register_SIPO/SR[0]                                                            |                3 |              8 |
|  design_1_i/processing_system7_0/inst/FCLK_CLK0                              | design_1_i/ps7_0_axi_periph/s00_couplers/auto_pc/inst/gen_axilite.gen_b2s_conv.axilite_b2s/RD.ar_channel_0/ar_cmd_fsm_0/sel_first_reg[0]                       |                                                                                                                                                       |                3 |              8 |
|  design_1_i/processing_system7_0/inst/FCLK_CLK0                              | design_1_i/UART_0/U0/UART_v1_0_S00_AXI_inst/slv_reg0[15]_i_1_n_0                                                                                               | design_1_i/UART_0/U0/UART_v1_0_S00_AXI_inst/inst_uart/RX_UART/RX_shift_register_SIPO/SR[0]                                                            |                2 |              8 |
|  design_1_i/processing_system7_0/inst/FCLK_CLK0                              | design_1_i/UART_0/U0/UART_v1_0_S00_AXI_inst/slv_reg1[15]_i_1_n_0                                                                                               | design_1_i/UART_0/U0/UART_v1_0_S00_AXI_inst/inst_uart/RX_UART/RX_shift_register_SIPO/SR[0]                                                            |                2 |              8 |
|  design_1_i/processing_system7_0/inst/FCLK_CLK0                              | design_1_i/UART_0/U0/UART_v1_0_S00_AXI_inst/slv_reg6[23]_i_1_n_0                                                                                               | design_1_i/UART_0/U0/UART_v1_0_S00_AXI_inst/inst_uart/RX_UART/RX_shift_register_SIPO/SR[0]                                                            |                2 |              8 |
|  design_1_i/processing_system7_0/inst/FCLK_CLK0                              | design_1_i/UART_0/U0/UART_v1_0_S00_AXI_inst/slv_reg6[15]_i_1_n_0                                                                                               | design_1_i/UART_0/U0/UART_v1_0_S00_AXI_inst/inst_uart/RX_UART/RX_shift_register_SIPO/SR[0]                                                            |                2 |              8 |
|  design_1_i/processing_system7_0/inst/FCLK_CLK0                              | design_1_i/UART_0/U0/UART_v1_0_S00_AXI_inst/slv_reg5[7]_i_1_n_0                                                                                                | design_1_i/UART_0/U0/UART_v1_0_S00_AXI_inst/inst_uart/RX_UART/RX_shift_register_SIPO/SR[0]                                                            |                2 |              8 |
|  design_1_i/processing_system7_0/inst/FCLK_CLK0                              | design_1_i/UART_0/U0/UART_v1_0_S00_AXI_inst/slv_reg5[31]_i_1_n_0                                                                                               | design_1_i/UART_0/U0/UART_v1_0_S00_AXI_inst/inst_uart/RX_UART/RX_shift_register_SIPO/SR[0]                                                            |                2 |              8 |
|  design_1_i/processing_system7_0/inst/FCLK_CLK0                              | design_1_i/UART_0/U0/UART_v1_0_S00_AXI_inst/inst_uart/RX_UART/FSM_onehot_current_state_reg[4]_0[0]                                                             | design_1_i/UART_0/U0/UART_v1_0_S00_AXI_inst/inst_uart/RX_UART/RX_shift_register_SIPO/SR[0]                                                            |                1 |              8 |
|  design_1_i/processing_system7_0/inst/FCLK_CLK0                              | design_1_i/UART_0/U0/UART_v1_0_S00_AXI_inst/slv_reg4[31]_i_1_n_0                                                                                               | design_1_i/UART_0/U0/UART_v1_0_S00_AXI_inst/inst_uart/RX_UART/RX_shift_register_SIPO/SR[0]                                                            |                3 |              8 |
|  design_1_i/processing_system7_0/inst/FCLK_CLK0                              | design_1_i/UART_0/U0/UART_v1_0_S00_AXI_inst/slv_reg4[23]_i_1_n_0                                                                                               | design_1_i/UART_0/U0/UART_v1_0_S00_AXI_inst/inst_uart/RX_UART/RX_shift_register_SIPO/SR[0]                                                            |                1 |              8 |
|  design_1_i/processing_system7_0/inst/FCLK_CLK0                              | design_1_i/UART_0/U0/UART_v1_0_S00_AXI_inst/slv_reg1[7]_i_1_n_0                                                                                                | design_1_i/UART_0/U0/UART_v1_0_S00_AXI_inst/inst_uart/RX_UART/RX_shift_register_SIPO/SR[0]                                                            |                1 |              8 |
|  design_1_i/processing_system7_0/inst/FCLK_CLK0                              | design_1_i/UART_0/U0/UART_v1_0_S00_AXI_inst/slv_reg1[31]_i_1_n_0                                                                                               | design_1_i/UART_0/U0/UART_v1_0_S00_AXI_inst/inst_uart/RX_UART/RX_shift_register_SIPO/SR[0]                                                            |                2 |              8 |
|  design_1_i/processing_system7_0/inst/FCLK_CLK0                              | design_1_i/UART_0/U0/UART_v1_0_S00_AXI_inst/slv_reg1[23]_i_1_n_0                                                                                               | design_1_i/UART_0/U0/UART_v1_0_S00_AXI_inst/inst_uart/RX_UART/RX_shift_register_SIPO/SR[0]                                                            |                1 |              8 |
|  design_1_i/processing_system7_0/inst/FCLK_CLK0                              | design_1_i/UART_0/U0/UART_v1_0_S00_AXI_inst/slv_reg0[23]_i_1_n_0                                                                                               | design_1_i/UART_0/U0/UART_v1_0_S00_AXI_inst/inst_uart/RX_UART/RX_shift_register_SIPO/SR[0]                                                            |                1 |              8 |
|  design_1_i/UART_0/U0/UART_v1_0_S00_AXI_inst/inst_uart/BAUDGENERATOR/CLK     | design_1_i/UART_0/U0/UART_v1_0_S00_AXI_inst/inst_uart/RX_UART/bit_counter/E[0]                                                                                 | design_1_i/UART_0/U0/UART_v1_0_S00_AXI_inst/inst_uart/RX_UART/RX_shift_register_SIPO/SR[0]                                                            |                2 |             10 |
|  design_1_i/processing_system7_0/inst/FCLK_CLK0                              |                                                                                                                                                                | design_1_i/ps7_0_axi_periph/s00_couplers/auto_pc/inst/gen_axilite.gen_b2s_conv.axilite_b2s/areset_d1                                                  |                4 |             10 |
|  design_1_i/UART_0/U0/UART_v1_0_S00_AXI_inst/inst_uart/tx_clock_mod/tx_clock | design_1_i/UART_0/U0/UART_v1_0_S00_AXI_inst/inst_uart/TX_UART/TX_shift_register/tmp_sig[0]_i_2_n_0                                                             | design_1_i/UART_0/U0/UART_v1_0_S00_AXI_inst/inst_uart/RX_UART/RX_shift_register_SIPO/SR[0]                                                            |                4 |             10 |
|  design_1_i/processing_system7_0/inst/FCLK_CLK0                              | design_1_i/ps7_0_axi_periph/s00_couplers/auto_pc/inst/gen_axilite.gen_b2s_conv.axilite_b2s/RD.r_channel_0/r_push_r                                             |                                                                                                                                                       |                4 |             13 |
|  design_1_i/processing_system7_0/inst/FCLK_CLK0                              | design_1_i/ps7_0_axi_periph/s00_couplers/auto_pc/inst/gen_axilite.gen_b2s_conv.axilite_b2s/SI_REG/b.b_pipe/p_1_in                                              |                                                                                                                                                       |                3 |             14 |
|  design_1_i/processing_system7_0/inst/FCLK_CLK0                              | design_1_i/ps7_0_axi_periph/s00_couplers/auto_pc/inst/gen_axilite.gen_b2s_conv.axilite_b2s/SI_REG/b.b_pipe/s_ready_i_reg_0                                     |                                                                                                                                                       |                3 |             14 |
|  design_1_i/processing_system7_0/inst/FCLK_CLK0                              | design_1_i/ps7_0_axi_periph/s00_couplers/auto_pc/inst/gen_axilite.gen_b2s_conv.axilite_b2s/WR.aw_channel_0/aw_cmd_fsm_0/b_push                                 |                                                                                                                                                       |                3 |             16 |
|  design_1_i/processing_system7_0/inst/FCLK_CLK0                              | design_1_i/ps7_0_axi_periph/s00_couplers/auto_pc/inst/gen_axilite.gen_b2s_conv.axilite_b2s/RD.ar_channel_0/ar_cmd_fsm_0/m_valid_i_reg                          |                                                                                                                                                       |                8 |             17 |
|  design_1_i/processing_system7_0/inst/FCLK_CLK0                              |                                                                                                                                                                | design_1_i/UART_0/U0/UART_v1_0_S00_AXI_inst/inst_uart/RX_UART/RX_shift_register_SIPO/SR[0]                                                            |                5 |             19 |
|  design_1_i/processing_system7_0/inst/FCLK_CLK0                              | design_1_i/ps7_0_axi_periph/s00_couplers/auto_pc/inst/gen_axilite.gen_b2s_conv.axilite_b2s/WR.aw_channel_0/aw_cmd_fsm_0/m_axi_awready_1                        |                                                                                                                                                       |                6 |             21 |
|  design_1_i/processing_system7_0/inst/FCLK_CLK0                              | design_1_i/ps7_0_axi_periph/s00_couplers/auto_pc/inst/gen_axilite.gen_b2s_conv.axilite_b2s/SI_REG/ar.ar_pipe/s_ready_i_reg_0                                   |                                                                                                                                                       |                8 |             28 |
|  design_1_i/processing_system7_0/inst/FCLK_CLK0                              | design_1_i/ps7_0_axi_periph/s00_couplers/auto_pc/inst/gen_axilite.gen_b2s_conv.axilite_b2s/WR.aw_channel_0/aw_cmd_fsm_0/m_valid_i_reg[0]                       |                                                                                                                                                       |                5 |             28 |
|  design_1_i/processing_system7_0/inst/FCLK_CLK0                              | design_1_i/ps7_0_axi_periph/s00_couplers/auto_pc/inst/gen_axilite.gen_b2s_conv.axilite_b2s/RD.ar_channel_0/ar_cmd_fsm_0/FSM_sequential_state_reg[1]_0[0]       |                                                                                                                                                       |                6 |             28 |
|  design_1_i/processing_system7_0/inst/FCLK_CLK0                              | design_1_i/ps7_0_axi_periph/s00_couplers/auto_pc/inst/gen_axilite.gen_b2s_conv.axilite_b2s/SI_REG/aw.aw_pipe/s_ready_i_reg_0                                   |                                                                                                                                                       |                5 |             28 |
|  design_1_i/processing_system7_0/inst/FCLK_CLK0                              | design_1_i/ps7_0_axi_periph/s00_couplers/auto_pc/inst/gen_axilite.gen_b2s_conv.axilite_b2s/RD.r_channel_0/rd_data_fifo_0/wr_en0                                |                                                                                                                                                       |                9 |             32 |
|  design_1_i/processing_system7_0/inst/FCLK_CLK0                              | design_1_i/UART_0/U0/UART_v1_0_S00_AXI_inst/slv_reg_rden                                                                                                       | design_1_i/UART_0/U0/UART_v1_0_S00_AXI_inst/inst_uart/RX_UART/RX_shift_register_SIPO/SR[0]                                                            |               15 |             32 |
|  design_1_i/processing_system7_0/inst/FCLK_CLK0                              | design_1_i/ps7_0_axi_periph/s00_couplers/auto_pc/inst/gen_axilite.gen_b2s_conv.axilite_b2s/SI_REG/r.r_pipe/s_ready_i_reg_0                                     |                                                                                                                                                       |                7 |             45 |
|  design_1_i/processing_system7_0/inst/FCLK_CLK0                              | design_1_i/ps7_0_axi_periph/s00_couplers/auto_pc/inst/gen_axilite.gen_b2s_conv.axilite_b2s/SI_REG/r.r_pipe/p_1_in                                              |                                                                                                                                                       |                8 |             45 |
|  design_1_i/processing_system7_0/inst/FCLK_CLK0                              |                                                                                                                                                                |                                                                                                                                                       |               30 |            113 |
+------------------------------------------------------------------------------+----------------------------------------------------------------------------------------------------------------------------------------------------------------+-------------------------------------------------------------------------------------------------------------------------------------------------------+------------------+----------------+


