17:33:41 **** Incremental Build of configuration Debug for project uart_intr ****
make pre-build main-build 
a9-linaro-pre-build-step
 
Building file: ../src/main.c
Invoking: ARM v7 gcc compiler
arm-none-eabi-gcc -Wall -O0 -g3 -c -fmessage-length=0 -MT"src/main.o" -mcpu=cortex-a9 -mfpu=vfpv3 -mfloat-abi=hard -I../../uart_intr_bsp/ps7_cortexa9_0/include -MMD -MP -MF"src/main.d" -MT"src/main.o" -o "src/main.o" "../src/main.c"
../src/main.c: In function 'main':
../src/main.c:83:2: warning: implicit declaration of function 'usleep'; did you mean 'fseek'? [-Wimplicit-function-declaration]
  usleep(50);
  ^~~~~~
  fseek
../src/main.c: In function 'DeviceDriverHandler':
../src/main.c:114:25: warning: format '%x' expects argument of type 'unsigned int', but argument 2 has type 'u32 {aka long unsigned int}' [-Wformat=]
  printf("PENDING REG %08x: ",pendingReg);
                      ~~~^
                      %08lx
Finished building: ../src/main.c
 
Building target: uart_intr.elf
Invoking: ARM v7 gcc linker
arm-none-eabi-gcc -mcpu=cortex-a9 -mfpu=vfpv3 -mfloat-abi=hard -Wl,-build-id=none -specs=Xilinx.spec -Wl,-T -Wl,../src/lscript.ld -L../../uart_intr_bsp/ps7_cortexa9_0/lib -o "uart_intr.elf"  ./src/main.o ./src/uart_intr.o   -Wl,--start-group,-lxil,-lgcc,-lc,--end-group
Finished building target: uart_intr.elf
 
Invoking: ARM v7 Print Size
arm-none-eabi-size uart_intr.elf  |tee "uart_intr.elf.size"
   text	   data	    bss	    dec	    hex	filename
  75068	   3356	  23376	 101800	  18da8	uart_intr.elf
Finished building: uart_intr.elf.size
 

17:33:41 Build Finished (took 361ms)

