00:07:55 INFO  : Registering command handlers for SDK TCF services
00:07:56 INFO  : Launching XSCT server: xsct -n -interactive /home/saverio/saverio/zybo/prova_zybo_os/prova_zybo_os.sdk/temp_xsdb_launch_script.tcl
00:07:58 INFO  : XSCT server has started successfully.
00:07:58 INFO  : Successfully done setting XSCT server connection channel  
00:07:58 INFO  : Successfully done setting SDK workspace  
00:07:58 INFO  : Processing command line option -hwspec /home/saverio/saverio/zybo/prova_zybo_os/prova_zybo_os.sdk/cpu_wrapper.hdf.
00:09:58 INFO  : Invoking Bootgen: bootgen -image BOOT.bif -arch zynq -o /home/saverio/saverio/zybo/sdcard/BOOT.bin
00:09:58 INFO  : Creating new bif file /home/saverio/saverio/zybo/sdcard/BOOT.bif
00:09:59 INFO  : Bootgen command execution is done.
00:10:36 INFO  : Saving repository preferences.
00:10:36 INFO  : Reading in cores from local repositories: 
		 /home/saverio/saverio/zybo/device-tree-xlnx
00:10:36 INFO  : Cleaning BSP projects in the workspace.
00:10:53 INFO  : Saving repository preferences.
00:41:49 ERROR : (XSDB Server)Terminato

07:57:39 INFO  : Registering command handlers for SDK TCF services
07:57:41 INFO  : Launching XSCT server: xsct -n -interactive /home/saverio/saverio/zybo/prova_zybo_os/prova_zybo_os.sdk/temp_xsdb_launch_script.tcl
07:57:44 INFO  : XSCT server has started successfully.
07:57:44 INFO  : Successfully done setting XSCT server connection channel  
07:57:45 INFO  : Successfully done setting SDK workspace  
07:57:45 INFO  : Restoring local repository preferences: 
		 /home/saverio/saverio/zybo/device-tree-xlnx
07:57:45 INFO  : Processing command line option -hwspec /home/saverio/saverio/zybo/prova_zybo_os/prova_zybo_os.sdk/cpu_wrapper.hdf.
07:57:45 INFO  : Checking for hwspec changes in the project cpu_wrapper_hw_platform_0.
07:57:50 INFO  : BSP Project P/device_tree_bsp_0 has been successfully migrated.
