
*** Running vivado
    with args -log gpio_array.vdi -applog -m64 -product Vivado -messageDb vivado.pb -mode batch -source gpio_array.tcl -notrace


****** Vivado v2018.2 (64-bit)
  **** SW Build 2258646 on Thu Jun 14 20:02:38 MDT 2018
  **** IP Build 2256618 on Thu Jun 14 22:10:49 MDT 2018
    ** Copyright 1986-2018 Xilinx, Inc. All Rights Reserved.

source gpio_array.tcl -notrace
Command: link_design -top gpio_array -part xc7z010clg400-1
Design is defaulting to srcset: sources_1
Design is defaulting to constrset: constrs_1
INFO: [Netlist 29-17] Analyzing 6 Unisim elements for replacement
INFO: [Netlist 29-28] Unisim Transformation completed in 0 CPU seconds
INFO: [Project 1-479] Netlist was created with Vivado 2018.2
INFO: [Device 21-403] Loading part xc7z010clg400-1
INFO: [Project 1-570] Preparing netlist for logic optimization
Parsing XDC File [/home/saverio/zybo/GPIO_ARRAY/GPIO_ARRAY.srcs/constrs_1/new/constraint.xdc]
Finished Parsing XDC File [/home/saverio/zybo/GPIO_ARRAY/GPIO_ARRAY.srcs/constrs_1/new/constraint.xdc]
INFO: [Opt 31-138] Pushed 0 inverter(s) to 0 load pin(s).
INFO: [Project 1-111] Unisim Transformation Summary:
  A total of 2 instances were transformed.
  IOBUF => IOBUF (IBUF, OBUFT): 2 instances

7 Infos, 0 Warnings, 0 Critical Warnings and 0 Errors encountered.
link_design completed successfully
link_design: Time (s): cpu = 00:00:07 ; elapsed = 00:00:19 . Memory (MB): peak = 1422.855 ; gain = 238.016 ; free physical = 6776 ; free virtual = 11968
Command: opt_design
Attempting to get a license for feature 'Implementation' and/or device 'xc7z010'
INFO: [Common 17-349] Got license for feature 'Implementation' and/or device 'xc7z010'
Running DRC as a precondition to command opt_design

Starting DRC Task
INFO: [DRC 23-27] Running DRC with 4 threads
INFO: [Project 1-461] DRC finished with 0 Errors
INFO: [Project 1-462] Please refer to the DRC report (report_drc) for more information.

Time (s): cpu = 00:00:00.10 ; elapsed = 00:00:00.18 . Memory (MB): peak = 1458.871 ; gain = 36.016 ; free physical = 6774 ; free virtual = 11966

Starting Cache Timing Information Task
INFO: [Timing 38-35] Done setting XDC timing constraints.
Ending Cache Timing Information Task | Checksum: 214157e41

Time (s): cpu = 00:00:09 ; elapsed = 00:00:18 . Memory (MB): peak = 1873.434 ; gain = 414.562 ; free physical = 6409 ; free virtual = 11596

Starting Logic Optimization Task

Phase 1 Retarget
INFO: [Opt 31-138] Pushed 0 inverter(s) to 0 load pin(s).
INFO: [Opt 31-49] Retargeted 0 cell(s).
Phase 1 Retarget | Checksum: 214157e41

Time (s): cpu = 00:00:00.01 ; elapsed = 00:00:00.01 . Memory (MB): peak = 1873.434 ; gain = 0.000 ; free physical = 6409 ; free virtual = 11596
INFO: [Opt 31-389] Phase Retarget created 0 cells and removed 0 cells

Phase 2 Constant propagation
INFO: [Opt 31-138] Pushed 0 inverter(s) to 0 load pin(s).
Phase 2 Constant propagation | Checksum: 214157e41

Time (s): cpu = 00:00:00.01 ; elapsed = 00:00:00.01 . Memory (MB): peak = 1873.434 ; gain = 0.000 ; free physical = 6409 ; free virtual = 11596
INFO: [Opt 31-389] Phase Constant propagation created 0 cells and removed 0 cells

Phase 3 Sweep
Phase 3 Sweep | Checksum: 214157e41

Time (s): cpu = 00:00:00.01 ; elapsed = 00:00:00.01 . Memory (MB): peak = 1873.434 ; gain = 0.000 ; free physical = 6409 ; free virtual = 11596
INFO: [Opt 31-389] Phase Sweep created 0 cells and removed 0 cells

Phase 4 BUFG optimization
Phase 4 BUFG optimization | Checksum: 214157e41

Time (s): cpu = 00:00:00.01 ; elapsed = 00:00:00.01 . Memory (MB): peak = 1873.434 ; gain = 0.000 ; free physical = 6409 ; free virtual = 11596
INFO: [Opt 31-662] Phase BUFG optimization created 0 cells of which 0 are BUFGs and removed 0 cells.

Phase 5 Shift Register Optimization
Phase 5 Shift Register Optimization | Checksum: 214157e41

Time (s): cpu = 00:00:00.01 ; elapsed = 00:00:00.01 . Memory (MB): peak = 1873.434 ; gain = 0.000 ; free physical = 6409 ; free virtual = 11596
INFO: [Opt 31-389] Phase Shift Register Optimization created 0 cells and removed 0 cells

Phase 6 Post Processing Netlist
Phase 6 Post Processing Netlist | Checksum: 214157e41

Time (s): cpu = 00:00:00.01 ; elapsed = 00:00:00.01 . Memory (MB): peak = 1873.434 ; gain = 0.000 ; free physical = 6409 ; free virtual = 11596
INFO: [Opt 31-389] Phase Post Processing Netlist created 0 cells and removed 0 cells

Starting Connectivity Check Task

Time (s): cpu = 00:00:00 ; elapsed = 00:00:00 . Memory (MB): peak = 1873.434 ; gain = 0.000 ; free physical = 6409 ; free virtual = 11596
Ending Logic Optimization Task | Checksum: 214157e41

Time (s): cpu = 00:00:00.01 ; elapsed = 00:00:00.01 . Memory (MB): peak = 1873.434 ; gain = 0.000 ; free physical = 6409 ; free virtual = 11596

Starting Power Optimization Task
INFO: [Pwropt 34-132] Skipping clock gating for clocks with a period < 2.00 ns.
Ending Power Optimization Task | Checksum: 214157e41

Time (s): cpu = 00:00:00 ; elapsed = 00:00:00.02 . Memory (MB): peak = 1873.434 ; gain = 0.000 ; free physical = 6409 ; free virtual = 11596

Starting Final Cleanup Task
Ending Final Cleanup Task | Checksum: 214157e41

Time (s): cpu = 00:00:00 ; elapsed = 00:00:00 . Memory (MB): peak = 1873.434 ; gain = 0.000 ; free physical = 6409 ; free virtual = 11596
INFO: [Common 17-83] Releasing license: Implementation
23 Infos, 0 Warnings, 0 Critical Warnings and 0 Errors encountered.
opt_design completed successfully
opt_design: Time (s): cpu = 00:00:09 ; elapsed = 00:00:18 . Memory (MB): peak = 1873.434 ; gain = 450.578 ; free physical = 6409 ; free virtual = 11596
INFO: [Timing 38-480] Writing timing data to binary archive.
Writing placer database...
Writing XDEF routing.
Writing XDEF routing logical nets.
Writing XDEF routing special nets.
Write XDEF Complete: Time (s): cpu = 00:00:00.02 ; elapsed = 00:00:00.01 . Memory (MB): peak = 1905.449 ; gain = 0.000 ; free physical = 6406 ; free virtual = 11595
INFO: [Common 17-1381] The checkpoint '/home/saverio/zybo/GPIO_ARRAY/GPIO_ARRAY.runs/impl_1/gpio_array_opt.dcp' has been generated.
INFO: [runtcl-4] Executing : report_drc -file gpio_array_drc_opted.rpt -pb gpio_array_drc_opted.pb -rpx gpio_array_drc_opted.rpx
Command: report_drc -file gpio_array_drc_opted.rpt -pb gpio_array_drc_opted.pb -rpx gpio_array_drc_opted.rpx
INFO: [IP_Flow 19-234] Refreshing IP repositories
INFO: [IP_Flow 19-1700] Loaded user IP repository '/home/saverio/zybo/GPIO_ARRAY/GPIO_ARRAY.srcs/sources_1/new'.
INFO: [IP_Flow 19-2313] Loaded Vivado IP repository '/opt/Xilinx/Vivado/2018.2/data/ip'.
INFO: [DRC 23-27] Running DRC with 4 threads
INFO: [Coretcl 2-168] The results of DRC are in file /home/saverio/zybo/GPIO_ARRAY/GPIO_ARRAY.runs/impl_1/gpio_array_drc_opted.rpt.
report_drc completed successfully
Command: place_design
Attempting to get a license for feature 'Implementation' and/or device 'xc7z010'
INFO: [Common 17-349] Got license for feature 'Implementation' and/or device 'xc7z010'
INFO: [DRC 23-27] Running DRC with 4 threads
INFO: [Vivado_Tcl 4-198] DRC finished with 0 Errors
INFO: [Vivado_Tcl 4-199] Please refer to the DRC report (report_drc) for more information.
Running DRC as a precondition to command place_design
INFO: [DRC 23-27] Running DRC with 4 threads
INFO: [Vivado_Tcl 4-198] DRC finished with 0 Errors
INFO: [Vivado_Tcl 4-199] Please refer to the DRC report (report_drc) for more information.

Starting Placer Task
INFO: [Place 30-611] Multithreading enabled for place_design using a maximum of 4 CPUs

Phase 1 Placer Initialization

Phase 1.1 Placer Initialization Netlist Sorting
Netlist sorting complete. Time (s): cpu = 00:00:00 ; elapsed = 00:00:00 . Memory (MB): peak = 1947.773 ; gain = 0.000 ; free physical = 6374 ; free virtual = 11561
Phase 1.1 Placer Initialization Netlist Sorting | Checksum: 13971bebc

Time (s): cpu = 00:00:00 ; elapsed = 00:00:00.02 . Memory (MB): peak = 1947.773 ; gain = 0.000 ; free physical = 6374 ; free virtual = 11561
Netlist sorting complete. Time (s): cpu = 00:00:00 ; elapsed = 00:00:00 . Memory (MB): peak = 1947.773 ; gain = 0.000 ; free physical = 6374 ; free virtual = 11561

Phase 1.2 IO Placement/ Clock Placement/ Build Placer Device
INFO: [Timing 38-35] Done setting XDC timing constraints.
Phase 1.2 IO Placement/ Clock Placement/ Build Placer Device | Checksum: 13971bebc

Time (s): cpu = 00:00:00.23 ; elapsed = 00:00:00.19 . Memory (MB): peak = 1947.773 ; gain = 0.000 ; free physical = 6374 ; free virtual = 11561

Phase 1.3 Build Placer Netlist Model
Phase 1.3 Build Placer Netlist Model | Checksum: 17c81e44b

Time (s): cpu = 00:00:00.25 ; elapsed = 00:00:00.19 . Memory (MB): peak = 1947.773 ; gain = 0.000 ; free physical = 6373 ; free virtual = 11561

Phase 1.4 Constrain Clocks/Macros
Phase 1.4 Constrain Clocks/Macros | Checksum: 17c81e44b

Time (s): cpu = 00:00:00.25 ; elapsed = 00:00:00.19 . Memory (MB): peak = 1947.773 ; gain = 0.000 ; free physical = 6373 ; free virtual = 11561
Phase 1 Placer Initialization | Checksum: 17c81e44b

Time (s): cpu = 00:00:00.25 ; elapsed = 00:00:00.19 . Memory (MB): peak = 1947.773 ; gain = 0.000 ; free physical = 6373 ; free virtual = 11561

Phase 2 Global Placement

Phase 2.1 Floorplanning
Phase 2.1 Floorplanning | Checksum: 17c81e44b

Time (s): cpu = 00:00:00.27 ; elapsed = 00:00:00.21 . Memory (MB): peak = 1947.773 ; gain = 0.000 ; free physical = 6373 ; free virtual = 11560
WARNING: [Place 46-29] place_design is not in timing mode. Skip physical synthesis in placer
Phase 2 Global Placement | Checksum: 1839c7e88

Time (s): cpu = 00:00:00.60 ; elapsed = 00:00:00.35 . Memory (MB): peak = 1981.086 ; gain = 33.312 ; free physical = 6370 ; free virtual = 11558

Phase 3 Detail Placement

Phase 3.1 Commit Multi Column Macros
Phase 3.1 Commit Multi Column Macros | Checksum: 1839c7e88

Time (s): cpu = 00:00:00.62 ; elapsed = 00:00:00.35 . Memory (MB): peak = 1981.086 ; gain = 33.312 ; free physical = 6370 ; free virtual = 11558

Phase 3.2 Commit Most Macros & LUTRAMs
Phase 3.2 Commit Most Macros & LUTRAMs | Checksum: 232ecdf7c

Time (s): cpu = 00:00:00.65 ; elapsed = 00:00:00.36 . Memory (MB): peak = 1981.086 ; gain = 33.312 ; free physical = 6370 ; free virtual = 11558

Phase 3.3 Area Swap Optimization
Phase 3.3 Area Swap Optimization | Checksum: 1839c7e88

Time (s): cpu = 00:00:00.66 ; elapsed = 00:00:00.37 . Memory (MB): peak = 1981.086 ; gain = 33.312 ; free physical = 6370 ; free virtual = 11558

Phase 3.4 Pipeline Register Optimization
Phase 3.4 Pipeline Register Optimization | Checksum: 1839c7e88

Time (s): cpu = 00:00:00.67 ; elapsed = 00:00:00.37 . Memory (MB): peak = 1981.086 ; gain = 33.312 ; free physical = 6370 ; free virtual = 11558

Phase 3.5 Small Shape Detail Placement
Phase 3.5 Small Shape Detail Placement | Checksum: 200c30b51

Time (s): cpu = 00:00:00.80 ; elapsed = 00:00:00.41 . Memory (MB): peak = 1981.086 ; gain = 33.312 ; free physical = 6369 ; free virtual = 11556

Phase 3.6 Re-assign LUT pins
Phase 3.6 Re-assign LUT pins | Checksum: 200c30b51

Time (s): cpu = 00:00:00.80 ; elapsed = 00:00:00.41 . Memory (MB): peak = 1981.086 ; gain = 33.312 ; free physical = 6369 ; free virtual = 11556

Phase 3.7 Pipeline Register Optimization
Phase 3.7 Pipeline Register Optimization | Checksum: 200c30b51

Time (s): cpu = 00:00:00.80 ; elapsed = 00:00:00.41 . Memory (MB): peak = 1981.086 ; gain = 33.312 ; free physical = 6369 ; free virtual = 11556
Phase 3 Detail Placement | Checksum: 200c30b51

Time (s): cpu = 00:00:00.80 ; elapsed = 00:00:00.41 . Memory (MB): peak = 1981.086 ; gain = 33.312 ; free physical = 6369 ; free virtual = 11556

Phase 4 Post Placement Optimization and Clean-Up

Phase 4.1 Post Commit Optimization
Phase 4.1 Post Commit Optimization | Checksum: 200c30b51

Time (s): cpu = 00:00:00.81 ; elapsed = 00:00:00.41 . Memory (MB): peak = 1981.086 ; gain = 33.312 ; free physical = 6369 ; free virtual = 11556

Phase 4.2 Post Placement Cleanup
Phase 4.2 Post Placement Cleanup | Checksum: 200c30b51

Time (s): cpu = 00:00:00.81 ; elapsed = 00:00:00.41 . Memory (MB): peak = 1981.086 ; gain = 33.312 ; free physical = 6369 ; free virtual = 11557

Phase 4.3 Placer Reporting
Phase 4.3 Placer Reporting | Checksum: 200c30b51

Time (s): cpu = 00:00:00.82 ; elapsed = 00:00:00.41 . Memory (MB): peak = 1981.086 ; gain = 33.312 ; free physical = 6369 ; free virtual = 11557

Phase 4.4 Final Placement Cleanup
Phase 4.4 Final Placement Cleanup | Checksum: 200c30b51

Time (s): cpu = 00:00:00.82 ; elapsed = 00:00:00.41 . Memory (MB): peak = 1981.086 ; gain = 33.312 ; free physical = 6369 ; free virtual = 11557
Phase 4 Post Placement Optimization and Clean-Up | Checksum: 200c30b51

Time (s): cpu = 00:00:00.82 ; elapsed = 00:00:00.41 . Memory (MB): peak = 1981.086 ; gain = 33.312 ; free physical = 6369 ; free virtual = 11557
Ending Placer Task | Checksum: 1538881e7

Time (s): cpu = 00:00:00.83 ; elapsed = 00:00:00.41 . Memory (MB): peak = 1981.086 ; gain = 33.312 ; free physical = 6371 ; free virtual = 11558
INFO: [Common 17-83] Releasing license: Implementation
41 Infos, 1 Warnings, 0 Critical Warnings and 0 Errors encountered.
place_design completed successfully
INFO: [Timing 38-480] Writing timing data to binary archive.
Writing placer database...
Writing XDEF routing.
Writing XDEF routing logical nets.
Writing XDEF routing special nets.
Write XDEF Complete: Time (s): cpu = 00:00:00.04 ; elapsed = 00:00:00.02 . Memory (MB): peak = 1981.086 ; gain = 0.000 ; free physical = 6370 ; free virtual = 11558
INFO: [Common 17-1381] The checkpoint '/home/saverio/zybo/GPIO_ARRAY/GPIO_ARRAY.runs/impl_1/gpio_array_placed.dcp' has been generated.
INFO: [runtcl-4] Executing : report_io -file gpio_array_io_placed.rpt
report_io: Time (s): cpu = 00:00:00.09 ; elapsed = 00:00:00.12 . Memory (MB): peak = 1981.086 ; gain = 0.000 ; free physical = 6361 ; free virtual = 11548
INFO: [runtcl-4] Executing : report_utilization -file gpio_array_utilization_placed.rpt -pb gpio_array_utilization_placed.pb
report_utilization: Time (s): cpu = 00:00:00.06 ; elapsed = 00:00:00.09 . Memory (MB): peak = 1981.086 ; gain = 0.000 ; free physical = 6369 ; free virtual = 11557
INFO: [runtcl-4] Executing : report_control_sets -verbose -file gpio_array_control_sets_placed.rpt
report_control_sets: Time (s): cpu = 00:00:00.05 ; elapsed = 00:00:00.07 . Memory (MB): peak = 1981.086 ; gain = 0.000 ; free physical = 6369 ; free virtual = 11557
Command: route_design
Attempting to get a license for feature 'Implementation' and/or device 'xc7z010'
INFO: [Common 17-349] Got license for feature 'Implementation' and/or device 'xc7z010'
Running DRC as a precondition to command route_design
INFO: [DRC 23-27] Running DRC with 4 threads
INFO: [Vivado_Tcl 4-198] DRC finished with 0 Errors
INFO: [Vivado_Tcl 4-199] Please refer to the DRC report (report_drc) for more information.


Starting Routing Task
INFO: [Route 35-254] Multithreading enabled for route_design using a maximum of 4 CPUs
Checksum: PlaceDB: 69cb61b5 ConstDB: 0 ShapeSum: e9bd2032 RouteDB: 0

Phase 1 Build RT Design
Phase 1 Build RT Design | Checksum: 5bbb39a1

Time (s): cpu = 00:00:09 ; elapsed = 00:00:07 . Memory (MB): peak = 2029.035 ; gain = 47.949 ; free physical = 6264 ; free virtual = 11471
Post Restoration Checksum: NetGraph: 371f3486 NumContArr: 249c051b Constraints: 0 Timing: 0

Phase 2 Router Initialization
INFO: [Route 35-64] No timing constraints were detected. The router will operate in resource-optimization mode.

Phase 2.1 Fix Topology Constraints
Phase 2.1 Fix Topology Constraints | Checksum: 5bbb39a1

Time (s): cpu = 00:00:09 ; elapsed = 00:00:07 . Memory (MB): peak = 2043.035 ; gain = 61.949 ; free physical = 6250 ; free virtual = 11457

Phase 2.2 Pre Route Cleanup
Phase 2.2 Pre Route Cleanup | Checksum: 5bbb39a1

Time (s): cpu = 00:00:09 ; elapsed = 00:00:07 . Memory (MB): peak = 2043.035 ; gain = 61.949 ; free physical = 6250 ; free virtual = 11457
Phase 2 Router Initialization | Checksum: 5bbb39a1

Time (s): cpu = 00:00:09 ; elapsed = 00:00:07 . Memory (MB): peak = 2046.035 ; gain = 64.949 ; free physical = 6248 ; free virtual = 11455

Phase 3 Initial Routing
 Number of Nodes with overlaps = 0
Phase 3 Initial Routing | Checksum: 14bd235a4

Time (s): cpu = 00:00:09 ; elapsed = 00:00:07 . Memory (MB): peak = 2046.035 ; gain = 64.949 ; free physical = 6248 ; free virtual = 11455

Phase 4 Rip-up And Reroute

Phase 4.1 Global Iteration 0
Phase 4.1 Global Iteration 0 | Checksum: 14bd235a4

Time (s): cpu = 00:00:09 ; elapsed = 00:00:07 . Memory (MB): peak = 2046.035 ; gain = 64.949 ; free physical = 6248 ; free virtual = 11455
Phase 4 Rip-up And Reroute | Checksum: 14bd235a4

Time (s): cpu = 00:00:09 ; elapsed = 00:00:07 . Memory (MB): peak = 2046.035 ; gain = 64.949 ; free physical = 6248 ; free virtual = 11455

Phase 5 Delay and Skew Optimization
Phase 5 Delay and Skew Optimization | Checksum: 14bd235a4

Time (s): cpu = 00:00:09 ; elapsed = 00:00:07 . Memory (MB): peak = 2046.035 ; gain = 64.949 ; free physical = 6248 ; free virtual = 11455

Phase 6 Post Hold Fix

Phase 6.1 Hold Fix Iter
Phase 6.1 Hold Fix Iter | Checksum: 14bd235a4

Time (s): cpu = 00:00:09 ; elapsed = 00:00:07 . Memory (MB): peak = 2046.035 ; gain = 64.949 ; free physical = 6248 ; free virtual = 11455
Phase 6 Post Hold Fix | Checksum: 14bd235a4

Time (s): cpu = 00:00:09 ; elapsed = 00:00:07 . Memory (MB): peak = 2046.035 ; gain = 64.949 ; free physical = 6248 ; free virtual = 11455

Phase 7 Route finalize

Router Utilization Summary
  Global Vertical Routing Utilization    = 0.0550394 %
  Global Horizontal Routing Utilization  = 0.00298713 %
  Routable Net Status*
  *Does not include unroutable nets such as driverless and loadless.
  Run report_route_status for detailed report.
  Number of Failed Nets               = 0
  Number of Unrouted Nets             = 0
  Number of Partially Routed Nets     = 0
  Number of Node Overlaps             = 0

Congestion Report
North Dir 1x1 Area, Max Cong = 16.2162%, No Congested Regions.
South Dir 1x1 Area, Max Cong = 16.2162%, No Congested Regions.
East Dir 1x1 Area, Max Cong = 2.94118%, No Congested Regions.
West Dir 1x1 Area, Max Cong = 2.94118%, No Congested Regions.

------------------------------
Reporting congestion hotspots
------------------------------
Direction: North
----------------
Congested clusters found at Level 0
Effective congestion level: 0 Aspect Ratio: 1 Sparse Ratio: 0
Direction: South
----------------
Congested clusters found at Level 0
Effective congestion level: 0 Aspect Ratio: 1 Sparse Ratio: 0
Direction: East
----------------
Congested clusters found at Level 0
Effective congestion level: 0 Aspect Ratio: 1 Sparse Ratio: 0
Direction: West
----------------
Congested clusters found at Level 0
Effective congestion level: 0 Aspect Ratio: 1 Sparse Ratio: 0

Phase 7 Route finalize | Checksum: 14bd235a4

Time (s): cpu = 00:00:09 ; elapsed = 00:00:08 . Memory (MB): peak = 2046.035 ; gain = 64.949 ; free physical = 6248 ; free virtual = 11455

Phase 8 Verifying routed nets

 Verification completed successfully
Phase 8 Verifying routed nets | Checksum: 14bd235a4

Time (s): cpu = 00:00:09 ; elapsed = 00:00:08 . Memory (MB): peak = 2048.035 ; gain = 66.949 ; free physical = 6247 ; free virtual = 11454

Phase 9 Depositing Routes
Phase 9 Depositing Routes | Checksum: 14ebc8426

Time (s): cpu = 00:00:09 ; elapsed = 00:00:08 . Memory (MB): peak = 2048.035 ; gain = 66.949 ; free physical = 6247 ; free virtual = 11454
INFO: [Route 35-16] Router Completed Successfully

Time (s): cpu = 00:00:09 ; elapsed = 00:00:08 . Memory (MB): peak = 2048.035 ; gain = 66.949 ; free physical = 6262 ; free virtual = 11469

Routing Is Done.
INFO: [Common 17-83] Releasing license: Implementation
54 Infos, 1 Warnings, 0 Critical Warnings and 0 Errors encountered.
route_design completed successfully
route_design: Time (s): cpu = 00:00:09 ; elapsed = 00:00:08 . Memory (MB): peak = 2048.035 ; gain = 66.949 ; free physical = 6259 ; free virtual = 11466
INFO: [Timing 38-480] Writing timing data to binary archive.
Writing placer database...
Writing XDEF routing.
Writing XDEF routing logical nets.
Writing XDEF routing special nets.
Write XDEF Complete: Time (s): cpu = 00:00:00.03 ; elapsed = 00:00:00.02 . Memory (MB): peak = 2048.035 ; gain = 0.000 ; free physical = 6258 ; free virtual = 11467
INFO: [Common 17-1381] The checkpoint '/home/saverio/zybo/GPIO_ARRAY/GPIO_ARRAY.runs/impl_1/gpio_array_routed.dcp' has been generated.
INFO: [runtcl-4] Executing : report_drc -file gpio_array_drc_routed.rpt -pb gpio_array_drc_routed.pb -rpx gpio_array_drc_routed.rpx
Command: report_drc -file gpio_array_drc_routed.rpt -pb gpio_array_drc_routed.pb -rpx gpio_array_drc_routed.rpx
INFO: [DRC 23-27] Running DRC with 4 threads
INFO: [Coretcl 2-168] The results of DRC are in file /home/saverio/zybo/GPIO_ARRAY/GPIO_ARRAY.runs/impl_1/gpio_array_drc_routed.rpt.
report_drc completed successfully
INFO: [runtcl-4] Executing : report_methodology -file gpio_array_methodology_drc_routed.rpt -pb gpio_array_methodology_drc_routed.pb -rpx gpio_array_methodology_drc_routed.rpx
Command: report_methodology -file gpio_array_methodology_drc_routed.rpt -pb gpio_array_methodology_drc_routed.pb -rpx gpio_array_methodology_drc_routed.rpx
INFO: [Timing 38-35] Done setting XDC timing constraints.
INFO: [Timing 38-35] Done setting XDC timing constraints.
INFO: [DRC 23-133] Running Methodology with 4 threads
INFO: [Coretcl 2-1520] The results of Report Methodology are in file /home/saverio/zybo/GPIO_ARRAY/GPIO_ARRAY.runs/impl_1/gpio_array_methodology_drc_routed.rpt.
report_methodology completed successfully
INFO: [runtcl-4] Executing : report_power -file gpio_array_power_routed.rpt -pb gpio_array_power_summary_routed.pb -rpx gpio_array_power_routed.rpx
Command: report_power -file gpio_array_power_routed.rpt -pb gpio_array_power_summary_routed.pb -rpx gpio_array_power_routed.rpx
WARNING: [Power 33-232] No user defined clocks were found in the design!
Resolution: Please specify clocks using create_clock/create_generated_clock for sequential elements. For pure combinatorial circuits, please specify a virtual clock, otherwise the vectorless estimation might be inaccurate
INFO: [Timing 38-35] Done setting XDC timing constraints.
Running Vector-less Activity Propagation...

Finished Running Vector-less Activity Propagation
66 Infos, 2 Warnings, 0 Critical Warnings and 0 Errors encountered.
report_power completed successfully
INFO: [runtcl-4] Executing : report_route_status -file gpio_array_route_status.rpt -pb gpio_array_route_status.pb
INFO: [runtcl-4] Executing : report_timing_summary -max_paths 10 -file gpio_array_timing_summary_routed.rpt -pb gpio_array_timing_summary_routed.pb -rpx gpio_array_timing_summary_routed.rpx -warn_on_violation 
INFO: [Timing 38-91] UpdateTimingParams: Speed grade: -1, Delay Type: min_max, Timing Stage: Requireds.
INFO: [Timing 38-191] Multithreading enabled for timing update using a maximum of 4 CPUs
WARNING: [Timing 38-313] There are no user specified timing constraints. Timing constraints are needed for proper timing analysis.
INFO: [runtcl-4] Executing : report_incremental_reuse -file gpio_array_incremental_reuse_routed.rpt
INFO: [Vivado_Tcl 4-545] No incremental reuse to report, no incremental placement and routing data was found.
INFO: [runtcl-4] Executing : report_clock_utilization -file gpio_array_clock_utilization_routed.rpt
INFO: [runtcl-4] Executing : report_bus_skew -warn_on_violation -file gpio_array_bus_skew_routed.rpt -pb gpio_array_bus_skew_routed.pb -rpx gpio_array_bus_skew_routed.rpx
INFO: [Timing 38-91] UpdateTimingParams: Speed grade: -1, Delay Type: min_max, Timing Stage: Requireds.
INFO: [Timing 38-191] Multithreading enabled for timing update using a maximum of 4 CPUs
Command: write_bitstream -force gpio_array.bit
Attempting to get a license for feature 'Implementation' and/or device 'xc7z010'
INFO: [Common 17-349] Got license for feature 'Implementation' and/or device 'xc7z010'
Running DRC as a precondition to command write_bitstream
INFO: [DRC 23-27] Running DRC with 4 threads
WARNING: [DRC ZPS7-1] PS7 block required: The PS7 cell must be used in this Zynq design in order to enable correct default configuration.
INFO: [Vivado 12-3199] DRC finished with 0 Errors, 1 Warnings
INFO: [Vivado 12-3200] Please refer to the DRC report (report_drc) for more information.
INFO: [Designutils 20-2272] Running write_bitstream with 4 threads.
Loading data files...
Loading site data...
Loading route data...
Processing options...
Creating bitmap...
Creating bitstream...
Writing bitstream ./gpio_array.bit...
INFO: [Vivado 12-1842] Bitgen Completed Successfully.
INFO: [Project 1-120] WebTalk data collection is mandatory when using a WebPACK part without a full Vivado license. To see the specific WebTalk data collected for your design, open the usage_statistics_webtalk.html or usage_statistics_webtalk.xml file in the implementation directory.
INFO: [Common 17-83] Releasing license: Implementation
84 Infos, 4 Warnings, 0 Critical Warnings and 0 Errors encountered.
write_bitstream completed successfully
write_bitstream: Time (s): cpu = 00:00:07 ; elapsed = 00:02:18 . Memory (MB): peak = 2407.129 ; gain = 297.762 ; free physical = 5672 ; free virtual = 10872
INFO: [Common 17-206] Exiting Vivado at Thu Apr 11 23:47:00 2019...
