INFO: [VRFC 10-163] Analyzing VHDL file "/home/andrea/SE_workspace/MyIntGPIO/MyIntGPIO.sim/sim_1/impl/func/xsim/design_1_wrapper_func_impl.vhd" into library xil_defaultlib
INFO: [VRFC 10-3107] analyzing entity 'axi_crossbar_v2_1_19_addr_arbiter_sasd'
INFO: [VRFC 10-3107] analyzing entity 'axi_crossbar_v2_1_19_decerr_slave'
INFO: [VRFC 10-3107] analyzing entity 'axi_crossbar_v2_1_19_splitter'
INFO: [VRFC 10-3107] analyzing entity '\axi_crossbar_v2_1_19_splitter__parameterized0\'
INFO: [VRFC 10-3107] analyzing entity 'axi_protocol_converter_v2_1_18_b2s_incr_cmd'
INFO: [VRFC 10-3107] analyzing entity 'axi_protocol_converter_v2_1_18_b2s_incr_cmd_3'
INFO: [VRFC 10-3107] analyzing entity 'axi_protocol_converter_v2_1_18_b2s_rd_cmd_fsm'
INFO: [VRFC 10-3107] analyzing entity 'axi_protocol_converter_v2_1_18_b2s_simple_fifo'
INFO: [VRFC 10-3107] analyzing entity '\axi_protocol_converter_v2_1_18_b2s_simple_fifo__parameterized0\'
INFO: [VRFC 10-3107] analyzing entity '\axi_protocol_converter_v2_1_18_b2s_simple_fifo__parameterized1\'
INFO: [VRFC 10-3107] analyzing entity '\axi_protocol_converter_v2_1_18_b2s_simple_fifo__parameterized2\'
INFO: [VRFC 10-3107] analyzing entity 'axi_protocol_converter_v2_1_18_b2s_wr_cmd_fsm'
INFO: [VRFC 10-3107] analyzing entity 'axi_protocol_converter_v2_1_18_b2s_wrap_cmd'
INFO: [VRFC 10-3107] analyzing entity 'axi_protocol_converter_v2_1_18_b2s_wrap_cmd_4'
INFO: [VRFC 10-3107] analyzing entity 'axi_register_slice_v2_1_18_axic_register_slice'
INFO: [VRFC 10-3107] analyzing entity 'axi_register_slice_v2_1_18_axic_register_slice_1'
INFO: [VRFC 10-3107] analyzing entity '\axi_register_slice_v2_1_18_axic_register_slice__parameterized1\'
INFO: [VRFC 10-3107] analyzing entity '\axi_register_slice_v2_1_18_axic_register_slice__parameterized2\'
INFO: [VRFC 10-3107] analyzing entity '\axi_register_slice_v2_1_18_axic_register_slice__parameterized7\'
INFO: [VRFC 10-3107] analyzing entity 'cdc_sync'
INFO: [VRFC 10-3107] analyzing entity 'cdc_sync_0'
INFO: [VRFC 10-3107] analyzing entity 'myIntGPIO_v1_0_S00_AXI'
INFO: [VRFC 10-3107] analyzing entity 'myIntGPIO_v1_0_S_AXI_INTR'
INFO: [VRFC 10-3107] analyzing entity 'processing_system7_v5_5_processing_system7'
INFO: [VRFC 10-3107] analyzing entity 'upcnt_n'
INFO: [VRFC 10-3107] analyzing entity 'axi_crossbar_v2_1_19_crossbar_sasd'
INFO: [VRFC 10-3107] analyzing entity 'axi_protocol_converter_v2_1_18_b2s_b_channel'
INFO: [VRFC 10-3107] analyzing entity 'axi_protocol_converter_v2_1_18_b2s_cmd_translator'
INFO: [VRFC 10-3107] analyzing entity 'axi_protocol_converter_v2_1_18_b2s_cmd_translator_2'
INFO: [VRFC 10-3107] analyzing entity 'axi_protocol_converter_v2_1_18_b2s_r_channel'
INFO: [VRFC 10-3107] analyzing entity 'axi_register_slice_v2_1_18_axi_register_slice'
INFO: [VRFC 10-3107] analyzing entity 'design_1_processing_system7_0_0'
INFO: [VRFC 10-3107] analyzing entity 'lpf'
INFO: [VRFC 10-3107] analyzing entity 'myIntGPIO_v1_0'
INFO: [VRFC 10-3107] analyzing entity 'sequence_psr'
INFO: [VRFC 10-3107] analyzing entity 'axi_crossbar_v2_1_19_axi_crossbar'
INFO: [VRFC 10-3107] analyzing entity 'axi_protocol_converter_v2_1_18_b2s_ar_channel'
INFO: [VRFC 10-3107] analyzing entity 'axi_protocol_converter_v2_1_18_b2s_aw_channel'
INFO: [VRFC 10-3107] analyzing entity 'design_1_myIntGPIO_0_0'
INFO: [VRFC 10-3107] analyzing entity 'proc_sys_reset'
INFO: [VRFC 10-3107] analyzing entity 'axi_protocol_converter_v2_1_18_b2s'
INFO: [VRFC 10-3107] analyzing entity 'design_1_rst_ps7_0_50M_0'
INFO: [VRFC 10-3107] analyzing entity 'design_1_xbar_0'
INFO: [VRFC 10-3107] analyzing entity 'axi_protocol_converter_v2_1_18_axi_protocol_converter'
INFO: [VRFC 10-3107] analyzing entity 'design_1_auto_pc_0'
INFO: [VRFC 10-3107] analyzing entity 's00_couplers_imp_UYSKKA'
INFO: [VRFC 10-3107] analyzing entity 'design_1_ps7_0_axi_periph_0'
INFO: [VRFC 10-3107] analyzing entity 'design_1'
INFO: [VRFC 10-3107] analyzing entity 'design_1_wrapper'
