#-----------------------------------------------------------
# Webtalk v2018.3 (64-bit)
# SW Build 2405991 on Thu Dec  6 23:36:41 MST 2018
# 
# Start of session at: Wed May  1 21:23:33 2019
# Process ID: 10775
# Current directory: /home/michele/Documenti/Universita/SE/Projects/UART_int/UART_int.sdk/webtalk
# Command line: wbtcv -mode batch -source sdk_webtalk.tcl
# Log file: /home/michele/Documenti/Universita/SE/Projects/UART_int/UART_int.sdk/webtalk/webtalk.log
# Journal file: /home/michele/Documenti/Universita/SE/Projects/UART_int/UART_int.sdk/webtalk/webtalk.jou
#-----------------------------------------------------------
source sdk_webtalk.tcl
# webtalk_init -webtalk_dir /home/michele/Documenti/Universita/SE/Projects/UART_int/UART_int.sdk/webtalk
# webtalk_register_client -client project
# webtalk_add_data -client project -key date_generated -value "2019-05-01 21:23:32" -context "software_version_and_target_device"
# webtalk_add_data -client project -key product_version -value "SDK v2018.3" -context "software_version_and_target_device"
# webtalk_add_data -client project -key build_version -value "2018.3" -context "software_version_and_target_device"
# webtalk_add_data -client project -key os_platform -value "amd64" -context "software_version_and_target_device"
# webtalk_add_data -client project -key registration_id -value "" -context "software_version_and_target_device"
# webtalk_add_data -client project -key tool_flow -value "SDK" -context "software_version_and_target_device"
# webtalk_add_data -client project -key beta -value "false" -context "software_version_and_target_device"
# webtalk_add_data -client project -key route_design -value "NA" -context "software_version_and_target_device"
# webtalk_add_data -client project -key target_family -value "NA" -context "software_version_and_target_device"
# webtalk_add_data -client project -key target_device -value "NA" -context "software_version_and_target_device"
# webtalk_add_data -client project -key target_package -value "NA" -context "software_version_and_target_device"
# webtalk_add_data -client project -key target_speed -value "NA" -context "software_version_and_target_device"
# webtalk_add_data -client project -key random_id -value "s32t47cg3vdjqc7nrj6amt5gm8" -context "software_version_and_target_device"
# webtalk_add_data -client project -key project_id -value "2018.3_20" -context "software_version_and_target_device"
# webtalk_add_data -client project -key project_iteration -value "20" -context "software_version_and_target_device"
# webtalk_add_data -client project -key os_name -value "Ubuntu" -context "user_environment"
# webtalk_add_data -client project -key os_release -value "Ubuntu 18.04.2 LTS" -context "user_environment"
# webtalk_add_data -client project -key cpu_name -value "Intel(R) Core(TM) i7-8750H CPU @ 2.20GHz" -context "user_environment"
# webtalk_add_data -client project -key cpu_speed -value "4019.653 MHz" -context "user_environment"
# webtalk_add_data -client project -key total_processors -value "1" -context "user_environment"
# webtalk_add_data -client project -key system_ram -value "16.507 GB" -context "user_environment"
# webtalk_register_client -client sdk
# webtalk_add_data -client sdk -key uid -value "1556733280000" -context "sdk\\\\bsp/1556733280000"
# webtalk_add_data -client sdk -key hwid -value "1556710983000" -context "sdk\\\\bsp/1556733280000"
# webtalk_add_data -client sdk -key os -value "device_tree" -context "sdk\\\\bsp/1556733280000"
# webtalk_add_data -client sdk -key apptemplate -value "null" -context "sdk\\\\bsp/1556733280000"
# webtalk_add_data -client sdk -key RecordType -value "BSPCreation" -context "sdk\\\\bsp/1556733280000"
# webtalk_add_data -client sdk -key uid -value "1556733326000" -context "sdk\\\\bsp/1556733326000"
# webtalk_add_data -client sdk -key hwid -value "1556710983000" -context "sdk\\\\bsp/1556733326000"
# webtalk_add_data -client sdk -key os -value "standalone" -context "sdk\\\\bsp/1556733326000"
# webtalk_add_data -client sdk -key apptemplate -value "zynq_fsbl" -context "sdk\\\\bsp/1556733326000"
# webtalk_add_data -client sdk -key RecordType -value "BSPCreation" -context "sdk\\\\bsp/1556733326000"
# webtalk_add_data -client sdk -key uid -value "1556733334000" -context "sdk\\\\application/1556733334000"
# webtalk_add_data -client sdk -key hwid -value "1556710983000" -context "sdk\\\\application/1556733334000"
# webtalk_add_data -client sdk -key bspid -value "1556733326000" -context "sdk\\\\application/1556733334000"
# webtalk_add_data -client sdk -key newbsp -value "true" -context "sdk\\\\application/1556733334000"
# webtalk_add_data -client sdk -key os -value "standalone" -context "sdk\\\\application/1556733334000"
# webtalk_add_data -client sdk -key apptemplate -value "zynq_fsbl" -context "sdk\\\\application/1556733334000"
# webtalk_add_data -client sdk -key RecordType -value "APPCreation" -context "sdk\\\\application/1556733334000"
# webtalk_add_data -client sdk -key LangUsed -value "C" -context "sdk\\\\application/1556733334000"
# webtalk_add_data -client sdk -key Procused -value "ps7_cortexa9" -context "sdk\\\\application/1556733334000"
# webtalk_add_data -client sdk -key projSize -value "594.3828125" -context "sdk\\\\application/1556733334000"
# webtalk_add_data -client sdk -key uid -value "NA" -context "sdk\\\\bsp/1556738612420"
# webtalk_add_data -client sdk -key RecordType -value "ToolUsage" -context "sdk\\\\bsp/1556738612420"
# webtalk_add_data -client sdk -key BootgenCount -value "1" -context "sdk\\\\bsp/1556738612420"
# webtalk_add_data -client sdk -key DebugCount -value "16" -context "sdk\\\\bsp/1556738612420"
# webtalk_add_data -client sdk -key PerfCount -value "0" -context "sdk\\\\bsp/1556738612420"
# webtalk_add_data -client sdk -key FlashCount -value "0" -context "sdk\\\\bsp/1556738612420"
# webtalk_add_data -client sdk -key CrossTriggCount -value "0" -context "sdk\\\\bsp/1556738612420"
# webtalk_add_data -client sdk -key QemuDebugCount -value "0" -context "sdk\\\\bsp/1556738612420"
# webtalk_transmit -clientid 2300362307 -regid "" -xml /home/michele/Documenti/Universita/SE/Projects/UART_int/UART_int.sdk/webtalk/usage_statistics_ext_sdk.xml -html /home/michele/Documenti/Universita/SE/Projects/UART_int/UART_int.sdk/webtalk/usage_statistics_ext_sdk.html -wdm /home/michele/Documenti/Universita/SE/Projects/UART_int/UART_int.sdk/webtalk/sdk_webtalk.wdm -intro "<H3>SDK Usage Report</H3><BR>"
INFO: [Common 17-186] '/home/michele/Documenti/Universita/SE/Projects/UART_int/UART_int.sdk/webtalk/usage_statistics_ext_sdk.xml' has been successfully sent to Xilinx on Wed May  1 21:23:36 2019. For additional details about this file, please refer to the WebTalk help file at /home/michele/SDK/2018.3/doc/webtalk_introduction.html.
# webtalk_terminate
INFO: [Common 17-206] Exiting Webtalk at Wed May  1 21:23:36 2019...
