
*** Running vivado
    with args -log uart_wrapper.vdi -applog -m64 -product Vivado -messageDb vivado.pb -mode batch -source uart_wrapper.tcl -notrace


****** Vivado v2018.2 (64-bit)
  **** SW Build 2258646 on Thu Jun 14 20:02:38 MDT 2018
  **** IP Build 2256618 on Thu Jun 14 22:10:49 MDT 2018
    ** Copyright 1986-2018 Xilinx, Inc. All Rights Reserved.

source uart_wrapper.tcl -notrace
INFO: [IP_Flow 19-234] Refreshing IP repositories
INFO: [IP_Flow 19-1700] Loaded user IP repository '/home/saverio/zybo/ip_repo/uart_rec_trans_1.0'.
INFO: [IP_Flow 19-1700] Loaded user IP repository '/home/saverio/zybo/ip_repo/uart_receiver_1.0'.
INFO: [IP_Flow 19-2313] Loaded Vivado IP repository '/opt/Xilinx/Vivado/2018.2/data/ip'.
Command: link_design -top uart_wrapper -part xc7z010clg400-1
Design is defaulting to srcset: sources_1
Design is defaulting to constrset: constrs_1
INFO: [Netlist 29-17] Analyzing 18 Unisim elements for replacement
INFO: [Netlist 29-28] Unisim Transformation completed in 0 CPU seconds
INFO: [Project 1-479] Netlist was created with Vivado 2018.2
INFO: [Device 21-403] Loading part xc7z010clg400-1
INFO: [Project 1-570] Preparing netlist for logic optimization
Parsing XDC File [/home/saverio/zybo/uart_ip/uart_ip.srcs/sources_1/bd/uart/ip/uart_processing_system7_0_0/uart_processing_system7_0_0.xdc] for cell 'uart_i/processing_system7_0/inst'
Finished Parsing XDC File [/home/saverio/zybo/uart_ip/uart_ip.srcs/sources_1/bd/uart/ip/uart_processing_system7_0_0/uart_processing_system7_0_0.xdc] for cell 'uart_i/processing_system7_0/inst'
Parsing XDC File [/home/saverio/zybo/uart_ip/uart_ip.srcs/sources_1/bd/uart/ip/uart_rst_ps7_0_100M_0/uart_rst_ps7_0_100M_0_board.xdc] for cell 'uart_i/rst_ps7_0_100M/U0'
Finished Parsing XDC File [/home/saverio/zybo/uart_ip/uart_ip.srcs/sources_1/bd/uart/ip/uart_rst_ps7_0_100M_0/uart_rst_ps7_0_100M_0_board.xdc] for cell 'uart_i/rst_ps7_0_100M/U0'
Parsing XDC File [/home/saverio/zybo/uart_ip/uart_ip.srcs/sources_1/bd/uart/ip/uart_rst_ps7_0_100M_0/uart_rst_ps7_0_100M_0.xdc] for cell 'uart_i/rst_ps7_0_100M/U0'
Finished Parsing XDC File [/home/saverio/zybo/uart_ip/uart_ip.srcs/sources_1/bd/uart/ip/uart_rst_ps7_0_100M_0/uart_rst_ps7_0_100M_0.xdc] for cell 'uart_i/rst_ps7_0_100M/U0'
INFO: [Opt 31-138] Pushed 0 inverter(s) to 0 load pin(s).
INFO: [Project 1-111] Unisim Transformation Summary:
No Unisim elements were transformed.

11 Infos, 0 Warnings, 0 Critical Warnings and 0 Errors encountered.
link_design completed successfully
link_design: Time (s): cpu = 00:00:10 ; elapsed = 00:00:23 . Memory (MB): peak = 1594.906 ; gain = 390.105 ; free physical = 3750 ; free virtual = 9678
Command: opt_design
Attempting to get a license for feature 'Implementation' and/or device 'xc7z010'
INFO: [Common 17-349] Got license for feature 'Implementation' and/or device 'xc7z010'
Running DRC as a precondition to command opt_design

Starting DRC Task
INFO: [DRC 23-27] Running DRC with 4 threads
INFO: [Project 1-461] DRC finished with 0 Errors
INFO: [Project 1-462] Please refer to the DRC report (report_drc) for more information.

Time (s): cpu = 00:00:01 ; elapsed = 00:00:01 . Memory (MB): peak = 1594.906 ; gain = 0.000 ; free physical = 3744 ; free virtual = 9673

Starting Cache Timing Information Task
INFO: [Timing 38-35] Done setting XDC timing constraints.
Ending Cache Timing Information Task | Checksum: 18307c6f6

Time (s): cpu = 00:00:08 ; elapsed = 00:00:18 . Memory (MB): peak = 1977.438 ; gain = 382.531 ; free physical = 3377 ; free virtual = 9306

Starting Logic Optimization Task

Phase 1 Retarget
INFO: [Opt 31-138] Pushed 0 inverter(s) to 0 load pin(s).
INFO: [Opt 31-49] Retargeted 0 cell(s).
Phase 1 Retarget | Checksum: 21d173b15

Time (s): cpu = 00:00:00.12 ; elapsed = 00:00:00.10 . Memory (MB): peak = 1977.438 ; gain = 0.000 ; free physical = 3378 ; free virtual = 9306
INFO: [Opt 31-389] Phase Retarget created 0 cells and removed 0 cells

Phase 2 Constant propagation
INFO: [Opt 31-138] Pushed 0 inverter(s) to 0 load pin(s).
Phase 2 Constant propagation | Checksum: 1f3a2f056

Time (s): cpu = 00:00:00.15 ; elapsed = 00:00:00.12 . Memory (MB): peak = 1977.438 ; gain = 0.000 ; free physical = 3378 ; free virtual = 9306
INFO: [Opt 31-389] Phase Constant propagation created 0 cells and removed 8 cells

Phase 3 Sweep
Phase 3 Sweep | Checksum: 2918e7018

Time (s): cpu = 00:00:00.39 ; elapsed = 00:00:00.37 . Memory (MB): peak = 1977.438 ; gain = 0.000 ; free physical = 3378 ; free virtual = 9306
INFO: [Opt 31-389] Phase Sweep created 0 cells and removed 389 cells

Phase 4 BUFG optimization
Phase 4 BUFG optimization | Checksum: 2918e7018

Time (s): cpu = 00:00:00.43 ; elapsed = 00:00:00.40 . Memory (MB): peak = 1977.438 ; gain = 0.000 ; free physical = 3378 ; free virtual = 9306
INFO: [Opt 31-662] Phase BUFG optimization created 0 cells of which 0 are BUFGs and removed 0 cells.

Phase 5 Shift Register Optimization
Phase 5 Shift Register Optimization | Checksum: 1b16d9740

Time (s): cpu = 00:00:00.58 ; elapsed = 00:00:00.52 . Memory (MB): peak = 1977.438 ; gain = 0.000 ; free physical = 3378 ; free virtual = 9307
INFO: [Opt 31-389] Phase Shift Register Optimization created 0 cells and removed 0 cells

Phase 6 Post Processing Netlist
Phase 6 Post Processing Netlist | Checksum: 1b16d9740

Time (s): cpu = 00:00:00.61 ; elapsed = 00:00:00.54 . Memory (MB): peak = 1977.438 ; gain = 0.000 ; free physical = 3378 ; free virtual = 9307
INFO: [Opt 31-389] Phase Post Processing Netlist created 0 cells and removed 0 cells

Starting Connectivity Check Task

Time (s): cpu = 00:00:00 ; elapsed = 00:00:00.01 . Memory (MB): peak = 1977.438 ; gain = 0.000 ; free physical = 3378 ; free virtual = 9307
Ending Logic Optimization Task | Checksum: 1b16d9740

Time (s): cpu = 00:00:00.62 ; elapsed = 00:00:00.56 . Memory (MB): peak = 1977.438 ; gain = 0.000 ; free physical = 3378 ; free virtual = 9307

Starting Power Optimization Task
INFO: [Pwropt 34-132] Skipping clock gating for clocks with a period < 2.00 ns.
Ending Power Optimization Task | Checksum: 1b16d9740

Time (s): cpu = 00:00:00 ; elapsed = 00:00:00.02 . Memory (MB): peak = 1977.438 ; gain = 0.000 ; free physical = 3378 ; free virtual = 9307

Starting Final Cleanup Task
Ending Final Cleanup Task | Checksum: 1b16d9740

Time (s): cpu = 00:00:00 ; elapsed = 00:00:00 . Memory (MB): peak = 1977.438 ; gain = 0.000 ; free physical = 3378 ; free virtual = 9307
INFO: [Common 17-83] Releasing license: Implementation
27 Infos, 0 Warnings, 0 Critical Warnings and 0 Errors encountered.
opt_design completed successfully
opt_design: Time (s): cpu = 00:00:10 ; elapsed = 00:00:19 . Memory (MB): peak = 1977.438 ; gain = 382.531 ; free physical = 3378 ; free virtual = 9307
INFO: [Timing 38-480] Writing timing data to binary archive.
Writing placer database...
Writing XDEF routing.
Writing XDEF routing logical nets.
Writing XDEF routing special nets.
Write XDEF Complete: Time (s): cpu = 00:00:00.12 ; elapsed = 00:00:00.04 . Memory (MB): peak = 2009.453 ; gain = 0.000 ; free physical = 3365 ; free virtual = 9295
INFO: [Common 17-1381] The checkpoint '/home/saverio/zybo/uart_ip/uart_ip.runs/impl_1/uart_wrapper_opt.dcp' has been generated.
INFO: [runtcl-4] Executing : report_drc -file uart_wrapper_drc_opted.rpt -pb uart_wrapper_drc_opted.pb -rpx uart_wrapper_drc_opted.rpx
Command: report_drc -file uart_wrapper_drc_opted.rpt -pb uart_wrapper_drc_opted.pb -rpx uart_wrapper_drc_opted.rpx
INFO: [DRC 23-27] Running DRC with 4 threads
INFO: [Coretcl 2-168] The results of DRC are in file /home/saverio/zybo/uart_ip/uart_ip.runs/impl_1/uart_wrapper_drc_opted.rpt.
report_drc completed successfully
Command: place_design
Attempting to get a license for feature 'Implementation' and/or device 'xc7z010'
INFO: [Common 17-349] Got license for feature 'Implementation' and/or device 'xc7z010'
INFO: [DRC 23-27] Running DRC with 4 threads
INFO: [Vivado_Tcl 4-198] DRC finished with 0 Errors
INFO: [Vivado_Tcl 4-199] Please refer to the DRC report (report_drc) for more information.
Running DRC as a precondition to command place_design
INFO: [DRC 23-27] Running DRC with 4 threads
INFO: [Vivado_Tcl 4-198] DRC finished with 0 Errors
INFO: [Vivado_Tcl 4-199] Please refer to the DRC report (report_drc) for more information.

Starting Placer Task
INFO: [Place 30-611] Multithreading enabled for place_design using a maximum of 4 CPUs

Phase 1 Placer Initialization

Phase 1.1 Placer Initialization Netlist Sorting
Netlist sorting complete. Time (s): cpu = 00:00:00 ; elapsed = 00:00:00 . Memory (MB): peak = 2065.480 ; gain = 0.000 ; free physical = 3364 ; free virtual = 9293
Phase 1.1 Placer Initialization Netlist Sorting | Checksum: 101ebd7cc

Time (s): cpu = 00:00:00 ; elapsed = 00:00:00.03 . Memory (MB): peak = 2065.480 ; gain = 0.000 ; free physical = 3364 ; free virtual = 9293
Netlist sorting complete. Time (s): cpu = 00:00:00 ; elapsed = 00:00:00 . Memory (MB): peak = 2065.480 ; gain = 0.000 ; free physical = 3364 ; free virtual = 9293

Phase 1.2 IO Placement/ Clock Placement/ Build Placer Device
INFO: [Timing 38-35] Done setting XDC timing constraints.
Phase 1.2 IO Placement/ Clock Placement/ Build Placer Device | Checksum: 178a1d139

Time (s): cpu = 00:00:01 ; elapsed = 00:00:01 . Memory (MB): peak = 2065.480 ; gain = 0.000 ; free physical = 3357 ; free virtual = 9300

Phase 1.3 Build Placer Netlist Model
Phase 1.3 Build Placer Netlist Model | Checksum: 13a54ed9a

Time (s): cpu = 00:00:01 ; elapsed = 00:00:01 . Memory (MB): peak = 2065.480 ; gain = 0.000 ; free physical = 3352 ; free virtual = 9296

Phase 1.4 Constrain Clocks/Macros
Phase 1.4 Constrain Clocks/Macros | Checksum: 13a54ed9a

Time (s): cpu = 00:00:01 ; elapsed = 00:00:01 . Memory (MB): peak = 2065.480 ; gain = 0.000 ; free physical = 3352 ; free virtual = 9296
Phase 1 Placer Initialization | Checksum: 13a54ed9a

Time (s): cpu = 00:00:01 ; elapsed = 00:00:01 . Memory (MB): peak = 2065.480 ; gain = 0.000 ; free physical = 3352 ; free virtual = 9296

Phase 2 Global Placement

Phase 2.1 Floorplanning
Phase 2.1 Floorplanning | Checksum: 1a62c4ffc

Time (s): cpu = 00:00:02 ; elapsed = 00:00:01 . Memory (MB): peak = 2065.480 ; gain = 0.000 ; free physical = 3352 ; free virtual = 9296

Phase 2.2 Physical Synthesis In Placer
INFO: [Physopt 32-65] No nets found for high-fanout optimization.
INFO: [Physopt 32-232] Optimized 0 net. Created 0 new instance.
INFO: [Physopt 32-775] End 1 Pass. Optimized 0 net or cell. Created 0 new cell, deleted 0 existing cell and moved 0 existing cell
Netlist sorting complete. Time (s): cpu = 00:00:00 ; elapsed = 00:00:00.01 . Memory (MB): peak = 2065.480 ; gain = 0.000 ; free physical = 3349 ; free virtual = 9292

Summary of Physical Synthesis Optimizations
============================================


-----------------------------------------------------------------------------------------------------------------------------
|  Optimization       |  Added Cells  |  Removed Cells  |  Optimized Cells/Nets  |  Dont Touch  |  Iterations  |  Elapsed   |
-----------------------------------------------------------------------------------------------------------------------------
|  Very High Fanout   |            0  |              0  |                     0  |           0  |           1  |  00:00:00  |
|  Total              |            0  |              0  |                     0  |           0  |           1  |  00:00:00  |
-----------------------------------------------------------------------------------------------------------------------------


Phase 2.2 Physical Synthesis In Placer | Checksum: 18eef21fc

Time (s): cpu = 00:00:04 ; elapsed = 00:00:02 . Memory (MB): peak = 2065.480 ; gain = 0.000 ; free physical = 3349 ; free virtual = 9292
Phase 2 Global Placement | Checksum: 12043b66c

Time (s): cpu = 00:00:04 ; elapsed = 00:00:02 . Memory (MB): peak = 2065.480 ; gain = 0.000 ; free physical = 3349 ; free virtual = 9292

Phase 3 Detail Placement

Phase 3.1 Commit Multi Column Macros
Phase 3.1 Commit Multi Column Macros | Checksum: 12043b66c

Time (s): cpu = 00:00:04 ; elapsed = 00:00:02 . Memory (MB): peak = 2065.480 ; gain = 0.000 ; free physical = 3349 ; free virtual = 9292

Phase 3.2 Commit Most Macros & LUTRAMs
Phase 3.2 Commit Most Macros & LUTRAMs | Checksum: 22c4e3cf6

Time (s): cpu = 00:00:04 ; elapsed = 00:00:02 . Memory (MB): peak = 2065.480 ; gain = 0.000 ; free physical = 3349 ; free virtual = 9292

Phase 3.3 Area Swap Optimization
Phase 3.3 Area Swap Optimization | Checksum: 203a7ec83

Time (s): cpu = 00:00:04 ; elapsed = 00:00:02 . Memory (MB): peak = 2065.480 ; gain = 0.000 ; free physical = 3349 ; free virtual = 9292

Phase 3.4 Pipeline Register Optimization
Phase 3.4 Pipeline Register Optimization | Checksum: 203a7ec83

Time (s): cpu = 00:00:04 ; elapsed = 00:00:02 . Memory (MB): peak = 2065.480 ; gain = 0.000 ; free physical = 3349 ; free virtual = 9292

Phase 3.5 Small Shape Detail Placement
Phase 3.5 Small Shape Detail Placement | Checksum: 190d7a384

Time (s): cpu = 00:00:04 ; elapsed = 00:00:03 . Memory (MB): peak = 2065.480 ; gain = 0.000 ; free physical = 3347 ; free virtual = 9290

Phase 3.6 Re-assign LUT pins
Phase 3.6 Re-assign LUT pins | Checksum: 1606df856

Time (s): cpu = 00:00:05 ; elapsed = 00:00:03 . Memory (MB): peak = 2065.480 ; gain = 0.000 ; free physical = 3347 ; free virtual = 9290

Phase 3.7 Pipeline Register Optimization
Phase 3.7 Pipeline Register Optimization | Checksum: 1606df856

Time (s): cpu = 00:00:05 ; elapsed = 00:00:03 . Memory (MB): peak = 2065.480 ; gain = 0.000 ; free physical = 3347 ; free virtual = 9290
Phase 3 Detail Placement | Checksum: 1606df856

Time (s): cpu = 00:00:05 ; elapsed = 00:00:03 . Memory (MB): peak = 2065.480 ; gain = 0.000 ; free physical = 3347 ; free virtual = 9290

Phase 4 Post Placement Optimization and Clean-Up

Phase 4.1 Post Commit Optimization
INFO: [Timing 38-35] Done setting XDC timing constraints.

Phase 4.1.1 Post Placement Optimization
Post Placement Optimization Initialization | Checksum: 1a23ed143

Phase 4.1.1.1 BUFG Insertion
INFO: [Place 46-31] BUFG insertion identified 0 candidate nets, 0 success, 0 skipped for placement/routing, 0 skipped for timing, 0 skipped for netlist change reason.
Phase 4.1.1.1 BUFG Insertion | Checksum: 1a23ed143

Time (s): cpu = 00:00:05 ; elapsed = 00:00:03 . Memory (MB): peak = 2065.480 ; gain = 0.000 ; free physical = 3348 ; free virtual = 9291
INFO: [Place 30-746] Post Placement Timing Summary WNS=4.527. For the most accurate timing information please run report_timing.
Phase 4.1.1 Post Placement Optimization | Checksum: f69ff3dc

Time (s): cpu = 00:00:05 ; elapsed = 00:00:03 . Memory (MB): peak = 2065.480 ; gain = 0.000 ; free physical = 3348 ; free virtual = 9291
Phase 4.1 Post Commit Optimization | Checksum: f69ff3dc

Time (s): cpu = 00:00:05 ; elapsed = 00:00:03 . Memory (MB): peak = 2065.480 ; gain = 0.000 ; free physical = 3348 ; free virtual = 9291

Phase 4.2 Post Placement Cleanup
Phase 4.2 Post Placement Cleanup | Checksum: f69ff3dc

Time (s): cpu = 00:00:05 ; elapsed = 00:00:03 . Memory (MB): peak = 2065.480 ; gain = 0.000 ; free physical = 3348 ; free virtual = 9291

Phase 4.3 Placer Reporting
Phase 4.3 Placer Reporting | Checksum: f69ff3dc

Time (s): cpu = 00:00:05 ; elapsed = 00:00:03 . Memory (MB): peak = 2065.480 ; gain = 0.000 ; free physical = 3348 ; free virtual = 9291

Phase 4.4 Final Placement Cleanup
Phase 4.4 Final Placement Cleanup | Checksum: 9dde8f3c

Time (s): cpu = 00:00:05 ; elapsed = 00:00:03 . Memory (MB): peak = 2065.480 ; gain = 0.000 ; free physical = 3348 ; free virtual = 9291
Phase 4 Post Placement Optimization and Clean-Up | Checksum: 9dde8f3c

Time (s): cpu = 00:00:05 ; elapsed = 00:00:03 . Memory (MB): peak = 2065.480 ; gain = 0.000 ; free physical = 3348 ; free virtual = 9291
Ending Placer Task | Checksum: 99dbf24a

Time (s): cpu = 00:00:05 ; elapsed = 00:00:03 . Memory (MB): peak = 2065.480 ; gain = 0.000 ; free physical = 3350 ; free virtual = 9293
INFO: [Common 17-83] Releasing license: Implementation
48 Infos, 0 Warnings, 0 Critical Warnings and 0 Errors encountered.
place_design completed successfully
INFO: [Timing 38-480] Writing timing data to binary archive.
Writing placer database...
Writing XDEF routing.
Writing XDEF routing logical nets.
Writing XDEF routing special nets.
Write XDEF Complete: Time (s): cpu = 00:00:00.35 ; elapsed = 00:00:00.11 . Memory (MB): peak = 2065.480 ; gain = 0.000 ; free physical = 3342 ; free virtual = 9288
INFO: [Common 17-1381] The checkpoint '/home/saverio/zybo/uart_ip/uart_ip.runs/impl_1/uart_wrapper_placed.dcp' has been generated.
INFO: [runtcl-4] Executing : report_io -file uart_wrapper_io_placed.rpt
report_io: Time (s): cpu = 00:00:00.10 ; elapsed = 00:00:00.12 . Memory (MB): peak = 2065.480 ; gain = 0.000 ; free physical = 3338 ; free virtual = 9281
INFO: [runtcl-4] Executing : report_utilization -file uart_wrapper_utilization_placed.rpt -pb uart_wrapper_utilization_placed.pb
report_utilization: Time (s): cpu = 00:00:00.07 ; elapsed = 00:00:00.10 . Memory (MB): peak = 2065.480 ; gain = 0.000 ; free physical = 3346 ; free virtual = 9290
INFO: [runtcl-4] Executing : report_control_sets -verbose -file uart_wrapper_control_sets_placed.rpt
report_control_sets: Time (s): cpu = 00:00:00.05 ; elapsed = 00:00:00.08 . Memory (MB): peak = 2065.480 ; gain = 0.000 ; free physical = 3346 ; free virtual = 9290
Command: route_design
Attempting to get a license for feature 'Implementation' and/or device 'xc7z010'
INFO: [Common 17-349] Got license for feature 'Implementation' and/or device 'xc7z010'
Running DRC as a precondition to command route_design
INFO: [DRC 23-27] Running DRC with 4 threads
INFO: [Vivado_Tcl 4-198] DRC finished with 0 Errors
INFO: [Vivado_Tcl 4-199] Please refer to the DRC report (report_drc) for more information.


Starting Routing Task
INFO: [Route 35-254] Multithreading enabled for route_design using a maximum of 4 CPUs
Checksum: PlaceDB: 6a3e9184 ConstDB: 0 ShapeSum: 2f9d60c6 RouteDB: 0

Phase 1 Build RT Design
Phase 1 Build RT Design | Checksum: 10ba643f5

Time (s): cpu = 00:00:08 ; elapsed = 00:00:07 . Memory (MB): peak = 2070.430 ; gain = 4.949 ; free physical = 3259 ; free virtual = 9202
Post Restoration Checksum: NetGraph: e0a8e380 NumContArr: 2afd6075 Constraints: 0 Timing: 0

Phase 2 Router Initialization

Phase 2.1 Create Timer
Phase 2.1 Create Timer | Checksum: 10ba643f5

Time (s): cpu = 00:00:08 ; elapsed = 00:00:07 . Memory (MB): peak = 2070.430 ; gain = 4.949 ; free physical = 3259 ; free virtual = 9202

Phase 2.2 Fix Topology Constraints
Phase 2.2 Fix Topology Constraints | Checksum: 10ba643f5

Time (s): cpu = 00:00:08 ; elapsed = 00:00:07 . Memory (MB): peak = 2084.430 ; gain = 18.949 ; free physical = 3244 ; free virtual = 9188

Phase 2.3 Pre Route Cleanup
Phase 2.3 Pre Route Cleanup | Checksum: 10ba643f5

Time (s): cpu = 00:00:08 ; elapsed = 00:00:07 . Memory (MB): peak = 2084.430 ; gain = 18.949 ; free physical = 3244 ; free virtual = 9188
 Number of Nodes with overlaps = 0

Phase 2.4 Update Timing
Phase 2.4 Update Timing | Checksum: fc33c9ad

Time (s): cpu = 00:00:09 ; elapsed = 00:00:07 . Memory (MB): peak = 2095.430 ; gain = 29.949 ; free physical = 3237 ; free virtual = 9180
INFO: [Route 35-416] Intermediate Timing Summary | WNS=4.587  | TNS=0.000  | WHS=-0.149 | THS=-16.889|

Phase 2 Router Initialization | Checksum: 16fc549f

Time (s): cpu = 00:00:09 ; elapsed = 00:00:07 . Memory (MB): peak = 2095.430 ; gain = 29.949 ; free physical = 3236 ; free virtual = 9180

Phase 3 Initial Routing
Phase 3 Initial Routing | Checksum: c1dad858

Time (s): cpu = 00:00:09 ; elapsed = 00:00:08 . Memory (MB): peak = 2095.430 ; gain = 29.949 ; free physical = 3237 ; free virtual = 9181

Phase 4 Rip-up And Reroute

Phase 4.1 Global Iteration 0
 Number of Nodes with overlaps = 87
 Number of Nodes with overlaps = 2
 Number of Nodes with overlaps = 0
INFO: [Route 35-416] Intermediate Timing Summary | WNS=4.678  | TNS=0.000  | WHS=N/A    | THS=N/A    |

Phase 4.1 Global Iteration 0 | Checksum: ff379de5

Time (s): cpu = 00:00:10 ; elapsed = 00:00:08 . Memory (MB): peak = 2095.430 ; gain = 29.949 ; free physical = 3239 ; free virtual = 9182

Phase 4.2 Global Iteration 1
 Number of Nodes with overlaps = 0
INFO: [Route 35-416] Intermediate Timing Summary | WNS=4.678  | TNS=0.000  | WHS=N/A    | THS=N/A    |

Phase 4.2 Global Iteration 1 | Checksum: 1bb764772

Time (s): cpu = 00:00:10 ; elapsed = 00:00:08 . Memory (MB): peak = 2095.430 ; gain = 29.949 ; free physical = 3239 ; free virtual = 9182
Phase 4 Rip-up And Reroute | Checksum: 1bb764772

Time (s): cpu = 00:00:10 ; elapsed = 00:00:08 . Memory (MB): peak = 2095.430 ; gain = 29.949 ; free physical = 3239 ; free virtual = 9182

Phase 5 Delay and Skew Optimization

Phase 5.1 Delay CleanUp
Phase 5.1 Delay CleanUp | Checksum: 1bb764772

Time (s): cpu = 00:00:10 ; elapsed = 00:00:08 . Memory (MB): peak = 2095.430 ; gain = 29.949 ; free physical = 3239 ; free virtual = 9182

Phase 5.2 Clock Skew Optimization
Phase 5.2 Clock Skew Optimization | Checksum: 1bb764772

Time (s): cpu = 00:00:10 ; elapsed = 00:00:08 . Memory (MB): peak = 2095.430 ; gain = 29.949 ; free physical = 3239 ; free virtual = 9182
Phase 5 Delay and Skew Optimization | Checksum: 1bb764772

Time (s): cpu = 00:00:10 ; elapsed = 00:00:08 . Memory (MB): peak = 2095.430 ; gain = 29.949 ; free physical = 3239 ; free virtual = 9182

Phase 6 Post Hold Fix

Phase 6.1 Hold Fix Iter

Phase 6.1.1 Update Timing
Phase 6.1.1 Update Timing | Checksum: 1d15efb04

Time (s): cpu = 00:00:10 ; elapsed = 00:00:08 . Memory (MB): peak = 2095.430 ; gain = 29.949 ; free physical = 3239 ; free virtual = 9182
INFO: [Route 35-416] Intermediate Timing Summary | WNS=4.829  | TNS=0.000  | WHS=0.050  | THS=0.000  |

Phase 6.1 Hold Fix Iter | Checksum: 1d61e481c

Time (s): cpu = 00:00:10 ; elapsed = 00:00:08 . Memory (MB): peak = 2095.430 ; gain = 29.949 ; free physical = 3239 ; free virtual = 9182
Phase 6 Post Hold Fix | Checksum: 1d61e481c

Time (s): cpu = 00:00:10 ; elapsed = 00:00:08 . Memory (MB): peak = 2095.430 ; gain = 29.949 ; free physical = 3239 ; free virtual = 9182

Phase 7 Route finalize

Router Utilization Summary
  Global Vertical Routing Utilization    = 0.288007 %
  Global Horizontal Routing Utilization  = 0.436121 %
  Routable Net Status*
  *Does not include unroutable nets such as driverless and loadless.
  Run report_route_status for detailed report.
  Number of Failed Nets               = 0
  Number of Unrouted Nets             = 0
  Number of Partially Routed Nets     = 0
  Number of Node Overlaps             = 0

Phase 7 Route finalize | Checksum: 165d3e687

Time (s): cpu = 00:00:10 ; elapsed = 00:00:08 . Memory (MB): peak = 2095.430 ; gain = 29.949 ; free physical = 3239 ; free virtual = 9182

Phase 8 Verifying routed nets

 Verification completed successfully
Phase 8 Verifying routed nets | Checksum: 165d3e687

Time (s): cpu = 00:00:10 ; elapsed = 00:00:08 . Memory (MB): peak = 2095.430 ; gain = 29.949 ; free physical = 3238 ; free virtual = 9181

Phase 9 Depositing Routes
Phase 9 Depositing Routes | Checksum: 1b199c4f6

Time (s): cpu = 00:00:11 ; elapsed = 00:00:08 . Memory (MB): peak = 2095.430 ; gain = 29.949 ; free physical = 3238 ; free virtual = 9181

Phase 10 Post Router Timing
INFO: [Route 35-57] Estimated Timing Summary | WNS=4.829  | TNS=0.000  | WHS=0.050  | THS=0.000  |

INFO: [Route 35-327] The final timing numbers are based on the router estimated timing analysis. For a complete and accurate timing signoff, please run report_timing_summary.
Phase 10 Post Router Timing | Checksum: 1b199c4f6

Time (s): cpu = 00:00:11 ; elapsed = 00:00:08 . Memory (MB): peak = 2095.430 ; gain = 29.949 ; free physical = 3238 ; free virtual = 9181
INFO: [Route 35-16] Router Completed Successfully

Time (s): cpu = 00:00:11 ; elapsed = 00:00:08 . Memory (MB): peak = 2095.430 ; gain = 29.949 ; free physical = 3253 ; free virtual = 9197

Routing Is Done.
INFO: [Common 17-83] Releasing license: Implementation
66 Infos, 0 Warnings, 0 Critical Warnings and 0 Errors encountered.
route_design completed successfully
route_design: Time (s): cpu = 00:00:13 ; elapsed = 00:00:10 . Memory (MB): peak = 2095.430 ; gain = 29.949 ; free physical = 3252 ; free virtual = 9195
INFO: [Timing 38-480] Writing timing data to binary archive.
Writing placer database...
Writing XDEF routing.
Writing XDEF routing logical nets.
Writing XDEF routing special nets.
Write XDEF Complete: Time (s): cpu = 00:00:00.40 ; elapsed = 00:00:00.11 . Memory (MB): peak = 2095.430 ; gain = 0.000 ; free physical = 3240 ; free virtual = 9188
INFO: [Common 17-1381] The checkpoint '/home/saverio/zybo/uart_ip/uart_ip.runs/impl_1/uart_wrapper_routed.dcp' has been generated.
INFO: [runtcl-4] Executing : report_drc -file uart_wrapper_drc_routed.rpt -pb uart_wrapper_drc_routed.pb -rpx uart_wrapper_drc_routed.rpx
Command: report_drc -file uart_wrapper_drc_routed.rpt -pb uart_wrapper_drc_routed.pb -rpx uart_wrapper_drc_routed.rpx
INFO: [DRC 23-27] Running DRC with 4 threads
INFO: [Coretcl 2-168] The results of DRC are in file /home/saverio/zybo/uart_ip/uart_ip.runs/impl_1/uart_wrapper_drc_routed.rpt.
report_drc completed successfully
INFO: [runtcl-4] Executing : report_methodology -file uart_wrapper_methodology_drc_routed.rpt -pb uart_wrapper_methodology_drc_routed.pb -rpx uart_wrapper_methodology_drc_routed.rpx
Command: report_methodology -file uart_wrapper_methodology_drc_routed.rpt -pb uart_wrapper_methodology_drc_routed.pb -rpx uart_wrapper_methodology_drc_routed.rpx
INFO: [Timing 38-35] Done setting XDC timing constraints.
INFO: [Timing 38-35] Done setting XDC timing constraints.
INFO: [DRC 23-133] Running Methodology with 4 threads
INFO: [Coretcl 2-1520] The results of Report Methodology are in file /home/saverio/zybo/uart_ip/uart_ip.runs/impl_1/uart_wrapper_methodology_drc_routed.rpt.
report_methodology completed successfully
INFO: [runtcl-4] Executing : report_power -file uart_wrapper_power_routed.rpt -pb uart_wrapper_power_summary_routed.pb -rpx uart_wrapper_power_routed.rpx
Command: report_power -file uart_wrapper_power_routed.rpt -pb uart_wrapper_power_summary_routed.pb -rpx uart_wrapper_power_routed.rpx
INFO: [Timing 38-35] Done setting XDC timing constraints.
Running Vector-less Activity Propagation...

Finished Running Vector-less Activity Propagation
78 Infos, 0 Warnings, 0 Critical Warnings and 0 Errors encountered.
report_power completed successfully
INFO: [runtcl-4] Executing : report_route_status -file uart_wrapper_route_status.rpt -pb uart_wrapper_route_status.pb
INFO: [runtcl-4] Executing : report_timing_summary -max_paths 10 -file uart_wrapper_timing_summary_routed.rpt -pb uart_wrapper_timing_summary_routed.pb -rpx uart_wrapper_timing_summary_routed.rpx -warn_on_violation 
INFO: [Timing 38-91] UpdateTimingParams: Speed grade: -1, Delay Type: min_max, Timing Stage: Requireds.
INFO: [Timing 38-191] Multithreading enabled for timing update using a maximum of 4 CPUs
INFO: [runtcl-4] Executing : report_incremental_reuse -file uart_wrapper_incremental_reuse_routed.rpt
INFO: [Vivado_Tcl 4-545] No incremental reuse to report, no incremental placement and routing data was found.
INFO: [runtcl-4] Executing : report_clock_utilization -file uart_wrapper_clock_utilization_routed.rpt
INFO: [runtcl-4] Executing : report_bus_skew -warn_on_violation -file uart_wrapper_bus_skew_routed.rpt -pb uart_wrapper_bus_skew_routed.pb -rpx uart_wrapper_bus_skew_routed.rpx
INFO: [Timing 38-91] UpdateTimingParams: Speed grade: -1, Delay Type: min_max, Timing Stage: Requireds.
INFO: [Timing 38-191] Multithreading enabled for timing update using a maximum of 4 CPUs
Command: write_bitstream -force uart_wrapper.bit
Attempting to get a license for feature 'Implementation' and/or device 'xc7z010'
INFO: [Common 17-349] Got license for feature 'Implementation' and/or device 'xc7z010'
Running DRC as a precondition to command write_bitstream
INFO: [DRC 23-27] Running DRC with 4 threads
INFO: [Vivado 12-3199] DRC finished with 0 Errors
INFO: [Vivado 12-3200] Please refer to the DRC report (report_drc) for more information.
INFO: [Designutils 20-2272] Running write_bitstream with 4 threads.
Loading data files...
Loading site data...
Loading route data...
Processing options...
Creating bitmap...
Creating bitstream...
Writing bitstream ./uart_wrapper.bit...
INFO: [Vivado 12-1842] Bitgen Completed Successfully.
INFO: [Project 1-120] WebTalk data collection is mandatory when using a WebPACK part without a full Vivado license. To see the specific WebTalk data collected for your design, open the usage_statistics_webtalk.html or usage_statistics_webtalk.xml file in the implementation directory.
INFO: [Common 17-83] Releasing license: Implementation
96 Infos, 0 Warnings, 0 Critical Warnings and 0 Errors encountered.
write_bitstream completed successfully
write_bitstream: Time (s): cpu = 00:00:09 ; elapsed = 00:02:19 . Memory (MB): peak = 2450.539 ; gain = 293.445 ; free physical = 3250 ; free virtual = 9185
INFO: [Common 17-206] Exiting Vivado at Mon Apr 15 23:16:16 2019...
