Copyright 1986-2018 Xilinx, Inc. All Rights Reserved.
------------------------------------------------------------------------------------
| Tool Version : Vivado v.2018.3 (lin64) Build 2405991 Thu Dec  6 23:36:41 MST 2018
| Date         : Tue Apr 16 12:47:26 2019
| Host         : michele-G5-5587 running 64-bit Ubuntu 18.04.2 LTS
| Command      : upgrade_ip
| Device       : xc7z010clg400-1
------------------------------------------------------------------------------------

Upgrade Log for IP 'design_1_myip_led_switch_0_0'

1. Summary
----------

SUCCESS in the upgrade of design_1_myip_led_switch_0_0 (user.org:user:myip_led_switch:1.0) from (Rev. 3) to (Rev. 6)






Copyright 1986-2018 Xilinx, Inc. All Rights Reserved.
------------------------------------------------------------------------------------
| Tool Version : Vivado v.2018.3 (lin64) Build 2405991 Thu Dec  6 23:36:41 MST 2018
| Date         : Tue Apr 16 12:31:04 2019
| Host         : michele-G5-5587 running 64-bit Ubuntu 18.04.2 LTS
| Command      : upgrade_ip
| Device       : xc7z010clg400-1
------------------------------------------------------------------------------------

Upgrade Log for IP 'design_1_myip_led_switch_0_0'

1. Summary
----------

SUCCESS in the upgrade of design_1_myip_led_switch_0_0 (user.org:user:myip_led_switch:1.0) from (Rev. 2) to (Rev. 3)

