13:32:19 **** Auto Build of configuration Debug for project uart ****
make pre-build main-build 
a9-linaro-pre-build-step
 
Building file: ../src/myuart.c
Invoking: ARM v7 gcc compiler
arm-none-eabi-gcc -Wall -O0 -g3 -c -fmessage-length=0 -MT"src/myuart.o" -mcpu=cortex-a9 -mfpu=vfpv3 -mfloat-abi=hard -I../../uart_bsp/ps7_cortexa9_0/include -MMD -MP -MF"src/myuart.d" -MT"src/myuart.o" -o "src/myuart.o" "../src/myuart.c"
../src/myuart.c: In function 'UART_GlobalEnableInterrupt':
../src/myuart.c:39:6: warning: variable 'Register' set but not used [-Wunused-but-set-variable]
  u32 Register;
      ^~~~~~~~
../src/myuart.c: In function 'UART_EnableInterrupt':
../src/myuart.c:89:6: warning: variable 'Register' set but not used [-Wunused-but-set-variable]
  u32 Register;
      ^~~~~~~~
../src/myuart.c: In function 'UART_ACK':
../src/myuart.c:147:2: warning: implicit declaration of function 'usleep' [-Wimplicit-function-declaration]
  usleep(100);
  ^~~~~~
../src/myuart.c:143:6: warning: variable 'Register' set but not used [-Wunused-but-set-variable]
  u32 Register;
      ^~~~~~~~
Finished building: ../src/myuart.c
 
Building target: uart.elf
Invoking: ARM v7 gcc linker
arm-none-eabi-gcc -mcpu=cortex-a9 -mfpu=vfpv3 -mfloat-abi=hard -Wl,-build-id=none -specs=Xilinx.spec -Wl,-T -Wl,../src/lscript.ld -L../../uart_bsp/ps7_cortexa9_0/lib -o "uart.elf"  ./src/main.o ./src/myuart.o   -Wl,--start-group,-lxil,-lgcc,-lc,--end-group
Finished building target: uart.elf
 
Invoking: ARM v7 Print Size
arm-none-eabi-size uart.elf  |tee "uart.elf.size"
   text	   data	    bss	    dec	    hex	filename
  75504	   3356	  23392	 102252	  18f6c	uart.elf
Finished building: uart.elf.size
 

13:32:19 Build Finished (took 565ms)

